


materialPath: C:\Program Files (x86)\Steam\steamapps\common\Counter-Strike Global Offensive\csgo\materials
Loading g:\documents\github\csgo-maps\rox\de_rox.vmf
Map revision 1
fixing up env_cubemap materials on brush sides...
0...1...2...3...4...5...6...7...8...9...100...1...2...3...4...5...6...7...8...9...10Processing areas...done (0)
Building Faces...done (0)
FixTjuncs...
PruneNodes...
WriteBSP...
done (0)
writing g:\documents\github\csgo-maps\rox\de_rox.prt...Building visibility clusters...
AutoVisClustering (threshold=-1) matched 0 leafs.
done (0)
Finding displacement neighbors...
Finding lightmap sample positions...
Displacement Alpha : 0...1...2...3...4...5...6...7...8...9...10
Building Physics collision data...
done (0) (2965 bytes)
Placing detail props : 0...1...2...3...4...5...6...7...8...9...10
Compacting texture/material tables...
Reduced 14 texinfos to 7
Reduced 3 texdatas to 3 (54 bytes to 54)
Writing g:\documents\github\csgo-maps\rox\de_rox.bsp
MSG_FILEWRITE - Filesystem was asked to write to 'g:\documents\github\csgo-maps\rox\de_rox.bsp', but we don't own that location. Allowing...
0 seconds elapsed



16 threads
reading g:\documents\github\csgo-maps\rox\de_rox.bsp
reading g:\documents\github\csgo-maps\rox\de_rox.prt
  68 portalclusters
 141 numportals
0...1...2...3...4...5...6...7...8...9...10Optimized: 0 visible clusters (0.00%)
Total clusters visible: 4504
Average clusters visible: 66
Building PAS...
Average clusters audible: 68
visdatasize:1772  compressed from 2176
writing g:\documents\github\csgo-maps\rox\de_rox.bsp
MSG_FILEWRITE - Filesystem was asked to write to 'g:\documents\github\csgo-maps\rox\de_rox.bsp', but we don't own that location. Allowing...
0 seconds elapsed



[Reading texlights from 'lights.rad']
[40 texlights parsed from 'lights.rad']

Loading g:\documents\github\csgo-maps\rox\de_rox.bsp
228 faces
967795 square feet [139362480.00 square inches]
0 Displacements
0 Square Feet [0.00 Square Inches]
228 patches before subdivision
8436 patches after subdivision
2 direct lights
0...1...2...3...4...5...6...7...8...9...100...1...2...3...4...5...6...7...8...9...10transfers 6808, max 86
transfer lists:   0.1 megs
0...1...2...3...4...5...6...7...8...9...10	Bounce #1 added RGB(0, 0, 0)
Build Patch/Sample Hash Table(s).....Done<0.0019 sec>
0...1...2...3...4...5...6...7...8...9...10FinalLightFace Done
0 of 0 (0% of) surface lights went in leaf ambient cubes.
0...1...2...3...4...5...6...7...8...9...10Writing leaf ambient...done
Ready to Finish

Object names       Objects/Maxobjs  Memory / Maxmem  Fullness 
------------       ---------------  ---------------  -------- 
models                   1/1024           48/49152    ( 0.1%) 
brushes                  7/8192           84/98304    ( 0.1%) 
brushsides              52/81920         416/655360   ( 0.1%) 
planes                 124/65536        2480/1310720  ( 0.2%) 
vertexes               323/65536        3876/786432   ( 0.5%) 
nodes                  225/65536        7200/2097152  ( 0.3%) 
texinfos                 7/12288         504/884736   ( 0.1%) 
texdata                  3/4096           96/131072   ( 0.1%) 
dispinfos                0/0               0/0        ( 0.0%) 
disp_verts               0/0               0/0        ( 0.0%) 
disp_tris                0/0               0/0        ( 0.0%) 
disp_multiblend          0/0               0/0        ( 0.0%) 
disp_lmsamples           0/0               0/0        ( 0.0%) 
faces                  228/65536       12768/3670016  ( 0.3%) 
hdr faces                0/65536           0/3670016  ( 0.0%) 
origfaces               11/65536         616/3670016  ( 0.0%) 
facebrushes              0/0               0/0        ( 0.0%) 
facebrushlists         228/0             912/0        ( 0.0%) 
leaves                 227/65536        7264/2097152  ( 0.3%) 
leaffaces              233/65536         466/131072   ( 0.4%) 
leafbrushes            160/65536         320/131072   ( 0.2%) 
areas                    2/1024           16/8192     ( 0.2%) 
surfedges             1092/512000       4368/2048000  ( 0.2%) 
edges                  561/256000       2244/1024000  ( 0.2%) 
LDR worldlights          2/8192          200/819200   ( 0.0%) 
HDR worldlights          0/8192            0/819200   ( 0.0%) 
leafwaterdata            0/32768           0/393216   ( 0.0%) 
waterstrips             21/32768         210/327680   ( 0.1%) 
waterverts               0/65536           0/786432   ( 0.0%) 
waterindices           261/65536         522/131072   ( 0.4%) 
cubemapsamples           1/1024           16/16384    ( 0.1%) 
overlays                 0/1024            0/360448   ( 0.0%) 
LDR lightdata         [variable]      345608/0        ( 0.0%) 
HDR lightdata         [variable]           0/0        ( 0.0%) 
visdata               [variable]        1772/16777216 ( 0.0%) 
entdata               [variable]        1559/393216   ( 0.4%) 
LDR ambient table      227/65536         908/262144   ( 0.3%) 
HDR ambient table      227/65536         908/262144   ( 0.3%) 
LDR leaf ambient       367/65536       10276/1835008  ( 0.6%) 
HDR leaf ambient       227/65536        6356/1835008  ( 0.3%) 
occluders                0/0               0/0        ( 0.0%) 
occluder polygons        0/0               0/0        ( 0.0%) 
occluder vert ind        0/0               0/0        ( 0.0%) 
detail props          [variable]           1/12       ( 8.3%) 
static props          [variable]           1/12       ( 8.3%) 
pakfile               [variable]      148778/0        ( 0.0%) 
physics               [variable]        2965/4194304  ( 0.1%) 
physics terrain       [variable]           2/1048576  ( 0.0%) 

Level flags = 7c

Total triangle count: 592
Writing g:\documents\github\csgo-maps\rox\de_rox.bsp
MSG_FILEWRITE - Filesystem was asked to write to 'g:\documents\github\csgo-maps\rox\de_rox.bsp', but we don't own that location. Allowing...
1 second elapsed
