PRT1
220
735
4 0 2 (1540.300171 2048 -5157.120117 ) (1540.300171 2048 557.021973 ) (1024 2048 557.021973 ) (1024 2048 -5157.120117 ) 
4 0 1 (1024 2048 -5157.120117 ) (1024 2048 557.021973 ) (1024 2430.669922 557.021973 ) (1024 2430.669922 -5157.120117 ) 
4 1 7 (0 2048 -5157.120117 ) (0 2048 557.021973 ) (0 2430.669922 557.021973 ) (0 2430.669922 -5157.120117 ) 
4 1 6 (1024 2048 -5157.120117 ) (1024 2048 -975 ) (0 2048 -975 ) (0 2048 -5157.120117 ) 
4 1 4 (635 2048 557.021973 ) (0 2048 557.021973 ) (0 2048 -975 ) (635 2048 -975 ) 
4 1 3 (1024 2048 -975 ) (1024 2048 557.021973 ) (635 2048 557.021973 ) (635 2048 -975 ) 
4 2 43 (1540.300171 1024 -5157.120117 ) (1540.300171 1024 557.021973 ) (1024 1024 557.021973 ) (1024 1024 -5157.120117 ) 
4 2 6 (1024 2048 -975 ) (1024 2048 -5157.120117 ) (1024 1024 -5157.120117 ) (1024 1024 -975 ) 
4 2 3 (1024 2048 557.021973 ) (1024 2048 -975 ) (1024 1024 -975 ) (1024 1024 557.021973 ) 
4 3 88 (1024 1024 -975 ) (1024 1024 -956 ) (635 1024 -956 ) (635 1024 -975 ) 
4 3 86 (646 1024 -953.974976 ) (635 1024 -953.974976 ) (635 1024 -956 ) (646 1024 -956 ) 
4 3 85 (1024 1024 -956 ) (1024 1024 -953.974976 ) (646 1024 -953.974976 ) (646 1024 -956 ) 
4 3 46 (646 1024 -820 ) (635 1024 -820 ) (635 1024 -953.974976 ) (646 1024 -953.974976 ) 
4 3 45 (1024 1024 -953.974976 ) (1024 1024 -820 ) (646 1024 -820 ) (646 1024 -953.974976 ) 
4 3 44 (1024 1024 -820 ) (1024 1024 557.021973 ) (635 1024 557.021973 ) (635 1024 -820 ) 
4 3 6 (1024 2048 -975 ) (1024 1024 -975 ) (635 1024 -975 ) (635 2048 -975 ) 
4 3 5 (635 1024 -953.974976 ) (635 1024 557.021973 ) (635 1281 557.021973 ) (635 1281 -953.974976 ) 
4 3 4 (635 2048 -975 ) (635 1281 -975 ) (635 1281 557.021973 ) (635 2048 557.021973 ) 
4 4 20 (0 2048 -953.974976 ) (0 2048 -975 ) (0 1281 -975 ) (0 1281 -953.974976 ) 
4 4 10 (0 2048 -820 ) (0 2048 -953.974976 ) (0 1281 -953.974976 ) (0 1281 -820 ) 
4 4 9 (0 1281 557.021973 ) (0 2048 557.021973 ) (0 2048 -820 ) (0 1281 -820 ) 
4 4 6 (0 1281 -975 ) (0 2048 -975 ) (635 2048 -975 ) (635 1281 -975 ) 
4 4 5 (635 1281 -953.974976 ) (635 1281 557.021973 ) (0 1281 557.021973 ) (0 1281 -953.974976 ) 
4 5 48 (0 1024 -820 ) (0 1024 -953.974976 ) (627 1024 -953.974976 ) (627 1024 -820 ) 
4 5 46 (627 1024 -953.974976 ) (635 1024 -953.974976 ) (635 1024 -820 ) (627 1024 -820 ) 
4 5 44 (635 1024 557.021973 ) (0 1024 557.021973 ) (0 1024 -820 ) (635 1024 -820 ) 
4 5 11 (0 1024 -953.974976 ) (0 1024 -820 ) (0 1261 -820 ) (0 1261 -953.974976 ) 
4 5 10 (0 1261 -820 ) (0 1281 -820 ) (0 1281 -953.974976 ) (0 1261 -953.974976 ) 
4 5 9 (0 1024 -820 ) (0 1024 557.021973 ) (0 1281 557.021973 ) (0 1281 -820 ) 
4 6 89 (635 1024 -975 ) (0 1024 -975 ) (0 1024 -5157.120117 ) (635 1024 -5157.120117 ) 
4 6 88 (1024 1024 -5157.120117 ) (1024 1024 -975 ) (635 1024 -975 ) (635 1024 -5157.120117 ) 
4 6 21 (0 1024 -5157.120117 ) (0 1024 -975 ) (0 1281 -975 ) (0 1281 -5157.120117 ) 
4 6 20 (0 1281 -975 ) (0 2048 -975 ) (0 2048 -5157.120117 ) (0 1281 -5157.120117 ) 
4 7 20 (0 2048 -5157.120117 ) (0 2048 -953.974976 ) (-1024 2048 -953.974976 ) (-1024 2048 -5157.120117 ) 
4 7 13 (-243 2048 -820 ) (-1024 2048 -820 ) (-1024 2048 -953.974976 ) (-243 2048 -953.974976 ) 
4 7 10 (0 2048 -953.974976 ) (0 2048 -820 ) (-243 2048 -820 ) (-243 2048 -953.974976 ) 
4 7 9 (0 2048 -820 ) (0 2048 557.021973 ) (-1024 2048 557.021973 ) (-1024 2048 -820 ) 
4 7 8 (-1024 2048 -5157.120117 ) (-1024 2048 557.021973 ) (-1024 2430.669922 557.021973 ) (-1024 2430.669922 -5157.120117 ) 
4 8 42 (-1024 2048 -5157.120117 ) (-1024 2048 -975 ) (-2009.340088 2048 -975 ) (-2009.340088 2048 -5157.120117 ) 
4 8 40 (-1024 2048 -975 ) (-1024 2048 -953.974976 ) (-1343 2048 -953.974976 ) (-1343 2048 -975 ) 
4 8 41 (-1343 2048 -953.974976 ) (-2009.340088 2048 -953.974976 ) (-2009.340088 2048 -975 ) (-1343 2048 -975 ) 
4 8 23 (-1024 2048 -953.974976 ) (-1024 2048 -815 ) (-2009.340088 2048 -815 ) (-2009.340088 2048 -953.974976 ) 
4 8 22 (-1024 2048 -815 ) (-1024 2048 557.021973 ) (-2009.340088 2048 557.021973 ) (-2009.340088 2048 -815 ) 
4 9 97 (0 1024 -820 ) (0 1024 557.021973 ) (-1024 1024 557.021973 ) (-1024 1024 -820 ) 
4 9 32 (-1024 1046.030029 -820 ) (-1024 1024 -820 ) (-1024 1024 -815 ) (-1024 1046.030029 -815 ) 
4 9 29 (-1024 1166 -820 ) (-1024 1046.030029 -820 ) (-1024 1046.030029 -815 ) (-1024 1166 -815 ) 
4 9 24 (-1024 1182 -820 ) (-1024 1166 -820 ) (-1024 1166 -815 ) (-1024 1182 -815 ) 
4 9 23 (-1024 2048 -815 ) (-1024 2048 -820 ) (-1024 1182 -820 ) (-1024 1182 -815 ) 
4 9 22 (-1024 2048 557.021973 ) (-1024 2048 -815 ) (-1024 1024 -815 ) (-1024 1024 557.021973 ) 
4 9 18 (-562 1165 -820 ) (-562 1166 -820 ) (-552 1166 -820 ) (-552 1165 -820 ) 
4 9 17 (-464 1024 -820 ) (-552 1024 -820 ) (-552 1166 -820 ) (-464 1166 -820 ) 
4 9 19 (-562 1024 -820 ) (-1024 1024 -820 ) (-1024 1166 -820 ) (-562 1166 -820 ) 
4 9 16 (-454 1024 -820 ) (-464 1024 -820 ) (-464 1059 -820 ) (-454 1059 -820 ) 
4 9 15 (-385 1024 -820 ) (-454 1024 -820 ) (-454 1166 -820 ) (-385 1166 -820 ) 
4 9 14 (-243 1024 -820 ) (-375 1024 -820 ) (-375 1166 -820 ) (-243 1166 -820 ) 
4 9 13 (-1024 1182 -820 ) (-1024 2048 -820 ) (-243 2048 -820 ) (-243 1182 -820 ) 
4 9 11 (0 1024 -820 ) (-71 1024 -820 ) (-71 1261 -820 ) (0 1261 -820 ) 
4 9 12 (-85 1024 -820 ) (-226 1024 -820 ) (-226 1261 -820 ) (-85 1261 -820 ) 
4 9 10 (-243 1261 -820 ) (-243 2048 -820 ) (0 2048 -820 ) (0 1261 -820 ) 
4 10 20 (-243 2048 -953.974976 ) (0 2048 -953.974976 ) (0 1281 -953.974976 ) (-243 1281 -953.974976 ) 
4 10 13 (-243 2048 -953.974976 ) (-243 1261 -953.974976 ) (-243 1261 -820 ) (-243 2048 -820 ) 
4 10 11 (-71 1261 -953.974976 ) (0 1261 -953.974976 ) (0 1261 -820 ) (-71 1261 -820 ) 
4 10 12 (-226 1261 -953.974976 ) (-85 1261 -953.974976 ) (-85 1261 -820 ) (-226 1261 -820 ) 
4 11 98 (0 1024 -953.974976 ) (0 1024 -820 ) (-71 1024 -820 ) (-71 1024 -953.974976 ) 
4 12 99 (-85 1024 -820 ) (-226 1024 -820 ) (-226 1024 -953.974976 ) (-85 1024 -953.974976 ) 
4 13 23 (-1024 2048 -820 ) (-1024 2048 -953.974976 ) (-1024 1182 -953.974976 ) (-1024 1182 -820 ) 
4 13 20 (-1024 2048 -953.974976 ) (-243 2048 -953.974976 ) (-243 1281 -953.974976 ) (-1024 1281 -953.974976 ) 
4 14 101 (-243 1024 -820 ) (-375 1024 -820 ) (-375 1024 -953.974976 ) (-243 1024 -953.974976 ) 
4 15 103 (-385 1024 -820 ) (-454 1024 -820 ) (-454 1024 -953.974976 ) (-385 1024 -953.974976 ) 
4 15 16 (-454 1059 -953.974976 ) (-454 1024 -953.974976 ) (-454 1024 -820 ) (-454 1059 -820 ) 
4 16 103 (-454 1024 -820 ) (-464 1024 -820 ) (-464 1024 -953.974976 ) (-454 1024 -953.974976 ) 
4 16 17 (-464 1059 -953.974976 ) (-464 1024 -953.974976 ) (-464 1024 -820 ) (-464 1059 -820 ) 
4 17 103 (-464 1024 -820 ) (-552 1024 -820 ) (-552 1024 -953.974976 ) (-464 1024 -953.974976 ) 
4 17 18 (-552 1166 -820 ) (-552 1166 -953.974976 ) (-552 1165 -953.974976 ) (-552 1165 -820 ) 
4 18 19 (-562 1166 -820 ) (-562 1166 -953.974976 ) (-562 1165 -953.974976 ) (-562 1165 -820 ) 
4 19 105 (-562 1024 -820 ) (-1024 1024 -820 ) (-1024 1024 -953.974976 ) (-562 1024 -953.974976 ) 
4 19 32 (-1024 1046.030029 -953.974976 ) (-1024 1024 -953.974976 ) (-1024 1024 -820 ) (-1024 1046.030029 -820 ) 
4 19 29 (-1024 1166 -953.974976 ) (-1024 1046.030029 -953.974976 ) (-1024 1046.030029 -820 ) (-1024 1166 -820 ) 
4 20 42 (-1024 2048 -975 ) (-1024 2048 -5157.120117 ) (-1024 1281 -5157.120117 ) (-1024 1281 -975 ) 
4 20 40 (-1024 2048 -953.974976 ) (-1024 2048 -975 ) (-1024 1281 -975 ) (-1024 1281 -953.974976 ) 
4 20 21 (-1024 1281 -5157.120117 ) (0 1281 -5157.120117 ) (0 1281 -975 ) (-1024 1281 -975 ) 
4 21 165 (0 1024 -5157.120117 ) (0 1024 -975 ) (-1024 1024 -975 ) (-1024 1024 -5157.120117 ) 
4 21 42 (-1024 1281 -5157.120117 ) (-1024 1024 -5157.120117 ) (-1024 1024 -975 ) (-1024 1281 -975 ) 
4 22 166 (-1024 1024 -815 ) (-1024 1024 557.021973 ) (-2009.340088 1024 557.021973 ) (-2009.340088 1024 -815 ) 
4 22 36 (-2009.340088 1024 -815 ) (-2009.340088 1166 -815 ) (-1082 1166 -815 ) (-1082 1024 -815 ) 
4 22 34 (-1053 1024 -815 ) (-1059 1024 -815 ) (-1059 1043.969971 -815 ) (-1053 1043.969971 -815 ) 
4 22 32 (-1024 1046.030029 -815 ) (-1024 1024 -815 ) (-1053 1024 -815 ) (-1053 1046.030029 -815 ) 
4 22 35 (-1059 1024 -815 ) (-1082 1024 -815 ) (-1082 1046.030029 -815 ) (-1059 1046.030029 -815 ) 
4 22 30 (-1082 1166 -815 ) (-1034 1166 -815 ) (-1034 1111 -815 ) (-1082 1111 -815 ) 
4 22 31 (-1034 1111 -815 ) (-1034 1046.030029 -815 ) (-1082 1046.030029 -815 ) (-1082 1111 -815 ) 
4 22 29 (-1034 1166 -815 ) (-1024 1166 -815 ) (-1024 1046.030029 -815 ) (-1034 1046.030029 -815 ) 
4 22 24 (-2009.340088 1166 -815 ) (-2009.340088 1182 -815 ) (-1024 1182 -815 ) (-1024 1166 -815 ) 
4 22 23 (-2009.340088 1182 -815 ) (-2009.340088 2048 -815 ) (-1024 2048 -815 ) (-1024 1182 -815 ) 
4 23 40 (-1343 2048 -953.974976 ) (-1024 2048 -953.974976 ) (-1024 1281 -953.974976 ) (-1343 1281 -953.974976 ) 
4 23 41 (-2009.340088 2048 -953.974976 ) (-1343 2048 -953.974976 ) (-1343 1182 -953.974976 ) (-2009.340088 1182 -953.974976 ) 
4 23 27 (-1257.236084 1182 -953.974976 ) (-1257 1182 -953.974976 ) (-1257 1182 -903 ) (-1257.236206 1182 -903 ) 
4 23 26 (-2009.340088 1182 -903 ) (-2009.340088 1182 -953.974976 ) (-1257.236084 1182 -953.974976 ) (-1257.236206 1182 -903 ) 
4 23 25 (-2009.340088 1182 -820 ) (-2009.340088 1182 -903 ) (-1257 1182 -903 ) (-1257 1182 -820 ) 
4 23 24 (-1024 1182 -815 ) (-2009.340088 1182 -815 ) (-2009.340088 1182 -820 ) (-1024 1182 -820 ) 
4 24 36 (-1082 1166 -815 ) (-2009.340088 1166 -815 ) (-2009.340088 1166 -820 ) (-1082 1166 -820 ) 
4 24 30 (-1034 1166 -815 ) (-1082 1166 -815 ) (-1082 1166 -820 ) (-1034 1166 -820 ) 
4 24 29 (-1024 1166 -815 ) (-1034 1166 -815 ) (-1034 1166 -820 ) (-1024 1166 -820 ) 
4 24 25 (-1257 1166 -820 ) (-2009.340088 1166 -820 ) (-2009.340088 1182 -820 ) (-1257 1182 -820 ) 
4 25 36 (-2009.340088 1166 -820 ) (-2009.340088 1166 -903 ) (-1257 1166 -903 ) (-1257 1166 -820 ) 
4 25 28 (-1257 1171.815430 -903 ) (-1257 1166 -903 ) (-1258.330444 1166 -903 ) (-1257.920044 1172 -903 ) 
4 25 27 (-1257.236084 1182 -903 ) (-1257 1182 -903 ) (-1257 1171.815430 -903 ) (-1257.920044 1172 -903 ) 
4 25 26 (-2009.340088 1182 -903 ) (-1257.236084 1182 -903 ) (-1258.330444 1166 -903 ) (-2009.340088 1166 -903 ) 
4 26 41 (-1343 1166 -953.974976 ) (-2009.340088 1166 -953.974976 ) (-2009.340088 1182 -953.974976 ) (-1343 1182 -953.974976 ) 
4 26 37 (-2009.340088 1166 -903 ) (-2009.340088 1166 -953.974976 ) (-1258.330566 1166 -953.974976 ) (-1258.330444 1166 -903 ) 
4 26 28 (-1257.919556 1172 -903 ) (-1258.329956 1166 -903 ) (-1258.329956 1166 -953.974976 ) (-1257.919556 1172 -953.974976 ) 
4 26 27 (-1257.235596 1182 -953.974976 ) (-1257.235596 1182 -903 ) (-1257.919556 1172 -903 ) (-1257.919556 1172 -953.974976 ) 
4 27 28 (-1257.919922 1172 -903 ) (-1257.919922 1172 -953.974976 ) (-1257 1171.815430 -953.974976 ) (-1257 1171.815430 -903 ) 
4 28 39 (-1258.330566 1166 -953.974976 ) (-1257 1166 -953.974976 ) (-1257 1166 -903 ) (-1258.330444 1166 -903 ) 
4 29 32 (-1034 1046.030029 -953.974976 ) (-1024 1046.030029 -953.974976 ) (-1024 1046.030029 -815 ) (-1034 1046.030029 -815 ) 
4 29 30 (-1034 1166 -815 ) (-1034 1166 -820 ) (-1034 1111 -820 ) (-1034 1111 -815 ) 
4 29 31 (-1034 1111 -953.974976 ) (-1034 1046.030029 -953.974976 ) (-1034 1046.030029 -815 ) (-1034 1111 -815 ) 
4 30 36 (-1082 1166 -815 ) (-1082 1166 -820 ) (-1082 1111 -820 ) (-1082 1111 -815 ) 
4 30 31 (-1082 1111 -815 ) (-1082 1111 -820 ) (-1034 1111 -820 ) (-1034 1111 -815 ) 
4 31 38 (-1082 1111 -953.974976 ) (-1082 1046.030029 -953.974976 ) (-1082 1046.030029 -903 ) (-1082 1111 -903 ) 
4 31 36 (-1082 1046.030029 -903 ) (-1082 1046.030029 -815 ) (-1082 1111 -815 ) (-1082 1111 -903 ) 
4 31 33 (-1059 1046.030029 -953.974976 ) (-1053 1046.030029 -953.974976 ) (-1053 1046.030029 -948.828003 ) (-1059 1046.030029 -948.828003 ) 
4 31 32 (-1053 1046.030029 -953.974976 ) (-1034 1046.030029 -953.974976 ) (-1034 1046.030029 -815 ) (-1053 1046.030029 -815 ) 
4 31 35 (-1082 1046.030029 -815 ) (-1082 1046.030029 -953.974976 ) (-1059 1046.030029 -953.974976 ) (-1059 1046.030029 -815 ) 
4 32 171 (-1030 1024 -815 ) (-1053 1024 -815 ) (-1053 1024 -953.974976 ) (-1030 1024 -953.974976 ) 
4 32 170 (-1029.219971 1024 -815 ) (-1030 1024 -815 ) (-1030 1024 -953.974976 ) (-1029.219971 1024 -953.974976 ) 
4 32 167 (-1024 1024 -953.974976 ) (-1024 1024 -815 ) (-1029.219971 1024 -815 ) (-1029.219971 1024 -953.974976 ) 
4 32 33 (-1053 1046.030029 -948.828003 ) (-1053 1046.030029 -953.974976 ) (-1053 1043.969971 -953.974976 ) (-1053 1043.969971 -948.828003 ) 
4 32 34 (-1053 1043.969971 -953.974976 ) (-1053 1024 -953.974976 ) (-1053 1024 -815 ) (-1053 1043.969971 -815 ) 
4 33 34 (-1059 1043.969971 -948.828003 ) (-1059 1043.969971 -953.974976 ) (-1053 1043.969971 -953.974976 ) (-1053 1043.969971 -948.828003 ) 
4 33 35 (-1059 1046.030029 -948.828003 ) (-1059 1046.030029 -953.974976 ) (-1059 1043.969971 -953.974976 ) (-1059 1043.969971 -948.828003 ) 
4 34 171 (-1053 1024 -815 ) (-1059 1024 -815 ) (-1059 1024 -953.974976 ) (-1053 1024 -953.974976 ) 
4 34 35 (-1059 1043.969971 -953.974976 ) (-1059 1024 -953.974976 ) (-1059 1024 -815 ) (-1059 1043.969971 -815 ) 
4 35 191 (-1082 1024 -903 ) (-1082 1024 -953.974976 ) (-1080 1024 -953.974976 ) (-1080 1024 -903 ) 
4 35 189 (-1082 1024 -820 ) (-1082 1024 -903 ) (-1080 1024 -903 ) (-1080 1024 -820 ) 
4 35 187 (-1080 1024 -953.974976 ) (-1078 1024 -953.974976 ) (-1078 1024 -820 ) (-1080 1024 -820 ) 
4 35 186 (-1078 1024 -815 ) (-1082 1024 -815 ) (-1082 1024 -820 ) (-1078 1024 -820 ) 
4 35 171 (-1059 1024 -815 ) (-1078 1024 -815 ) (-1078 1024 -953.974976 ) (-1059 1024 -953.974976 ) 
4 35 38 (-1082 1046.030029 -953.974976 ) (-1082 1024 -953.974976 ) (-1082 1024 -903 ) (-1082 1046.030029 -903 ) 
4 35 36 (-1082 1024 -903 ) (-1082 1024 -815 ) (-1082 1046.030029 -815 ) (-1082 1046.030029 -903 ) 
4 36 193 (-2009.340088 1024 -820 ) (-2009.340088 1024 -903 ) (-1282 1024 -903 ) (-1282 1024 -820 ) 
4 36 189 (-1282 1024 -903 ) (-1082 1024 -903 ) (-1082 1024 -820 ) (-1282 1024 -820 ) 
4 36 186 (-1082 1024 -815 ) (-2009.340088 1024 -815 ) (-2009.340088 1024 -820 ) (-1082 1024 -820 ) 
4 36 39 (-1258.330444 1166 -903 ) (-1248.274170 1166 -903 ) (-1257.984253 1024 -903 ) (-1268.042480 1024 -903 ) 
4 36 38 (-1248.274170 1166 -903 ) (-1082 1166 -903 ) (-1082 1024 -903 ) (-1257.984253 1024 -903 ) 
4 36 37 (-2009.340088 1024 -903 ) (-2009.340088 1166 -903 ) (-1258.330444 1166 -903 ) (-1268.042480 1024 -903 ) 
4 37 194 (-2009.340088 1024 -903 ) (-2009.340088 1024 -953.974976 ) (-1282 1024 -953.974976 ) (-1282 1024 -903 ) 
4 37 190 (-1282 1024 -953.974976 ) (-1268.042480 1024 -953.974976 ) (-1268.042480 1024 -903 ) (-1282 1024 -903 ) 
4 37 41 (-1343 1024 -953.974976 ) (-2009.340088 1024 -953.974976 ) (-2009.340088 1166 -953.974976 ) (-1343 1166 -953.974976 ) 
4 37 39 (-1258.329956 1166 -953.974976 ) (-1258.329956 1166 -903 ) (-1268.041992 1024 -903 ) (-1268.041992 1024 -953.974976 ) 
4 38 191 (-1257.984253 1024 -953.974976 ) (-1082 1024 -953.974976 ) (-1082 1024 -903 ) (-1257.984253 1024 -903 ) 
4 38 39 (-1257.983643 1024 -903 ) (-1248.273438 1166 -903 ) (-1248.273438 1166 -953.974976 ) (-1257.983521 1024 -953.974976 ) 
4 39 192 (-1268.042480 1024 -953.974976 ) (-1257.984253 1024 -953.974976 ) (-1257.984253 1024 -903 ) (-1268.042480 1024 -903 ) 
4 40 42 (-1343 2048 -975 ) (-1024 2048 -975 ) (-1024 1281 -975 ) (-1343 1281 -975 ) 
4 40 41 (-1343 2048 -975 ) (-1343 1281 -975 ) (-1343 1281 -953.974976 ) (-1343 2048 -953.974976 ) 
4 41 209 (-1343 1024 -953.974976 ) (-2009.340088 1024 -953.974976 ) (-2009.340088 1024 -975 ) (-1343 1024 -975 ) 
4 41 42 (-2009.340088 1024 -975 ) (-2009.340088 2048 -975 ) (-1343 2048 -975 ) (-1343 1024 -975 ) 
4 42 210 (-1024 1024 -5157.120117 ) (-1024 1024 -975 ) (-2009.340088 1024 -975 ) (-2009.340088 1024 -5157.120117 ) 
4 43 90 (1540.300171 0 -5157.120117 ) (1540.300171 0 557.021973 ) (1024 0 557.021973 ) (1024 0 -5157.120117 ) 
4 43 88 (1024 1024 -956 ) (1024 1024 -5157.120117 ) (1024 0 -5157.120117 ) (1024 0 -956 ) 
4 43 85 (1024 1024 -953.974976 ) (1024 1024 -956 ) (1024 0 -956 ) (1024 0 -953.974976 ) 
4 43 45 (1024 1024 -820 ) (1024 1024 -953.974976 ) (1024 0 -953.974976 ) (1024 0 -820 ) 
4 43 44 (1024 1024 557.021973 ) (1024 1024 -820 ) (1024 0 -820 ) (1024 0 557.021973 ) 
4 44 97 (0 1024 557.021973 ) (0 1024 -820 ) (0 0 -820 ) (0 0 557.021973 ) 
4 44 92 (635 0 557.021973 ) (0 0 557.021973 ) (0 0 -820 ) (635 0 -820 ) 
4 44 91 (1024 0 -820 ) (1024 0 557.021973 ) (635 0 557.021973 ) (635 0 -820 ) 
4 44 81 (627 214 -820 ) (627 0 -820 ) (0 0 -820 ) (0 214 -820 ) 
4 44 76 (24 251 -820 ) (24 257 -820 ) (186.205002 257 -820 ) (186.205002 251 -820 ) 
4 44 80 (186.205002 214 -820 ) (24 214 -820 ) (24 251 -820 ) (186.205002 251 -820 ) 
4 44 74 (387 214 -820 ) (268 214 -820 ) (268 232 -820 ) (387 232 -820 ) 
4 44 73 (449.017029 214 -820 ) (387 214 -820 ) (387 257 -820 ) (449.017029 257 -820 ) 
4 44 75 (268 214 -820 ) (186.205002 214 -820 ) (186.205002 257 -820 ) (268 257 -820 ) 
4 44 70 (449.017029 251 -820 ) (449.017029 257 -820 ) (451.118988 257 -820 ) (451.118988 251 -820 ) 
4 44 72 (451.118988 214 -820 ) (449.017029 214 -820 ) (449.017029 251 -820 ) (451.118988 251 -820 ) 
4 44 66 (507.881042 251 -820 ) (507.881042 257 -820 ) (509.983002 257 -820 ) (509.983002 251 -820 ) 
4 44 68 (509.983002 214 -820 ) (507.881042 214 -820 ) (507.881042 251 -820 ) (509.983002 251 -820 ) 
4 44 69 (507.881042 214 -820 ) (451.118988 214 -820 ) (451.118988 257 -820 ) (507.881042 257 -820 ) 
4 44 64 (627 230 -820 ) (627 214 -820 ) (572 214 -820 ) (572 230 -820 ) 
4 44 65 (572 214 -820 ) (509.983002 214 -820 ) (509.983002 257 -820 ) (572 257 -820 ) 
4 44 63 (79.143402 257 -820 ) (24 257 -820 ) (24 271.455017 -820 ) (79.143402 271.455017 -820 ) 
4 44 62 (0 567.364014 -820 ) (0 591.226990 -820 ) (1.495120 591.226990 -820 ) (1.495120 567.364014 -820 ) 
4 44 61 (1.495120 591.226990 -820 ) (79.143402 591.226990 -820 ) (79.143402 271.455017 -820 ) (1.495120 271.455017 -820 ) 
4 44 59 (268 277.455017 -820 ) (268 579 -820 ) (285.788025 579 -820 ) (285.788025 277.455017 -820 ) 
4 44 60 (268 257 -820 ) (79.143402 257 -820 ) (79.143402 579 -820 ) (268 579 -820 ) 
4 44 58 (286 591.226990 -820 ) (298.312012 591.226990 -820 ) (298.312012 591 -820 ) (286 591 -820 ) 
4 44 57 (298.312012 277.455017 -820 ) (298.312012 591.226990 -820 ) (387 591.226990 -820 ) (387 277.455017 -820 ) 
4 44 56 (572 257 -820 ) (387 257 -820 ) (387 591.226990 -820 ) (572 591.226990 -820 ) 
4 44 55 (627 591.226990 -820 ) (627 275.455017 -820 ) (572 275.455017 -820 ) (572 591.226990 -820 ) 
4 44 54 (627 672 -820 ) (627 591.226990 -820 ) (0 591.226990 -820 ) (0 672 -820 ) 
4 44 51 (627 892 -820 ) (627 849 -820 ) (504 849 -820 ) (504 892 -820 ) 
4 44 52 (627 834 -820 ) (627 688 -820 ) (504 688 -820 ) (504 834 -820 ) 
4 44 53 (504 688 -820 ) (0 688 -820 ) (0 892 -820 ) (504 892 -820 ) 
4 44 50 (504 892 -820 ) (0 892 -820 ) (0 968 -820 ) (504 968 -820 ) 
4 44 49 (627 968 -820 ) (627 892 -820 ) (517 892 -820 ) (517 968 -820 ) 
4 44 48 (0 1024 -820 ) (627 1024 -820 ) (627 982 -820 ) (0 982 -820 ) 
4 44 46 (627 1024 -820 ) (646 1024 -820 ) (646 988 -820 ) (627 988 -820 ) 
4 44 47 (646 48 -820 ) (646 0 -820 ) (627 0 -820 ) (627 48 -820 ) 
4 44 45 (646 1024 -820 ) (1024 1024 -820 ) (1024 0 -820 ) (646 0 -820 ) 
4 45 91 (1024 0 -953.974976 ) (1024 0 -820 ) (646 0 -820 ) (646 0 -953.974976 ) 
4 45 85 (1024 0 -953.974976 ) (646 0 -953.974976 ) (646 1024 -953.974976 ) (1024 1024 -953.974976 ) 
4 45 46 (646 1024 -953.974976 ) (646 988 -953.974976 ) (646 988 -820 ) (646 1024 -820 ) 
4 45 47 (646 48 -953.974976 ) (646 0 -953.974976 ) (646 0 -820 ) (646 48 -820 ) 
4 46 86 (635 1024 -953.974976 ) (646 1024 -953.974976 ) (646 988 -953.974976 ) (635 988 -953.974976 ) 
4 46 48 (627 1024 -953.974976 ) (627 988 -953.974976 ) (627 988 -820 ) (627 1024 -820 ) 
4 47 92 (635 0 -820 ) (627 0 -820 ) (627 0 -953.974976 ) (635 0 -953.974976 ) 
4 47 91 (646 0 -820 ) (635 0 -820 ) (635 0 -953.974976 ) (646 0 -953.974976 ) 
4 47 87 (646 0 -953.974976 ) (635 0 -953.974976 ) (635 48 -953.974976 ) (646 48 -953.974976 ) 
4 47 82 (627 48 -953.974976 ) (627 0 -953.974976 ) (627 0 -905 ) (627 48 -905 ) 
4 47 81 (627 0 -905 ) (627 0 -820 ) (627 48 -820 ) (627 48 -905 ) 
4 48 98 (0 1024 -820 ) (0 1024 -953.974976 ) (0 982 -953.974976 ) (0 982 -820 ) 
4 49 51 (517 892 -953.974976 ) (627 892 -953.974976 ) (627 892 -820 ) (517 892 -820 ) 
4 50 106 (0 968 -953.974976 ) (0 892 -953.974976 ) (0 892 -820 ) (0 968 -820 ) 
4 50 53 (0 892 -953.974976 ) (504 892 -953.974976 ) (504 892 -820 ) (0 892 -820 ) 
4 51 53 (504 892 -820 ) (504 892 -953.974976 ) (504 849 -953.974976 ) (504 849 -820 ) 
4 52 53 (504 834 -953.974976 ) (504 688 -953.974976 ) (504 688 -820 ) (504 834 -820 ) 
4 53 106 (0 892 -953.974976 ) (0 688 -953.974976 ) (0 688 -820 ) (0 892 -820 ) 
4 54 112 (0 596 -953.974976 ) (0 591.226990 -953.974976 ) (0 591.226990 -820 ) (0 596 -820 ) 
4 54 107 (0 672 -953.974976 ) (0 596 -953.974976 ) (0 596 -820 ) (0 672 -820 ) 
4 54 62 (0 591.226990 -953.974976 ) (1.495120 591.226990 -953.974976 ) (1.495120 591.226990 -820 ) (0 591.226990 -820 ) 
4 54 61 (1.495120 591.226990 -953.974976 ) (79.143402 591.226990 -953.974976 ) (79.143402 591.226990 -820 ) (1.495120 591.226990 -820 ) 
4 54 58 (286 591.226990 -953.974976 ) (298.312012 591.226990 -953.974976 ) (298.312012 591.226990 -820 ) (286 591.226990 -820 ) 
4 54 57 (298.312012 591.226990 -953.974976 ) (387 591.226990 -953.974976 ) (387 591.226990 -820 ) (298.312012 591.226990 -820 ) 
4 54 56 (387 591.226990 -953.974976 ) (572 591.226990 -953.974976 ) (572 591.226990 -820 ) (387 591.226990 -820 ) 
4 54 55 (572 591.226990 -953.974976 ) (627 591.226990 -953.974976 ) (627 591.226990 -820 ) (572 591.226990 -820 ) 
4 55 56 (572 591.226990 -820 ) (572 591.226990 -953.974976 ) (572 275.455017 -953.974976 ) (572 275.455017 -820 ) 
4 56 73 (387 257 -953.974976 ) (449.017029 257 -953.974976 ) (449.017029 257 -820 ) (387 257 -820 ) 
4 56 70 (451.118988 257 -824.798035 ) (451.118988 257 -820 ) (449.017029 257 -820 ) (449.017029 257 -824.798035 ) 
4 56 71 (449.017029 257 -953.974976 ) (451.118988 257 -953.974976 ) (451.118988 257 -949.191040 ) (449.017029 257 -949.191040 ) 
4 56 66 (509.983002 257 -824.798035 ) (509.983002 257 -820 ) (507.881042 257 -820 ) (507.881042 257 -824.798035 ) 
4 56 67 (507.881042 257 -953.974976 ) (509.983002 257 -953.974976 ) (509.983002 257 -949.191040 ) (507.881042 257 -949.191040 ) 
4 56 69 (451.118988 257 -953.974976 ) (507.881042 257 -953.974976 ) (507.881042 257 -820 ) (451.118988 257 -820 ) 
4 56 65 (509.983002 257 -953.974976 ) (572 257 -953.974976 ) (572 257 -820 ) (509.983002 257 -820 ) 
4 56 57 (387 591.226990 -820 ) (387 591.226990 -953.974976 ) (387 277.455017 -953.974976 ) (387 277.455017 -820 ) 
4 57 58 (298.312012 591.226990 -820 ) (298.312012 591.226990 -953.974976 ) (298.312012 591 -953.974976 ) (298.312012 591 -820 ) 
4 59 60 (268 579 -820 ) (268 579 -953.974976 ) (268 277.455017 -953.974976 ) (268 277.455017 -820 ) 
4 60 77 (183.432007 257 -824.798035 ) (108.568008 257 -824.798035 ) (108.568008 257 -949.191040 ) (183.432007 257 -949.191040 ) 
4 60 78 (105.795006 257 -824.798035 ) (79.143402 257 -824.798035 ) (79.143402 257 -949.191040 ) (105.795006 257 -949.191040 ) 
4 60 76 (186.205002 257 -824.798035 ) (186.205002 257 -820 ) (79.143402 257 -820 ) (79.143402 257 -824.798035 ) 
4 60 79 (79.143402 257 -953.974976 ) (186.205002 257 -953.974976 ) (186.205002 257 -949.191040 ) (79.143402 257 -949.191040 ) 
4 60 75 (186.205002 257 -953.974976 ) (268 257 -953.974976 ) (268 257 -820 ) (186.205002 257 -820 ) 
4 60 63 (79.143402 271.455017 -953.974976 ) (79.143402 257 -953.974976 ) (79.143402 257 -820 ) (79.143402 271.455017 -820 ) 
4 60 61 (79.143402 579 -953.974976 ) (79.143402 271.455017 -953.974976 ) (79.143402 271.455017 -820 ) (79.143402 579 -820 ) 
4 61 63 (24 271.455017 -953.974976 ) (79.143402 271.455017 -953.974976 ) (79.143402 271.455017 -820 ) (24 271.455017 -820 ) 
4 61 62 (1.495120 591.226990 -820 ) (1.495120 591.226990 -953.974976 ) (1.495120 567.364014 -953.974976 ) (1.495120 567.364014 -820 ) 
4 62 115 (0 570.545044 -953.974976 ) (0 567.364014 -953.974976 ) (0 567.364014 -820 ) (0 570.545044 -820 ) 
4 62 112 (0 591.226990 -953.974976 ) (0 570.545044 -953.974976 ) (0 570.545044 -820 ) (0 591.226990 -820 ) 
4 63 78 (79.143402 257 -949.191040 ) (79.143402 257 -824.798035 ) (24 257 -824.798035 ) (24 257 -949.191040 ) 
4 63 76 (79.143402 257 -824.798035 ) (79.143402 257 -820 ) (24 257 -820 ) (24 257 -824.798035 ) 
4 63 79 (24 257 -953.974976 ) (79.143402 257 -953.974976 ) (79.143402 257 -949.191040 ) (24 257 -949.191040 ) 
4 64 83 (572 214 -953.974976 ) (627 214 -953.974976 ) (627 214 -905 ) (572 214 -905 ) 
4 64 81 (627 214 -905 ) (627 214 -820 ) (572 214 -820 ) (572 214 -905 ) 
4 64 65 (572 230 -953.974976 ) (572 214 -953.974976 ) (572 214 -820 ) (572 230 -820 ) 
4 65 83 (509.983002 214 -953.974976 ) (572 214 -953.974976 ) (572 214 -905 ) (509.983002 214 -905 ) 
4 65 81 (572 214 -905 ) (572 214 -820 ) (509.983002 214 -820 ) (509.983002 214 -905 ) 
4 65 66 (509.983002 257 -820 ) (509.983002 257 -824.798035 ) (509.983002 251 -824.798035 ) (509.983002 251 -820 ) 
4 65 67 (509.983002 257 -949.191040 ) (509.983002 257 -953.974976 ) (509.983002 251 -953.974976 ) (509.983002 251 -949.191040 ) 
4 65 68 (509.983002 251 -953.974976 ) (509.983002 214 -953.974976 ) (509.983002 214 -820 ) (509.983002 251 -820 ) 
4 66 69 (507.881042 257 -820 ) (507.881042 257 -824.798035 ) (507.881042 251 -824.798035 ) (507.881042 251 -820 ) 
4 66 68 (507.881042 251 -820 ) (507.881042 251 -824.798035 ) (509.983002 251 -824.798035 ) (509.983002 251 -820 ) 
4 67 68 (507.881042 251 -949.191040 ) (507.881042 251 -953.974976 ) (509.983002 251 -953.974976 ) (509.983002 251 -949.191040 ) 
4 67 69 (507.881042 257 -949.191040 ) (507.881042 257 -953.974976 ) (507.881042 251 -953.974976 ) (507.881042 251 -949.191040 ) 
4 68 83 (507.881042 214 -953.974976 ) (509.983002 214 -953.974976 ) (509.983002 214 -905 ) (507.881042 214 -905 ) 
4 68 81 (509.983002 214 -905 ) (509.983002 214 -820 ) (507.881042 214 -820 ) (507.881042 214 -905 ) 
4 68 69 (507.881042 251 -953.974976 ) (507.881042 214 -953.974976 ) (507.881042 214 -820 ) (507.881042 251 -820 ) 
4 69 83 (451.118988 214 -953.974976 ) (507.881042 214 -953.974976 ) (507.881042 214 -905 ) (451.118988 214 -905 ) 
4 69 81 (507.881042 214 -905 ) (507.881042 214 -820 ) (451.118988 214 -820 ) (451.118988 214 -905 ) 
4 69 70 (451.118988 257 -820 ) (451.118988 257 -824.798035 ) (451.118988 251 -824.798035 ) (451.118988 251 -820 ) 
4 69 71 (451.118988 257 -949.191040 ) (451.118988 257 -953.974976 ) (451.118988 251 -953.974976 ) (451.118988 251 -949.191040 ) 
4 69 72 (451.118988 251 -953.974976 ) (451.118988 214 -953.974976 ) (451.118988 214 -820 ) (451.118988 251 -820 ) 
4 70 73 (449.017029 257 -820 ) (449.017029 257 -824.798035 ) (449.017029 251 -824.798035 ) (449.017029 251 -820 ) 
4 70 72 (449.017029 251 -820 ) (449.017029 251 -824.798035 ) (451.118988 251 -824.798035 ) (451.118988 251 -820 ) 
4 71 73 (449.017029 257 -949.191040 ) (449.017029 257 -953.974976 ) (449.017029 251 -953.974976 ) (449.017029 251 -949.191040 ) 
4 71 72 (449.017029 251 -949.191040 ) (449.017029 251 -953.974976 ) (451.118988 251 -953.974976 ) (451.118988 251 -949.191040 ) 
4 72 83 (449.017029 214 -953.974976 ) (451.118988 214 -953.974976 ) (451.118988 214 -905 ) (449.017029 214 -905 ) 
4 72 81 (451.118988 214 -905 ) (451.118988 214 -820 ) (449.017029 214 -820 ) (449.017029 214 -905 ) 
4 72 73 (449.017029 251 -953.974976 ) (449.017029 214 -953.974976 ) (449.017029 214 -820 ) (449.017029 251 -820 ) 
4 73 83 (387 214 -953.974976 ) (449.017029 214 -953.974976 ) (449.017029 214 -905 ) (387 214 -905 ) 
4 73 81 (449.017029 214 -905 ) (449.017029 214 -820 ) (387 214 -820 ) (387 214 -905 ) 
4 73 74 (387 232 -953.974976 ) (387 214 -953.974976 ) (387 214 -820 ) (387 232 -820 ) 
4 74 83 (268 214 -953.974976 ) (387 214 -953.974976 ) (387 214 -905 ) (268 214 -905 ) 
4 74 81 (387 214 -905 ) (387 214 -820 ) (268 214 -820 ) (268 214 -905 ) 
4 74 75 (268 232 -953.974976 ) (268 214 -953.974976 ) (268 214 -820 ) (268 232 -820 ) 
4 75 83 (186.205002 214 -953.974976 ) (268 214 -953.974976 ) (268 214 -905 ) (186.205002 214 -905 ) 
4 75 81 (268 214 -905 ) (268 214 -820 ) (186.205002 214 -820 ) (186.205002 214 -905 ) 
4 75 76 (186.205002 257 -820 ) (186.205002 257 -824.798035 ) (186.205002 251 -824.798035 ) (186.205002 251 -820 ) 
4 75 79 (186.205002 257 -949.191040 ) (186.205002 257 -953.974976 ) (186.205002 251 -953.974976 ) (186.205002 251 -949.191040 ) 
4 75 80 (186.205002 251 -953.974976 ) (186.205002 214 -953.974976 ) (186.205002 214 -820 ) (186.205002 251 -820 ) 
4 76 77 (183.432007 251 -824.798035 ) (108.568008 251 -824.798035 ) (108.568008 257 -824.798035 ) (183.432007 257 -824.798035 ) 
4 76 78 (105.795006 251 -824.798035 ) (24 251 -824.798035 ) (24 257 -824.798035 ) (105.795006 257 -824.798035 ) 
4 76 80 (24 251 -820 ) (24 251 -824.798035 ) (186.205002 251 -824.798035 ) (186.205002 251 -820 ) 
4 77 80 (108.568008 251 -949.191040 ) (183.432007 251 -949.191040 ) (183.432007 251 -824.798035 ) (108.568008 251 -824.798035 ) 
4 77 79 (183.432007 251 -949.191040 ) (108.568008 251 -949.191040 ) (108.568008 257 -949.191040 ) (183.432007 257 -949.191040 ) 
4 78 79 (105.795006 251 -949.191040 ) (24 251 -949.191040 ) (24 257 -949.191040 ) (105.795006 257 -949.191040 ) 
4 78 80 (24 251 -824.798035 ) (24 251 -949.191040 ) (105.795006 251 -949.191040 ) (105.795006 251 -824.798035 ) 
4 79 80 (24 251 -949.191040 ) (24 251 -953.974976 ) (186.205002 251 -953.974976 ) (186.205002 251 -949.191040 ) 
4 80 83 (24 214 -953.974976 ) (186.205002 214 -953.974976 ) (186.205002 214 -905 ) (24 214 -905 ) 
4 80 81 (186.205002 214 -905 ) (186.205002 214 -820 ) (24 214 -820 ) (24 214 -905 ) 
4 81 152 (0 0 -905 ) (0 0 -820 ) (0 178 -820 ) (0 178 -905 ) 
4 81 139 (0 178 -820 ) (0 214 -820 ) (0 214 -905 ) (0 178 -905 ) 
4 81 92 (627 0 -820 ) (0 0 -820 ) (0 0 -905 ) (627 0 -905 ) 
4 81 84 (627 74.207932 -905 ) (627 48.621124 -905 ) (0 92.280441 -905 ) (0 117.867485 -905 ) 
4 81 83 (0 214 -905 ) (627 214 -905 ) (627 74.207932 -905 ) (0 117.867485 -905 ) 
4 81 82 (627 48.621124 -905 ) (627 0 -905 ) (0 0 -905 ) (0 92.280441 -905 ) 
4 82 163 (0 92.280441 -953.974976 ) (0 0 -953.974976 ) (0 0 -905 ) (0 92.280441 -905 ) 
4 82 92 (0 0 -905 ) (0 0 -953.974976 ) (627 0 -953.974976 ) (627 0 -905 ) 
4 82 84 (0 92.280373 -905 ) (627 48.621048 -905 ) (627 48.621048 -953.974976 ) (0 92.280373 -953.974976 ) 
4 83 155 (0 178 -953.974976 ) (0 117.867485 -953.974976 ) (0 117.867485 -905 ) (0 178 -905 ) 
4 83 139 (0 214 -953.974976 ) (0 178 -953.974976 ) (0 178 -905 ) (0 214 -905 ) 
4 83 84 (627 74.207520 -953.974976 ) (627 74.207520 -905 ) (0 117.867119 -905 ) (0 117.867111 -953.974976 ) 
4 84 164 (0 115 -953.974976 ) (0 92.280441 -953.974976 ) (0 92.280441 -905 ) (0 115 -905 ) 
4 84 156 (0 117.867485 -953.974976 ) (0 115 -953.974976 ) (0 115 -905 ) (0 117.867485 -905 ) 
4 85 91 (1024 0 -956 ) (1024 0 -953.974976 ) (646 0 -953.974976 ) (646 0 -956 ) 
4 85 88 (646 1024 -956 ) (1024 1024 -956 ) (1024 0 -956 ) (646 0 -956 ) 
4 85 87 (646 48 -956 ) (646 0 -956 ) (646 0 -953.974976 ) (646 48 -953.974976 ) 
4 85 86 (646 1024 -956 ) (646 988 -956 ) (646 988 -953.974976 ) (646 1024 -953.974976 ) 
4 86 88 (635 1024 -956 ) (646 1024 -956 ) (646 988 -956 ) (635 988 -956 ) 
4 87 91 (646 0 -953.974976 ) (635 0 -953.974976 ) (635 0 -956 ) (646 0 -956 ) 
4 87 88 (646 48 -956 ) (646 0 -956 ) (635 0 -956 ) (635 48 -956 ) 
4 88 94 (1024 0 -5157.120117 ) (1024 0 -975 ) (635 0 -975 ) (635 0 -5157.120117 ) 
4 88 91 (1024 0 -975 ) (1024 0 -956 ) (635 0 -956 ) (635 0 -975 ) 
4 88 89 (635 1024 -5157.120117 ) (635 0 -5157.120117 ) (635 0 -975 ) (635 1024 -975 ) 
4 89 165 (0 1024 -975 ) (0 1024 -5157.120117 ) (0 0 -5157.120117 ) (0 0 -975 ) 
4 89 94 (0 0 -975 ) (0 0 -5157.120117 ) (635 0 -5157.120117 ) (635 0 -975 ) 
4 90 95 (1540.300171 -1024 -5157.120117 ) (1540.300171 -1024 557.021973 ) (1024 -1024 557.021973 ) (1024 -1024 -5157.120117 ) 
4 90 94 (1024 0 -975 ) (1024 0 -5157.120117 ) (1024 -1024 -5157.120117 ) (1024 -1024 -975 ) 
4 90 91 (1024 0 557.021973 ) (1024 0 -975 ) (1024 -1024 -975 ) (1024 -1024 557.021973 ) 
4 91 96 (1024 -1024 -975 ) (1024 -1024 557.021973 ) (635 -1024 557.021973 ) (635 -1024 -975 ) 
4 91 94 (1024 0 -975 ) (1024 -1024 -975 ) (635 -1024 -975 ) (635 0 -975 ) 
4 91 92 (635 -174 -953.974976 ) (635 -174 557.021973 ) (635 0 557.021973 ) (635 0 -953.974976 ) 
4 91 93 (635 -174 -975 ) (635 -1024 -975 ) (635 -1024 557.021973 ) (635 -174 557.021973 ) 
4 92 211 (0 -174 557.021973 ) (0 0 557.021973 ) (0 0 -953.974976 ) (0 -174 -953.974976 ) 
4 92 93 (635 -174 -953.974976 ) (635 -174 557.021973 ) (0 -174 557.021973 ) (0 -174 -953.974976 ) 
4 93 212 (0 -1024 -975 ) (0 -1024 557.021973 ) (0 -174 557.021973 ) (0 -174 -975 ) 
4 93 96 (635 -1024 557.021973 ) (0 -1024 557.021973 ) (0 -1024 -975 ) (635 -1024 -975 ) 
4 93 94 (635 -1024 -975 ) (0 -1024 -975 ) (0 -174 -975 ) (635 -174 -975 ) 
4 94 213 (0 -1024 -5157.120117 ) (0 -1024 -975 ) (0 0 -975 ) (0 0 -5157.120117 ) 
4 94 96 (1024 -1024 -5157.120117 ) (1024 -1024 -975 ) (0 -1024 -975 ) (0 -1024 -5157.120117 ) 
4 95 96 (1024 -1024 557.021973 ) (1024 -1024 -5157.120117 ) (1024 -1519.360107 -5157.120117 ) (1024 -1519.360107 557.021973 ) 
4 96 218 (0 -1519.360107 557.021973 ) (0 -1024 557.021973 ) (0 -1024 -5157.120117 ) (0 -1519.360107 -5157.120117 ) 
4 97 211 (0 0 -820 ) (0 0 557.021973 ) (-1024 0 557.021973 ) (-1024 0 -820 ) 
4 97 168 (-1024 469 -820 ) (-1024 444.864014 -820 ) (-1024 444.864014 -815 ) (-1024 469 -815 ) 
4 97 167 (-1024 1024 -815 ) (-1024 1024 -820 ) (-1024 469 -820 ) (-1024 469 -815 ) 
4 97 169 (-1024 444.864014 -820 ) (-1024 0 -820 ) (-1024 0 -815 ) (-1024 444.864014 -815 ) 
4 97 166 (-1024 1024 557.021973 ) (-1024 1024 -815 ) (-1024 0 -815 ) (-1024 0 557.021973 ) 
4 97 152 (-1024 0 -820 ) (-1024 178 -820 ) (0 178 -820 ) (0 0 -820 ) 
4 97 150 (-282 262 -820 ) (-207.580002 262 -820 ) (-207.580002 178 -820 ) (-282 178 -820 ) 
4 97 151 (-1024 178 -820 ) (-1024 262 -820 ) (-389 262 -820 ) (-389 178 -820 ) 
4 97 147 (-205.057007 231 -820 ) (-205.057007 225 -820 ) (-207.580002 225 -820 ) (-207.580002 231 -820 ) 
4 97 146 (-207.580002 262 -820 ) (-205.057007 262 -820 ) (-205.057007 231 -820 ) (-207.580002 231 -820 ) 
4 97 149 (-205.057007 225 -820 ) (-205.057007 178 -820 ) (-207.580002 178 -820 ) (-207.580002 225 -820 ) 
4 97 142 (-134.420013 231 -820 ) (-134.420013 225 -820 ) (-136.942993 225 -820 ) (-136.942993 231 -820 ) 
4 97 141 (-136.942993 262 -820 ) (-134.420013 262 -820 ) (-134.420013 231 -820 ) (-136.942993 231 -820 ) 
4 97 144 (-134.420013 225 -820 ) (-134.420013 178 -820 ) (-136.942993 178 -820 ) (-136.942993 225 -820 ) 
4 97 145 (-205.057007 262 -820 ) (-136.942993 262 -820 ) (-136.942993 178 -820 ) (-205.057007 178 -820 ) 
4 97 139 (0 214 -820 ) (0 178 -820 ) (-60 178 -820 ) (-60 214 -820 ) 
4 97 140 (-134.420013 262 -820 ) (-60 262 -820 ) (-60 178 -820 ) (-134.420013 178 -820 ) 
4 97 133 (-1024 262 -820 ) (-1024 268 -820 ) (-500.304016 268 -820 ) (-500.304016 262 -820 ) 
4 97 132 (-1024 268 -820 ) (-1024 271.455017 -820 ) (-500.304016 271.455017 -820 ) (-500.304016 268 -820 ) 
4 97 130 (-496.826019 268 -820 ) (-496.826019 262 -820 ) (-500.304016 262 -820 ) (-500.304016 268 -820 ) 
4 97 129 (-500.304016 271.455017 -820 ) (-496.826019 271.455017 -820 ) (-496.826019 268 -820 ) (-500.304016 268 -820 ) 
4 97 128 (-496.826019 271.455017 -820 ) (-389 271.455017 -820 ) (-389 262 -820 ) (-496.826019 262 -820 ) 
4 97 127 (-389 271.455017 -820 ) (-282 271.455017 -820 ) (-282 270.455017 -820 ) (-389 270.455017 -820 ) 
4 97 126 (-282 271.455017 -820 ) (-60 271.455017 -820 ) (-60 262 -820 ) (-282 262 -820 ) 
4 97 124 (-1024 469 -820 ) (-1024 570.545044 -820 ) (-689.825073 570.545044 -820 ) (-689.825073 469 -820 ) 
4 97 125 (-1024 271.455017 -820 ) (-1024 444.864014 -820 ) (-689.825073 444.864014 -820 ) (-689.825073 271.455017 -820 ) 
4 97 121 (-688.572998 570.545044 -820 ) (-676.049011 570.545044 -820 ) (-676.049011 533.955017 -820 ) (-688.572998 533.955017 -820 ) 
4 97 122 (-676.049011 446.455017 -820 ) (-676.049011 271.455017 -820 ) (-688.572998 271.455017 -820 ) (-688.572998 446.455017 -820 ) 
4 97 120 (-676.049011 570.545044 -820 ) (-612 570.545044 -820 ) (-612 271.455017 -820 ) (-676.049011 271.455017 -820 ) 
4 97 123 (-689.825073 570.545044 -820 ) (-688.572998 570.545044 -820 ) (-688.572998 271.455017 -820 ) (-689.825073 271.455017 -820 ) 
4 97 118 (-612 570.545044 -820 ) (-354 570.545044 -820 ) (-354 532 -820 ) (-612 532 -820 ) 
4 97 119 (-354 515.545044 -820 ) (-354 271.455017 -820 ) (-612 271.455017 -820 ) (-612 515.545044 -820 ) 
4 97 117 (-354 570.545044 -820 ) (-352.932007 570.545044 -820 ) (-352.932007 271.455017 -820 ) (-354 271.455017 -820 ) 
4 97 116 (-340.408020 570.545044 -820 ) (-11.028800 570.545044 -820 ) (-11.028800 271.455017 -820 ) (-340.408020 271.455017 -820 ) 
4 97 115 (-11.028800 570.545044 -820 ) (0 570.545044 -820 ) (0 567.364014 -820 ) (-11.028800 567.364014 -820 ) 
4 97 114 (-1024 570.545044 -820 ) (-1024 596 -820 ) (-355.437012 596 -820 ) (-355.437012 570.545044 -820 ) 
4 97 112 (-1 596 -820 ) (0 596 -820 ) (0 570.545044 -820 ) (-1 570.545044 -820 ) 
4 97 113 (-257.750000 596 -820 ) (-176.345016 596 -820 ) (-176.345016 570.545044 -820 ) (-257.750000 570.545044 -820 ) 
4 97 109 (-257 968 -820 ) (-238 968 -820 ) (-238 888 -820 ) (-257 888 -820 ) 
4 97 110 (-238 674 -820 ) (-238 596 -820 ) (-257 596 -820 ) (-257 674 -820 ) 
4 97 108 (-238 968 -820 ) (-125 968 -820 ) (-125 596 -820 ) (-238 596 -820 ) 
4 97 111 (-1024 596 -820 ) (-1024 968 -820 ) (-257 968 -820 ) (-257 596 -820 ) 
4 97 106 (-125 968 -820 ) (0 968 -820 ) (0 688 -820 ) (-125 688 -820 ) 
4 97 107 (0 672 -820 ) (0 596 -820 ) (-125 596 -820 ) (-125 672 -820 ) 
4 97 104 (-552 977 -820 ) (-552 968 -820 ) (-562 968 -820 ) (-562 977 -820 ) 
4 97 105 (-1024 968 -820 ) (-1024 1024 -820 ) (-562 1024 -820 ) (-562 968 -820 ) 
4 97 102 (-375 975 -820 ) (-375 968 -820 ) (-385 968 -820 ) (-385 975 -820 ) 
4 97 101 (-375 1024 -820 ) (-243 1024 -820 ) (-243 968 -820 ) (-375 968 -820 ) 
4 97 103 (-552 1024 -820 ) (-385 1024 -820 ) (-385 968 -820 ) (-552 968 -820 ) 
4 97 100 (-226 978 -820 ) (-226 968 -820 ) (-243 968 -820 ) (-243 978 -820 ) 
4 97 99 (-226 1024 -820 ) (-85 1024 -820 ) (-85 968 -820 ) (-226 968 -820 ) 
4 97 98 (-71 1024 -820 ) (0 1024 -820 ) (0 982 -820 ) (-71 982 -820 ) 
4 99 108 (-226 968 -953.974976 ) (-125 968 -953.974976 ) (-125 968 -820 ) (-226 968 -820 ) 
4 99 106 (-125 968 -953.974976 ) (-85 968 -953.974976 ) (-85 968 -820 ) (-125 968 -820 ) 
4 99 100 (-226 978 -953.974976 ) (-226 968 -953.974976 ) (-226 968 -820 ) (-226 978 -820 ) 
4 100 109 (-243 968 -953.974976 ) (-238 968 -953.974976 ) (-238 968 -820 ) (-243 968 -820 ) 
4 100 108 (-238 968 -953.974976 ) (-226 968 -953.974976 ) (-226 968 -820 ) (-238 968 -820 ) 
4 100 101 (-243 978 -953.974976 ) (-243 968 -953.974976 ) (-243 968 -820 ) (-243 978 -820 ) 
4 101 109 (-257 968 -953.974976 ) (-243 968 -953.974976 ) (-243 968 -820 ) (-257 968 -820 ) 
4 101 111 (-375 968 -953.974976 ) (-257 968 -953.974976 ) (-257 968 -820 ) (-375 968 -820 ) 
4 101 102 (-375 975 -953.974976 ) (-375 968 -953.974976 ) (-375 968 -820 ) (-375 975 -820 ) 
4 102 111 (-385 968 -953.974976 ) (-375 968 -953.974976 ) (-375 968 -820 ) (-385 968 -820 ) 
4 102 103 (-385 975 -953.974976 ) (-385 968 -953.974976 ) (-385 968 -820 ) (-385 975 -820 ) 
4 103 111 (-552 968 -953.974976 ) (-385 968 -953.974976 ) (-385 968 -820 ) (-552 968 -820 ) 
4 103 104 (-552 977 -953.974976 ) (-552 968 -953.974976 ) (-552 968 -820 ) (-552 977 -820 ) 
4 104 111 (-562 968 -953.974976 ) (-552 968 -953.974976 ) (-552 968 -820 ) (-562 968 -820 ) 
4 104 105 (-562 977 -953.974976 ) (-562 968 -953.974976 ) (-562 968 -820 ) (-562 977 -820 ) 
4 105 167 (-1024 1024 -820 ) (-1024 1024 -953.974976 ) (-1024 968 -953.974976 ) (-1024 968 -820 ) 
4 105 111 (-1024 968 -953.974976 ) (-562 968 -953.974976 ) (-562 968 -820 ) (-1024 968 -820 ) 
4 106 108 (-125 968 -820 ) (-125 968 -953.974976 ) (-125 688 -953.974976 ) (-125 688 -820 ) 
4 107 112 (-1 596 -953.974976 ) (0 596 -953.974976 ) (0 596 -820 ) (-1 596 -820 ) 
4 107 108 (-125 672 -953.974976 ) (-125 596 -953.974976 ) (-125 596 -820 ) (-125 672 -820 ) 
4 108 113 (-238 596 -953.974976 ) (-176.345016 596 -953.974976 ) (-176.345016 596 -820 ) (-238 596 -820 ) 
4 108 109 (-238 968 -820 ) (-238 968 -953.974976 ) (-238 888 -953.974976 ) (-238 888 -820 ) 
4 108 110 (-238 674 -953.974976 ) (-238 596 -953.974976 ) (-238 596 -820 ) (-238 674 -820 ) 
4 109 111 (-257 968 -820 ) (-257 968 -953.974976 ) (-257 888 -953.974976 ) (-257 888 -820 ) 
4 110 113 (-257 596 -953.974976 ) (-238 596 -953.974976 ) (-238 596 -820 ) (-257 596 -820 ) 
4 110 111 (-257 674 -953.974976 ) (-257 596 -953.974976 ) (-257 596 -820 ) (-257 674 -820 ) 
4 111 167 (-1024 968 -953.974976 ) (-1024 596 -953.974976 ) (-1024 596 -820 ) (-1024 968 -820 ) 
4 111 114 (-1024 596 -953.974976 ) (-355.437012 596 -953.974976 ) (-355.437012 596 -820 ) (-1024 596 -820 ) 
4 111 113 (-257.750000 596 -953.974976 ) (-257 596 -953.974976 ) (-257 596 -820 ) (-257.750000 596 -820 ) 
4 112 115 (-1 570.545044 -953.974976 ) (0 570.545044 -953.974976 ) (0 570.545044 -820 ) (-1 570.545044 -820 ) 
4 113 116 (-257.750000 570.545044 -953.974976 ) (-176.345016 570.545044 -953.974976 ) (-176.345016 570.545044 -820 ) (-257.750000 570.545044 -820 ) 
4 114 167 (-1024 596 -953.974976 ) (-1024 570.545044 -953.974976 ) (-1024 570.545044 -820 ) (-1024 596 -820 ) 
4 114 124 (-1024 570.545044 -953.974976 ) (-689.825073 570.545044 -953.974976 ) (-689.825073 570.545044 -820 ) (-1024 570.545044 -820 ) 
4 114 121 (-688.572998 570.545044 -953.974976 ) (-676.049011 570.545044 -953.974976 ) (-676.049011 570.545044 -820 ) (-688.572998 570.545044 -820 ) 
4 114 120 (-676.049011 570.545044 -953.974976 ) (-612 570.545044 -953.974976 ) (-612 570.545044 -820 ) (-676.049011 570.545044 -820 ) 
4 114 123 (-689.825073 570.545044 -953.974976 ) (-688.572998 570.545044 -953.974976 ) (-688.572998 570.545044 -820 ) (-689.825073 570.545044 -820 ) 
4 114 118 (-612 570.545044 -953.974976 ) (-355.437012 570.545044 -953.974976 ) (-355.437012 570.545044 -820 ) (-612 570.545044 -820 ) 
4 115 116 (-11.028800 570.545044 -820 ) (-11.028800 570.545044 -953.974976 ) (-11.028800 567.364014 -953.974976 ) (-11.028800 567.364014 -820 ) 
4 116 127 (-340.408020 271.455017 -953.974976 ) (-282 271.455017 -953.974976 ) (-282 271.455017 -820 ) (-340.408020 271.455017 -820 ) 
4 116 126 (-282 271.455017 -953.974976 ) (-60 271.455017 -953.974976 ) (-60 271.455017 -820 ) (-282 271.455017 -820 ) 
4 117 127 (-354 271.455017 -953.974976 ) (-352.932007 271.455017 -953.974976 ) (-352.932007 271.455017 -820 ) (-354 271.455017 -820 ) 
4 117 118 (-354 570.545044 -820 ) (-354 570.545044 -953.974976 ) (-354 532 -953.974976 ) (-354 532 -820 ) 
4 117 119 (-354 515.545044 -953.974976 ) (-354 271.455017 -953.974976 ) (-354 271.455017 -820 ) (-354 515.545044 -820 ) 
4 118 120 (-612 570.545044 -820 ) (-612 570.545044 -953.974976 ) (-612 532 -953.974976 ) (-612 532 -820 ) 
4 119 132 (-612 271.455017 -953.974976 ) (-500.304016 271.455017 -953.974976 ) (-500.304016 271.455017 -820 ) (-612 271.455017 -820 ) 
4 119 129 (-500.304016 271.455017 -953.974976 ) (-496.826019 271.455017 -953.974976 ) (-496.826019 271.455017 -820 ) (-500.304016 271.455017 -820 ) 
4 119 128 (-496.826019 271.455017 -953.974976 ) (-389 271.455017 -953.974976 ) (-389 271.455017 -820 ) (-496.826019 271.455017 -820 ) 
4 119 127 (-389 271.455017 -953.974976 ) (-354 271.455017 -953.974976 ) (-354 271.455017 -820 ) (-389 271.455017 -820 ) 
4 119 120 (-612 515.545044 -953.974976 ) (-612 271.455017 -953.974976 ) (-612 271.455017 -820 ) (-612 515.545044 -820 ) 
4 120 132 (-676.049011 271.455017 -953.974976 ) (-612 271.455017 -953.974976 ) (-612 271.455017 -820 ) (-676.049011 271.455017 -820 ) 
4 120 121 (-676.049011 570.545044 -820 ) (-676.049011 570.545044 -953.974976 ) (-676.049011 533.955017 -953.974976 ) (-676.049011 533.955017 -820 ) 
4 120 122 (-676.049011 446.455017 -953.974976 ) (-676.049011 271.455017 -953.974976 ) (-676.049011 271.455017 -820 ) (-676.049011 446.455017 -820 ) 
4 121 123 (-688.572998 570.545044 -820 ) (-688.572998 570.545044 -953.974976 ) (-688.572998 533.955017 -953.974976 ) (-688.572998 533.955017 -820 ) 
4 122 132 (-688.572998 271.455017 -953.974976 ) (-676.049011 271.455017 -953.974976 ) (-676.049011 271.455017 -820 ) (-688.572998 271.455017 -820 ) 
4 122 123 (-688.572998 446.455017 -953.974976 ) (-688.572998 271.455017 -953.974976 ) (-688.572998 271.455017 -820 ) (-688.572998 446.455017 -820 ) 
4 123 132 (-689.825073 271.455017 -953.974976 ) (-688.572998 271.455017 -953.974976 ) (-688.572998 271.455017 -820 ) (-689.825073 271.455017 -820 ) 
4 123 124 (-689.825073 570.545044 -820 ) (-689.825073 570.545044 -953.974976 ) (-689.825073 469 -953.974976 ) (-689.825073 469 -820 ) 
4 123 125 (-689.825073 444.864014 -953.974976 ) (-689.825073 271.455017 -953.974976 ) (-689.825073 271.455017 -820 ) (-689.825073 444.864014 -820 ) 
4 124 167 (-1024 570.545044 -953.974976 ) (-1024 469 -953.974976 ) (-1024 469 -820 ) (-1024 570.545044 -820 ) 
4 125 169 (-1024 444.864014 -953.974976 ) (-1024 271.455017 -953.974976 ) (-1024 271.455017 -820 ) (-1024 444.864014 -820 ) 
4 125 132 (-1024 271.455017 -953.974976 ) (-689.825073 271.455017 -953.974976 ) (-689.825073 271.455017 -820 ) (-1024 271.455017 -820 ) 
4 126 150 (-282 262 -953.974976 ) (-207.580002 262 -953.974976 ) (-207.580002 262 -820 ) (-282 262 -820 ) 
4 126 146 (-207.580002 262 -953.974976 ) (-205.057007 262 -953.974976 ) (-205.057007 262 -820 ) (-207.580002 262 -820 ) 
4 126 141 (-136.942993 262 -953.974976 ) (-134.420013 262 -953.974976 ) (-134.420013 262 -820 ) (-136.942993 262 -820 ) 
4 126 145 (-205.057007 262 -953.974976 ) (-136.942993 262 -953.974976 ) (-136.942993 262 -820 ) (-205.057007 262 -820 ) 
4 126 140 (-134.420013 262 -953.974976 ) (-60 262 -953.974976 ) (-60 262 -820 ) (-134.420013 262 -820 ) 
4 126 127 (-282 271.455017 -820 ) (-282 271.455017 -953.974976 ) (-282 270.455017 -953.974976 ) (-282 270.455017 -820 ) 
4 127 128 (-389 271.455017 -820 ) (-389 271.455017 -953.974976 ) (-389 270.455017 -953.974976 ) (-389 270.455017 -820 ) 
4 128 151 (-496.826019 262 -953.974976 ) (-389 262 -953.974976 ) (-389 262 -820 ) (-496.826019 262 -820 ) 
4 128 130 (-496.826019 262 -824.785034 ) (-496.826019 262 -820 ) (-496.826019 268 -820 ) (-496.826019 268 -824.785034 ) 
4 128 131 (-496.826019 268 -953.974976 ) (-496.826019 262 -953.974976 ) (-496.826019 262 -949.191040 ) (-496.826019 268 -949.191040 ) 
4 128 129 (-496.826019 271.455017 -820 ) (-496.826019 271.455017 -953.974976 ) (-496.826019 268 -953.974976 ) (-496.826019 268 -820 ) 
4 129 132 (-500.304016 271.455017 -820 ) (-500.304016 271.455017 -953.974976 ) (-500.304016 268 -953.974976 ) (-500.304016 268 -820 ) 
4 129 130 (-500.304016 268 -820 ) (-500.304016 268 -824.785034 ) (-496.826019 268 -824.785034 ) (-496.826019 268 -820 ) 
4 129 131 (-500.304016 268 -949.191040 ) (-500.304016 268 -953.974976 ) (-496.826019 268 -953.974976 ) (-496.826019 268 -949.191040 ) 
4 130 151 (-496.826019 262 -824.785034 ) (-496.826019 262 -820 ) (-500.304016 262 -820 ) (-500.304016 262 -824.785034 ) 
4 130 133 (-500.304016 262 -824.785034 ) (-500.304016 262 -820 ) (-500.304016 268 -820 ) (-500.304016 268 -824.785034 ) 
4 131 151 (-500.304016 262 -953.974976 ) (-496.826019 262 -953.974976 ) (-496.826019 262 -949.191040 ) (-500.304016 262 -949.191040 ) 
4 131 138 (-500.304016 268 -953.974976 ) (-500.304016 262 -953.974976 ) (-500.304016 262 -949.191040 ) (-500.304016 268 -949.191040 ) 
4 132 169 (-1024 271.455017 -953.974976 ) (-1024 268 -953.974976 ) (-1024 268 -820 ) (-1024 271.455017 -820 ) 
4 132 137 (-921.174011 268 -824.785034 ) (-1024 268 -824.785034 ) (-1024 268 -949.191040 ) (-921.174011 268 -949.191040 ) 
4 132 135 (-604.651978 268 -824.785034 ) (-813.348022 268 -824.785034 ) (-813.348022 268 -949.191040 ) (-604.651978 268 -949.191040 ) 
4 132 136 (-816.826050 268 -824.785034 ) (-917.695984 268 -824.785034 ) (-917.695984 268 -949.191040 ) (-816.826050 268 -949.191040 ) 
4 132 134 (-500.304016 268 -949.191040 ) (-500.304016 268 -824.785034 ) (-601.174011 268 -824.785034 ) (-601.174011 268 -949.191040 ) 
4 132 133 (-500.304016 268 -824.785034 ) (-500.304016 268 -820 ) (-1024 268 -820 ) (-1024 268 -824.785034 ) 
4 132 138 (-1024 268 -953.974976 ) (-500.304016 268 -953.974976 ) (-500.304016 268 -949.191040 ) (-1024 268 -949.191040 ) 
4 133 169 (-1024 262 -824.785034 ) (-1024 262 -820 ) (-1024 268 -820 ) (-1024 268 -824.785034 ) 
4 133 151 (-500.304016 262 -824.785034 ) (-500.304016 262 -820 ) (-1024 262 -820 ) (-1024 262 -824.785034 ) 
4 133 137 (-1024 268 -824.785034 ) (-921.174011 268 -824.785034 ) (-921.174011 262 -824.785034 ) (-1024 262 -824.785034 ) 
4 133 135 (-813.348022 268 -824.785034 ) (-604.651978 268 -824.785034 ) (-604.651978 262 -824.785034 ) (-813.348022 262 -824.785034 ) 
4 133 136 (-917.695984 268 -824.785034 ) (-816.826050 268 -824.785034 ) (-816.826050 262 -824.785034 ) (-917.695984 262 -824.785034 ) 
4 133 134 (-601.174011 268 -824.785034 ) (-500.304016 268 -824.785034 ) (-500.304016 262 -824.785034 ) (-601.174011 262 -824.785034 ) 
4 134 151 (-500.304016 262 -949.191040 ) (-500.304016 262 -824.785034 ) (-601.174011 262 -824.785034 ) (-601.174011 262 -949.191040 ) 
4 134 138 (-601.174011 268 -949.191040 ) (-500.304016 268 -949.191040 ) (-500.304016 262 -949.191040 ) (-601.174011 262 -949.191040 ) 
4 135 151 (-604.651978 262 -824.785034 ) (-813.348022 262 -824.785034 ) (-813.348022 262 -949.191040 ) (-604.651978 262 -949.191040 ) 
4 135 138 (-813.348022 268 -949.191040 ) (-604.651978 268 -949.191040 ) (-604.651978 262 -949.191040 ) (-813.348022 262 -949.191040 ) 
4 136 151 (-816.826050 262 -824.785034 ) (-917.695984 262 -824.785034 ) (-917.695984 262 -949.191040 ) (-816.826050 262 -949.191040 ) 
4 136 138 (-917.695984 268 -949.191040 ) (-816.826050 268 -949.191040 ) (-816.826050 262 -949.191040 ) (-917.695984 262 -949.191040 ) 
4 137 169 (-1024 262 -949.191040 ) (-1024 262 -824.785034 ) (-1024 268 -824.785034 ) (-1024 268 -949.191040 ) 
4 137 151 (-921.174011 262 -824.785034 ) (-1024 262 -824.785034 ) (-1024 262 -949.191040 ) (-921.174011 262 -949.191040 ) 
4 137 138 (-1024 268 -949.191040 ) (-921.174011 268 -949.191040 ) (-921.174011 262 -949.191040 ) (-1024 262 -949.191040 ) 
4 138 169 (-1024 268 -953.974976 ) (-1024 262 -953.974976 ) (-1024 262 -949.191040 ) (-1024 268 -949.191040 ) 
4 138 151 (-1024 262 -953.974976 ) (-500.304016 262 -953.974976 ) (-500.304016 262 -949.191040 ) (-1024 262 -949.191040 ) 
4 139 155 (-60 178 -953.974976 ) (0 178 -953.974976 ) (0 178 -905 ) (-60 178 -905 ) 
4 139 152 (0 178 -905 ) (0 178 -820 ) (-60 178 -820 ) (-60 178 -905 ) 
4 139 140 (-60 214 -953.974976 ) (-60 178 -953.974976 ) (-60 178 -820 ) (-60 214 -820 ) 
4 140 155 (-134.420013 178 -953.974976 ) (-60 178 -953.974976 ) (-60 178 -905 ) (-134.420013 178 -905 ) 
4 140 152 (-60 178 -905 ) (-60 178 -820 ) (-134.420013 178 -820 ) (-134.420013 178 -905 ) 
4 140 142 (-134.420013 225 -824.798035 ) (-134.420013 225 -820 ) (-134.420013 231 -820 ) (-134.420013 231 -824.798035 ) 
4 140 143 (-134.420013 231 -953.974976 ) (-134.420013 225 -953.974976 ) (-134.420013 225 -949.191040 ) (-134.420013 231 -949.191040 ) 
4 140 141 (-134.420013 262 -820 ) (-134.420013 262 -953.974976 ) (-134.420013 231 -953.974976 ) (-134.420013 231 -820 ) 
4 140 144 (-134.420013 225 -953.974976 ) (-134.420013 178 -953.974976 ) (-134.420013 178 -820 ) (-134.420013 225 -820 ) 
4 141 142 (-136.942993 231 -820 ) (-136.942993 231 -824.798035 ) (-134.420013 231 -824.798035 ) (-134.420013 231 -820 ) 
4 141 143 (-136.942993 231 -949.191040 ) (-136.942993 231 -953.974976 ) (-134.420013 231 -953.974976 ) (-134.420013 231 -949.191040 ) 
4 141 145 (-136.942993 262 -820 ) (-136.942993 262 -953.974976 ) (-136.942993 231 -953.974976 ) (-136.942993 231 -820 ) 
4 142 144 (-136.942993 225 -820 ) (-136.942993 225 -824.798035 ) (-134.420013 225 -824.798035 ) (-134.420013 225 -820 ) 
4 142 145 (-136.942993 225 -824.798035 ) (-136.942993 225 -820 ) (-136.942993 231 -820 ) (-136.942993 231 -824.798035 ) 
4 143 145 (-136.942993 231 -953.974976 ) (-136.942993 225 -953.974976 ) (-136.942993 225 -949.191040 ) (-136.942993 231 -949.191040 ) 
4 143 144 (-136.942993 225 -949.191040 ) (-136.942993 225 -953.974976 ) (-134.420013 225 -953.974976 ) (-134.420013 225 -949.191040 ) 
4 144 155 (-136.942993 178 -953.974976 ) (-134.420013 178 -953.974976 ) (-134.420013 178 -905 ) (-136.942993 178 -905 ) 
4 144 152 (-134.420013 178 -905 ) (-134.420013 178 -820 ) (-136.942993 178 -820 ) (-136.942993 178 -905 ) 
4 144 145 (-136.942993 225 -953.974976 ) (-136.942993 178 -953.974976 ) (-136.942993 178 -820 ) (-136.942993 225 -820 ) 
4 145 155 (-205.057007 178 -953.974976 ) (-136.942993 178 -953.974976 ) (-136.942993 178 -905 ) (-205.057007 178 -905 ) 
4 145 152 (-136.942993 178 -905 ) (-136.942993 178 -820 ) (-205.057007 178 -820 ) (-205.057007 178 -905 ) 
4 145 147 (-205.057007 225 -824.798035 ) (-205.057007 225 -820 ) (-205.057007 231 -820 ) (-205.057007 231 -824.798035 ) 
4 145 148 (-205.057007 231 -953.974976 ) (-205.057007 225 -953.974976 ) (-205.057007 225 -949.191040 ) (-205.057007 231 -949.191040 ) 
4 145 146 (-205.057007 262 -820 ) (-205.057007 262 -953.974976 ) (-205.057007 231 -953.974976 ) (-205.057007 231 -820 ) 
4 145 149 (-205.057007 225 -953.974976 ) (-205.057007 178 -953.974976 ) (-205.057007 178 -820 ) (-205.057007 225 -820 ) 
4 146 150 (-207.580002 262 -820 ) (-207.580002 262 -953.974976 ) (-207.580002 231 -953.974976 ) (-207.580002 231 -820 ) 
4 146 147 (-207.580002 231 -820 ) (-207.580002 231 -824.798035 ) (-205.057007 231 -824.798035 ) (-205.057007 231 -820 ) 
4 146 148 (-207.580002 231 -949.191040 ) (-207.580002 231 -953.974976 ) (-205.057007 231 -953.974976 ) (-205.057007 231 -949.191040 ) 
4 147 150 (-207.580002 225 -824.798035 ) (-207.580002 225 -820 ) (-207.580002 231 -820 ) (-207.580002 231 -824.798035 ) 
4 147 149 (-207.580002 225 -820 ) (-207.580002 225 -824.798035 ) (-205.057007 225 -824.798035 ) (-205.057007 225 -820 ) 
4 148 150 (-207.580002 231 -953.974976 ) (-207.580002 225 -953.974976 ) (-207.580002 225 -949.191040 ) (-207.580002 231 -949.191040 ) 
4 148 149 (-207.580002 225 -949.191040 ) (-207.580002 225 -953.974976 ) (-205.057007 225 -953.974976 ) (-205.057007 225 -949.191040 ) 
4 149 155 (-207.580002 178 -953.974976 ) (-205.057007 178 -953.974976 ) (-205.057007 178 -905 ) (-207.580002 178 -905 ) 
4 149 152 (-205.057007 178 -905 ) (-205.057007 178 -820 ) (-207.580002 178 -820 ) (-207.580002 178 -905 ) 
4 149 150 (-207.580002 225 -953.974976 ) (-207.580002 178 -953.974976 ) (-207.580002 178 -820 ) (-207.580002 225 -820 ) 
4 150 155 (-282 178 -953.974976 ) (-207.580002 178 -953.974976 ) (-207.580002 178 -905 ) (-282 178 -905 ) 
4 150 152 (-207.580002 178 -905 ) (-207.580002 178 -820 ) (-282 178 -820 ) (-282 178 -905 ) 
4 151 169 (-1024 262 -953.974976 ) (-1024 178 -953.974976 ) (-1024 178 -820 ) (-1024 262 -820 ) 
4 151 160 (-1024 178 -953.974976 ) (-389 178 -953.974976 ) (-389 178 -905 ) (-1024 178 -905 ) 
4 151 152 (-389 178 -905 ) (-389 178 -820 ) (-1024 178 -820 ) (-1024 178 -905 ) 
4 152 211 (0 0 -905 ) (0 0 -820 ) (-1024 0 -820 ) (-1024 0 -905 ) 
4 152 169 (-1024 0 -905 ) (-1024 0 -820 ) (-1024 178 -820 ) (-1024 178 -905 ) 
3 152 164 (-326.280090 115 -905 ) (0 115 -905 ) (0 92.280434 -905 ) 
5 152 163 (-1024 0 -905 ) (-1024 115 -905 ) (-326.280090 115 -905 ) (0 92.280434 -905 ) (0 0 -905 ) 
3 152 162 (-347 133.120499 -905 ) (-347 116.442772 -905 ) (-349.660004 116.627998 -905 ) 
4 152 161 (-347 116.442772 -905 ) (-347 115 -905 ) (-349.922577 115 -905 ) (-349.660004 116.627998 -905 ) 
5 152 160 (-1024 115 -905 ) (-1024 178 -905 ) (-347 178 -905 ) (-347 133.120499 -905 ) (-349.922577 115 -905 ) 
5 152 159 (-333 141.055099 -905 ) (-333 115.467918 -905 ) (-347 116.442772 -905 ) (-347 133.120499 -905 ) (-345.578979 141.931015 -905 ) 
4 152 158 (-339.761597 178 -905 ) (-333 178 -905 ) (-333 141.055099 -905 ) (-345.578979 141.931015 -905 ) 
4 152 157 (-333 115.467918 -905 ) (-333 115 -905 ) (-347 115 -905 ) (-347 116.442772 -905 ) 
5 152 156 (0 117.867477 -905 ) (0 115 -905 ) (-326.280121 115 -905 ) (-333 115.467918 -905 ) (-333 141.055099 -905 ) 
4 152 155 (-333 178 -905 ) (0 178 -905 ) (0 117.867477 -905 ) (-333 141.055099 -905 ) 
3 152 154 (-326.280121 115 -905 ) (-333 115 -905 ) (-333 115.467918 -905 ) 
3 152 153 (-347 178 -905 ) (-339.761597 178 -905 ) (-347 133.120499 -905 ) 
4 153 160 (-347 133.120499 -905 ) (-347 178 -905 ) (-347 178 -953.974976 ) (-347 133.120499 -953.974976 ) 
4 153 159 (-347 133.115204 -905 ) (-347 133.115204 -953.974976 ) (-345.578156 141.930954 -953.974976 ) (-345.578156 141.930939 -905 ) 
4 153 158 (-345.578156 141.930954 -953.974976 ) (-339.760742 178 -953.974976 ) (-339.760742 178 -905 ) (-345.578156 141.930939 -905 ) 
4 154 163 (-333 115 -953.974976 ) (-326.280121 115 -953.974976 ) (-326.280121 115 -905 ) (-333 115 -905 ) 
4 154 157 (-333 115 -953.974976 ) (-333 115 -905 ) (-333 115.467918 -905 ) (-333 115.467918 -953.974976 ) 
4 154 156 (-326.283722 115 -905 ) (-326.283722 115 -953.974976 ) (-333 115.467773 -953.974976 ) (-333 115.467773 -905 ) 
4 155 158 (-333 141.055099 -905 ) (-333 178 -905 ) (-333 178 -953.974976 ) (-333 141.055099 -953.974976 ) 
4 155 156 (-333 141.055420 -905 ) (-333 141.055420 -953.974976 ) (0 117.867775 -953.974976 ) (0 117.867775 -905 ) 
4 156 164 (-326.280121 115 -953.974976 ) (0 115 -953.974976 ) (0 115 -905 ) (-326.280121 115 -905 ) 
4 156 159 (-333 115.467918 -905 ) (-333 141.055099 -905 ) (-333 141.055099 -953.974976 ) (-333 115.467918 -953.974976 ) 
4 157 163 (-347 115 -953.974976 ) (-333 115 -953.974976 ) (-333 115 -905 ) (-347 115 -905 ) 
4 157 161 (-347 115 -953.974976 ) (-347 115 -905 ) (-347 116.442772 -905 ) (-347 116.442772 -953.974976 ) 
4 157 159 (-333 115.467773 -905 ) (-333 115.467773 -953.974976 ) (-347 116.442657 -953.974976 ) (-347 116.442657 -905 ) 
4 158 159 (-345.578522 141.931351 -905 ) (-345.578522 141.931351 -953.974976 ) (-333 141.055420 -953.974976 ) (-333 141.055420 -905 ) 
4 159 162 (-347 116.442772 -905 ) (-347 133.120499 -905 ) (-347 133.120499 -953.974976 ) (-347 116.442772 -953.974976 ) 
4 160 169 (-1024 178 -953.974976 ) (-1024 115 -953.974976 ) (-1024 115 -905 ) (-1024 178 -905 ) 
4 160 163 (-1024 115 -953.974976 ) (-349.922607 115 -953.974976 ) (-349.922577 115 -905 ) (-1024 115 -905 ) 
4 160 162 (-349.658905 116.627914 -953.974976 ) (-347 133.115204 -953.974976 ) (-347 133.115204 -905 ) (-349.658905 116.627914 -905 ) 
4 160 161 (-349.921448 115 -905 ) (-349.921448 115 -953.974976 ) (-349.658905 116.627914 -953.974976 ) (-349.658905 116.627914 -905 ) 
4 161 163 (-349.922607 115 -953.974976 ) (-347 115 -953.974976 ) (-347 115 -905 ) (-349.922577 115 -905 ) 
4 161 162 (-347 116.442429 -905 ) (-347 116.442429 -953.974976 ) (-349.658234 116.627441 -953.974976 ) (-349.658234 116.627441 -905 ) 
4 163 211 (0 0 -953.974976 ) (0 0 -905 ) (-1024 0 -905 ) (-1024 0 -953.974976 ) 
4 163 169 (-1024 115 -953.974976 ) (-1024 0 -953.974976 ) (-1024 0 -905 ) (-1024 115 -905 ) 
4 163 164 (0 92.280273 -953.974976 ) (-326.285156 115 -953.974976 ) (-326.285156 115 -905 ) (0 92.280083 -905 ) 
4 165 213 (0 0 -5157.120117 ) (0 0 -975 ) (-1024 0 -975 ) (-1024 0 -5157.120117 ) 
4 165 210 (-1024 1024 -975 ) (-1024 1024 -5157.120117 ) (-1024 0 -5157.120117 ) (-1024 0 -975 ) 
4 166 214 (-1024 0 -815 ) (-1024 0 557.021973 ) (-1343 0 557.021973 ) (-1343 0 -815 ) 
4 166 216 (-1343 0 557.021973 ) (-2009.340088 0 557.021973 ) (-2009.340088 0 -815 ) (-1343 0 -815 ) 
4 166 186 (-2009.340088 0 -815 ) (-2009.340088 1024 -815 ) (-1078 1024 -815 ) (-1078 0 -815 ) 
4 166 184 (-1029.219971 469 -815 ) (-1029.219971 260 -815 ) (-1078 260 -815 ) (-1078 469 -815 ) 
4 166 183 (-1029.219971 536.921997 -815 ) (-1029.219971 469 -815 ) (-1078 469 -815 ) (-1078 536.921997 -815 ) 
4 166 185 (-1029.219971 260 -815 ) (-1029.219971 0 -815 ) (-1078 0 -815 ) (-1078 260 -815 ) 
4 166 180 (-1057 539.078003 -815 ) (-1057 607 -815 ) (-1051 607 -815 ) (-1051 539.078003 -815 ) 
4 166 179 (-1029.219971 607 -815 ) (-1029.219971 536.921997 -815 ) (-1051 536.921997 -815 ) (-1051 607 -815 ) 
4 166 182 (-1057 536.921997 -815 ) (-1078 536.921997 -815 ) (-1078 607 -815 ) (-1057 607 -815 ) 
4 166 178 (-1030 757 -815 ) (-1030 607 -815 ) (-1078 607 -815 ) (-1078 757 -815 ) 
4 166 176 (-1053 757 -815 ) (-1059 757 -815 ) (-1059 817.047058 -815 ) (-1053 817.047058 -815 ) 
4 166 174 (-1030 818.953003 -815 ) (-1030 757 -815 ) (-1053 757 -815 ) (-1053 818.953003 -815 ) 
4 166 177 (-1059 757 -815 ) (-1078 757 -815 ) (-1078 818.953003 -815 ) (-1059 818.953003 -815 ) 
4 166 172 (-1030 979 -815 ) (-1030 879 -815 ) (-1078 879 -815 ) (-1078 979 -815 ) 
4 166 171 (-1078 1024 -815 ) (-1030 1024 -815 ) (-1030 979 -815 ) (-1078 979 -815 ) 
4 166 173 (-1030 879 -815 ) (-1030 818.953003 -815 ) (-1078 818.953003 -815 ) (-1078 879 -815 ) 
4 166 170 (-1030 1024 -815 ) (-1029.219971 1024 -815 ) (-1029.219971 607 -815 ) (-1030 607 -815 ) 
4 166 168 (-1024 469 -815 ) (-1024 444.864014 -815 ) (-1029.219971 444.864014 -815 ) (-1029.219971 469 -815 ) 
4 166 167 (-1029.219971 1024 -815 ) (-1024 1024 -815 ) (-1024 469 -815 ) (-1029.219971 469 -815 ) 
4 166 169 (-1024 444.864014 -815 ) (-1024 0 -815 ) (-1029.219971 0 -815 ) (-1029.219971 444.864014 -815 ) 
4 167 183 (-1029.219971 536.921997 -953.974976 ) (-1029.219971 469 -953.974976 ) (-1029.219971 469 -815 ) (-1029.219971 536.921997 -815 ) 
4 167 179 (-1029.219971 607 -953.974976 ) (-1029.219971 536.921997 -953.974976 ) (-1029.219971 536.921997 -815 ) (-1029.219971 607 -815 ) 
4 167 170 (-1029.219971 1024 -953.974976 ) (-1029.219971 607 -953.974976 ) (-1029.219971 607 -815 ) (-1029.219971 1024 -815 ) 
4 167 168 (-1029.219971 469 -815 ) (-1029.219971 469 -820 ) (-1024 469 -820 ) (-1024 469 -815 ) 
4 168 184 (-1029.219971 444.864014 -820 ) (-1029.219971 444.864014 -815 ) (-1029.219971 469 -815 ) (-1029.219971 469 -820 ) 
4 168 169 (-1029.219971 444.864014 -815 ) (-1029.219971 444.864014 -820 ) (-1024 444.864014 -820 ) (-1024 444.864014 -815 ) 
4 169 214 (-1024 0 -953.974976 ) (-1024 0 -815 ) (-1029.219971 0 -815 ) (-1029.219971 0 -953.974976 ) 
4 169 184 (-1029.219971 260 -820 ) (-1029.219971 260 -815 ) (-1029.219971 444.864014 -815 ) (-1029.219971 444.864014 -820 ) 
4 169 185 (-1029.219971 260 -953.974976 ) (-1029.219971 0 -953.974976 ) (-1029.219971 0 -815 ) (-1029.219971 260 -815 ) 
4 170 179 (-1030 607 -953.974976 ) (-1029.219971 607 -953.974976 ) (-1029.219971 607 -815 ) (-1030 607 -815 ) 
4 170 178 (-1030 607 -820 ) (-1030 607 -815 ) (-1030 757 -815 ) (-1030 757 -820 ) 
4 170 174 (-1030 818.953003 -953.974976 ) (-1030 757 -953.974976 ) (-1030 757 -815 ) (-1030 818.953003 -815 ) 
4 170 172 (-1030 879 -820 ) (-1030 879 -815 ) (-1030 979 -815 ) (-1030 979 -820 ) 
4 170 171 (-1030 1024 -953.974976 ) (-1030 979 -953.974976 ) (-1030 979 -815 ) (-1030 1024 -815 ) 
4 170 173 (-1030 879 -953.974976 ) (-1030 818.953003 -953.974976 ) (-1030 818.953003 -815 ) (-1030 879 -815 ) 
4 171 187 (-1078 1024 -953.974976 ) (-1078 979 -953.974976 ) (-1078 979 -820 ) (-1078 1024 -820 ) 
4 171 186 (-1078 979 -820 ) (-1078 979 -815 ) (-1078 1024 -815 ) (-1078 1024 -820 ) 
4 171 172 (-1078 979 -815 ) (-1078 979 -820 ) (-1030 979 -820 ) (-1030 979 -815 ) 
4 172 186 (-1078 879 -820 ) (-1078 879 -815 ) (-1078 979 -815 ) (-1078 979 -820 ) 
4 172 173 (-1078 879 -815 ) (-1078 879 -820 ) (-1030 879 -820 ) (-1030 879 -815 ) 
4 173 187 (-1078 879 -953.974976 ) (-1078 818.953003 -953.974976 ) (-1078 818.953003 -820 ) (-1078 879 -820 ) 
4 173 186 (-1078 818.953003 -820 ) (-1078 818.953003 -815 ) (-1078 879 -815 ) (-1078 879 -820 ) 
4 173 175 (-1059 818.953003 -953.974976 ) (-1053 818.953003 -953.974976 ) (-1053 818.953003 -948.828003 ) (-1059 818.953003 -948.828003 ) 
4 173 174 (-1053 818.953003 -953.974976 ) (-1030 818.953003 -953.974976 ) (-1030 818.953003 -815 ) (-1053 818.953003 -815 ) 
4 173 177 (-1078 818.953003 -815 ) (-1078 818.953003 -953.974976 ) (-1059 818.953003 -953.974976 ) (-1059 818.953003 -815 ) 
4 174 178 (-1030 757 -820 ) (-1030 757 -815 ) (-1053 757 -815 ) (-1053 757 -820 ) 
4 174 175 (-1053 818.953003 -948.828003 ) (-1053 818.953003 -953.974976 ) (-1053 817.047058 -953.974976 ) (-1053 817.047058 -948.828003 ) 
4 174 176 (-1053 817.047058 -953.974976 ) (-1053 757 -953.974976 ) (-1053 757 -815 ) (-1053 817.047058 -815 ) 
4 175 176 (-1059 817.047058 -948.828003 ) (-1059 817.047058 -953.974976 ) (-1053 817.047058 -953.974976 ) (-1053 817.047058 -948.828003 ) 
4 175 177 (-1059 818.953003 -948.828003 ) (-1059 818.953003 -953.974976 ) (-1059 817.047058 -953.974976 ) (-1059 817.047058 -948.828003 ) 
4 176 178 (-1053 757 -820 ) (-1053 757 -815 ) (-1059 757 -815 ) (-1059 757 -820 ) 
4 176 177 (-1059 817.047058 -953.974976 ) (-1059 757 -953.974976 ) (-1059 757 -815 ) (-1059 817.047058 -815 ) 
4 177 187 (-1078 818.953003 -953.974976 ) (-1078 757 -953.974976 ) (-1078 757 -820 ) (-1078 818.953003 -820 ) 
4 177 186 (-1078 757 -820 ) (-1078 757 -815 ) (-1078 818.953003 -815 ) (-1078 818.953003 -820 ) 
4 177 178 (-1078 757 -815 ) (-1078 757 -820 ) (-1059 757 -820 ) (-1059 757 -815 ) 
4 178 186 (-1078 607 -820 ) (-1078 607 -815 ) (-1078 757 -815 ) (-1078 757 -820 ) 
4 178 180 (-1057 607 -820 ) (-1051 607 -820 ) (-1051 607 -815 ) (-1057 607 -815 ) 
4 178 179 (-1051 607 -820 ) (-1030 607 -820 ) (-1030 607 -815 ) (-1051 607 -815 ) 
4 178 182 (-1078 607 -815 ) (-1078 607 -820 ) (-1057 607 -820 ) (-1057 607 -815 ) 
4 179 183 (-1051 536.921997 -953.974976 ) (-1029.219971 536.921997 -953.974976 ) (-1029.219971 536.921997 -815 ) (-1051 536.921997 -815 ) 
4 179 181 (-1051 539.078003 -953.974976 ) (-1051 536.921997 -953.974976 ) (-1051 536.921997 -948.828003 ) (-1051 539.078003 -948.828003 ) 
4 179 180 (-1051 607 -815 ) (-1051 607 -953.974976 ) (-1051 539.078003 -953.974976 ) (-1051 539.078003 -815 ) 
4 180 181 (-1057 539.078003 -948.828003 ) (-1057 539.078003 -953.974976 ) (-1051 539.078003 -953.974976 ) (-1051 539.078003 -948.828003 ) 
4 180 182 (-1057 607 -815 ) (-1057 607 -953.974976 ) (-1057 539.078003 -953.974976 ) (-1057 539.078003 -815 ) 
4 181 183 (-1057 536.921997 -953.974976 ) (-1051 536.921997 -953.974976 ) (-1051 536.921997 -948.828003 ) (-1057 536.921997 -948.828003 ) 
4 181 182 (-1057 539.078003 -953.974976 ) (-1057 536.921997 -953.974976 ) (-1057 536.921997 -948.828003 ) (-1057 539.078003 -948.828003 ) 
4 182 188 (-1078 607 -953.974976 ) (-1078 536.921997 -953.974976 ) (-1078 536.921997 -820 ) (-1078 607 -820 ) 
4 182 186 (-1078 536.921997 -820 ) (-1078 536.921997 -815 ) (-1078 607 -815 ) (-1078 607 -820 ) 
4 182 183 (-1078 536.921997 -815 ) (-1078 536.921997 -953.974976 ) (-1057 536.921997 -953.974976 ) (-1057 536.921997 -815 ) 
4 183 188 (-1078 536.921997 -953.974976 ) (-1078 469 -953.974976 ) (-1078 469 -820 ) (-1078 536.921997 -820 ) 
4 183 186 (-1078 469 -820 ) (-1078 469 -815 ) (-1078 536.921997 -815 ) (-1078 536.921997 -820 ) 
4 183 184 (-1078 469 -815 ) (-1078 469 -820 ) (-1029.219971 469 -820 ) (-1029.219971 469 -815 ) 
4 184 186 (-1078 260 -820 ) (-1078 260 -815 ) (-1078 469 -815 ) (-1078 469 -820 ) 
4 184 185 (-1078 260 -815 ) (-1078 260 -820 ) (-1029.219971 260 -820 ) (-1029.219971 260 -815 ) 
4 185 214 (-1029.219971 0 -815 ) (-1078 0 -815 ) (-1078 0 -953.974976 ) (-1029.219971 0 -953.974976 ) 
4 185 208 (-1078 260 -953.974976 ) (-1078 0 -953.974976 ) (-1078 0 -820 ) (-1078 260 -820 ) 
4 185 186 (-1078 0 -820 ) (-1078 0 -815 ) (-1078 260 -815 ) (-1078 260 -820 ) 
4 186 214 (-1078 0 -815 ) (-1343 0 -815 ) (-1343 0 -820 ) (-1078 0 -820 ) 
4 186 216 (-1343 0 -815 ) (-2009.340088 0 -815 ) (-2009.340088 0 -820 ) (-1343 0 -820 ) 
4 186 196 (-2009.340088 260 -820 ) (-2009.340088 677 -820 ) (-1080 677 -820 ) (-1080 260 -820 ) 
4 186 193 (-2009.340088 677 -820 ) (-2009.340088 1024 -820 ) (-1282 1024 -820 ) (-1282 677 -820 ) 
4 186 189 (-1282 1024 -820 ) (-1080 1024 -820 ) (-1080 687 -820 ) (-1282 687 -820 ) 
4 186 187 (-1080 1024 -820 ) (-1078 1024 -820 ) (-1078 687 -820 ) (-1080 687 -820 ) 
4 186 188 (-1078 677 -820 ) (-1078 469 -820 ) (-1080 469 -820 ) (-1080 677 -820 ) 
4 186 208 (-2009.340088 0 -820 ) (-2009.340088 260 -820 ) (-1078 260 -820 ) (-1078 0 -820 ) 
4 187 191 (-1080 1024 -953.974976 ) (-1080 687 -953.974976 ) (-1080 687 -903 ) (-1080 1024 -903 ) 
4 187 189 (-1080 687 -903 ) (-1080 687 -820 ) (-1080 1024 -820 ) (-1080 1024 -903 ) 
4 188 198 (-1080 677 -953.974976 ) (-1080 469 -953.974976 ) (-1080 469 -903 ) (-1080 677 -903 ) 
4 188 196 (-1080 469 -903 ) (-1080 469 -820 ) (-1080 677 -820 ) (-1080 677 -903 ) 
4 189 193 (-1282 687 -903 ) (-1282 687 -820 ) (-1282 1024 -820 ) (-1282 1024 -903 ) 
5 189 192 (-1281.028809 687 -903 ) (-1282 687 -903 ) (-1282 819.926636 -903 ) (-1268.042358 1024 -903 ) (-1257.984253 1024 -903 ) 
4 189 191 (-1080 687 -903 ) (-1281.028809 687 -903 ) (-1257.984253 1024 -903 ) (-1080 1024 -903 ) 
3 189 190 (-1282 819.926636 -903 ) (-1282 1024 -903 ) (-1268.042358 1024 -903 ) 
4 190 194 (-1282 1024 -953.974976 ) (-1282 819.926636 -953.974976 ) (-1282 819.926636 -903 ) (-1282 1024 -903 ) 
4 190 192 (-1268.042969 1024 -903 ) (-1282 819.933594 -903 ) (-1282 819.933594 -953.974976 ) (-1268.042969 1024 -953.974976 ) 
4 191 192 (-1281.028320 687 -953.974976 ) (-1281.028320 687 -903 ) (-1257.983887 1024 -903 ) (-1257.983887 1024 -953.974976 ) 
4 192 195 (-1282 819.926636 -953.974976 ) (-1282 687 -953.974976 ) (-1282 687 -903 ) (-1282 819.926636 -903 ) 
4 193 196 (-1282 677 -820 ) (-2009.340088 677 -820 ) (-2009.340088 677 -903 ) (-1282 677 -903 ) 
3 193 195 (-1282 819.925720 -903 ) (-1282 677 -903 ) (-1291.775391 677 -903 ) 
5 193 194 (-1282 1024 -903 ) (-1282 819.925720 -903 ) (-1291.775391 677 -903 ) (-2009.340088 677 -903 ) (-2009.340088 1024 -903 ) 
4 194 209 (-2009.340088 1024 -953.974976 ) (-1343 1024 -953.974976 ) (-1343 677 -953.974976 ) (-2009.340088 677 -953.974976 ) 
4 194 200 (-2009.340088 677 -903 ) (-2009.340088 677 -953.974976 ) (-1291.775391 677 -953.974976 ) (-1291.775391 677 -903 ) 
4 194 195 (-1282 819.921875 -953.974976 ) (-1282 819.921875 -903 ) (-1291.775146 677 -903 ) (-1291.775146 677 -953.974976 ) 
4 195 201 (-1291.775391 677 -953.974976 ) (-1282 677 -953.974976 ) (-1282 677 -903 ) (-1291.775391 677 -903 ) 
4 196 207 (-1297.550781 445.385712 -903 ) (-1307.480591 447.373718 -903 ) (-1307.095825 453 -903 ) (-1297.030029 453 -903 ) 
4 196 206 (-1080 453 -903 ) (-1080 401.831299 -903 ) (-1297.550781 445.385712 -903 ) (-1297.030029 453 -903 ) 
3 196 205 (-1307.480591 447.373718 -903 ) (-1335.583496 453 -903 ) (-1307.095825 453 -903 ) 
5 196 203 (-1296.346069 463 -903 ) (-1297.029907 453 -903 ) (-1307 453 -903 ) (-1307 454.402496 -903 ) (-1306.411987 463 -903 ) 
3 196 202 (-1307 454.402496 -903 ) (-1307 463 -903 ) (-1306.411987 463 -903 ) 
4 196 204 (-1307 453 -903 ) (-1335.583496 453 -903 ) (-1385.532715 463 -903 ) (-1307 463 -903 ) 
4 196 201 (-1291.775391 677 -903 ) (-1281.712524 677 -903 ) (-1296.346069 463 -903 ) (-1306.411865 463 -903 ) 
5 196 200 (-2009.340088 677 -903 ) (-1291.775391 677 -903 ) (-1306.411865 463 -903 ) (-1385.532715 463 -903 ) (-2009.340088 587.888367 -903 ) 
4 196 199 (-1080 463 -903 ) (-1080 453 -903 ) (-1297.029907 453 -903 ) (-1296.346069 463 -903 ) 
4 196 198 (-1281.712524 677 -903 ) (-1080 677 -903 ) (-1080 463 -903 ) (-1296.346069 463 -903 ) 
4 196 197 (-1080 401.831299 -903 ) (-1080 260 -903 ) (-2009.340088 260 -903 ) (-2009.340088 587.888367 -903 ) 
4 196 208 (-1080 260 -820 ) (-2009.340088 260 -820 ) (-2009.340088 260 -903 ) (-1080 260 -903 ) 
4 197 209 (-1343 260 -953.974976 ) (-2009.340088 260 -953.974976 ) (-2009.340088 587.888367 -953.974976 ) (-1343 454.484802 -953.974976 ) 
4 197 207 (-1307.480591 447.373749 -903 ) (-1297.550659 445.385742 -903 ) (-1297.550781 445.385742 -953.974976 ) (-1307.480591 447.373749 -953.974976 ) 
4 197 206 (-1297.550659 445.385742 -903 ) (-1080 401.831329 -903 ) (-1080 401.831329 -953.974976 ) (-1297.550781 445.385742 -953.974976 ) 
4 197 205 (-1335.583374 453 -903 ) (-1307.480591 447.373749 -903 ) (-1307.480591 447.373749 -953.974976 ) (-1335.583374 453 -953.974976 ) 
4 197 204 (-1385.532593 463 -903 ) (-1335.583374 453 -903 ) (-1335.583374 453 -953.974976 ) (-1385.532593 463 -953.974976 ) 
4 197 200 (-2009.340088 587.888428 -953.974976 ) (-2009.340088 587.888428 -903 ) (-1385.532593 463 -903 ) (-1385.532593 463 -953.974976 ) 
4 197 208 (-2009.340088 260 -903 ) (-2009.340088 260 -953.974976 ) (-1080 260 -953.974976 ) (-1080 260 -903 ) 
4 198 201 (-1296.346069 463 -903 ) (-1281.712524 677 -903 ) (-1281.712524 677 -953.974976 ) (-1296.346069 463 -953.974976 ) 
4 198 199 (-1296.347656 463 -903 ) (-1296.347656 463 -953.974976 ) (-1080 463 -953.974976 ) (-1080 463 -903 ) 
4 199 206 (-1297.029907 453 -953.974976 ) (-1080 453 -953.974976 ) (-1080 453 -903 ) (-1297.029907 453 -903 ) 
4 199 203 (-1297.029907 453 -953.974976 ) (-1297.029907 453 -903 ) (-1296.346069 463 -903 ) (-1296.346069 463 -953.974976 ) 
5 200 209 (-1385.532715 463 -953.974976 ) (-2009.340088 587.888367 -953.974976 ) (-2009.340088 677 -953.974976 ) (-1343 677 -953.974976 ) (-1343 463 -953.974976 ) 
4 200 202 (-1307 463 -953.974976 ) (-1306.411865 463 -953.974976 ) (-1306.411865 463 -903 ) (-1307 463 -903 ) 
4 200 204 (-1385.534058 463 -903 ) (-1385.534058 463 -953.974976 ) (-1307 463 -953.974976 ) (-1307 463 -903 ) 
4 200 201 (-1306.411499 463 -903 ) (-1306.411499 463 -953.974976 ) (-1291.775146 677 -953.974976 ) (-1291.775146 677 -903 ) 
4 201 203 (-1306.411865 463 -953.974976 ) (-1296.347656 463 -953.974976 ) (-1296.347656 463 -903 ) (-1306.411865 463 -903 ) 
4 202 204 (-1307 463 -903 ) (-1307 463 -953.974976 ) (-1307 454.402496 -953.974976 ) (-1307 454.402496 -903 ) 
4 202 203 (-1307 454.394531 -903 ) (-1307 454.394531 -953.974976 ) (-1306.411621 463 -953.974976 ) (-1306.411621 463 -903 ) 
4 203 207 (-1307 453 -953.974976 ) (-1297.029907 453 -953.974976 ) (-1297.029907 453 -903 ) (-1307 453 -903 ) 
4 203 204 (-1307 454.402496 -953.974976 ) (-1307 453 -953.974976 ) (-1307 453 -903 ) (-1307 454.402496 -903 ) 
3 204 209 (-1343 454.484802 -953.974976 ) (-1385.532715 463 -953.974976 ) (-1343 463 -953.974976 ) 
4 204 205 (-1335.583984 453 -903 ) (-1335.583984 453 -953.974976 ) (-1307 453 -953.974976 ) (-1307 453 -903 ) 
4 205 207 (-1307.480347 447.376343 -903 ) (-1307.480347 447.376343 -953.974976 ) (-1307.095581 453 -953.974976 ) (-1307.095581 453 -903 ) 
4 206 207 (-1297.029907 453 -903 ) (-1297.029907 453 -953.974976 ) (-1297.550659 445.384277 -953.974976 ) (-1297.550659 445.384277 -903 ) 
4 208 214 (-1343 0 -953.974976 ) (-1078 0 -953.974976 ) (-1078 0 -820 ) (-1343 0 -820 ) 
4 208 216 (-2009.340088 0 -820 ) (-2009.340088 0 -953.974976 ) (-1343 0 -953.974976 ) (-1343 0 -820 ) 
4 208 209 (-1343 0 -953.974976 ) (-2009.340088 0 -953.974976 ) (-2009.340088 260 -953.974976 ) (-1343 260 -953.974976 ) 
4 209 216 (-1343 0 -953.974976 ) (-2009.340088 0 -953.974976 ) (-2009.340088 0 -975 ) (-1343 0 -975 ) 
4 209 210 (-2009.340088 0 -975 ) (-2009.340088 1024 -975 ) (-1343 1024 -975 ) (-1343 0 -975 ) 
4 210 217 (-1024 0 -5157.120117 ) (-1024 0 -975 ) (-2009.340088 0 -975 ) (-2009.340088 0 -5157.120117 ) 
4 211 214 (-1024 0 557.021973 ) (-1024 0 -953.974976 ) (-1024 -174 -953.974976 ) (-1024 -174 557.021973 ) 
4 211 212 (0 -174 -953.974976 ) (0 -174 557.021973 ) (-1024 -174 557.021973 ) (-1024 -174 -953.974976 ) 
4 212 218 (0 -1024 -975 ) (0 -1024 557.021973 ) (-1024 -1024 557.021973 ) (-1024 -1024 -975 ) 
4 212 215 (-1024 -174 -975 ) (-1024 -1024 -975 ) (-1024 -1024 557.021973 ) (-1024 -174 557.021973 ) 
4 212 213 (0 -1024 -975 ) (-1024 -1024 -975 ) (-1024 -174 -975 ) (0 -174 -975 ) 
4 213 218 (0 -1024 -5157.120117 ) (0 -1024 -975 ) (-1024 -1024 -975 ) (-1024 -1024 -5157.120117 ) 
4 213 217 (-1024 0 -975 ) (-1024 0 -5157.120117 ) (-1024 -1024 -5157.120117 ) (-1024 -1024 -975 ) 
4 214 215 (-1343 -174 557.021973 ) (-1343 -174 -953.974976 ) (-1024 -174 -953.974976 ) (-1024 -174 557.021973 ) 
4 214 216 (-1343 -174 -953.974976 ) (-1343 -174 557.021973 ) (-1343 0 557.021973 ) (-1343 0 -953.974976 ) 
4 215 219 (-1024 -1024 -975 ) (-1024 -1024 557.021973 ) (-1343 -1024 557.021973 ) (-1343 -1024 -975 ) 
4 215 217 (-1024 -174 -975 ) (-1024 -1024 -975 ) (-1343 -1024 -975 ) (-1343 -174 -975 ) 
4 215 216 (-1343 -174 -975 ) (-1343 -1024 -975 ) (-1343 -1024 557.021973 ) (-1343 -174 557.021973 ) 
4 216 219 (-1343 -1024 557.021973 ) (-2009.340088 -1024 557.021973 ) (-2009.340088 -1024 -975 ) (-1343 -1024 -975 ) 
4 216 217 (-2009.340088 -1024 -975 ) (-2009.340088 0 -975 ) (-1343 0 -975 ) (-1343 -1024 -975 ) 
4 217 219 (-1024 -1024 -5157.120117 ) (-1024 -1024 -975 ) (-2009.340088 -1024 -975 ) (-2009.340088 -1024 -5157.120117 ) 
4 218 219 (-1024 -1024 557.021973 ) (-1024 -1024 -5157.120117 ) (-1024 -1519.360107 -5157.120117 ) (-1024 -1519.360107 557.021973 ) 
