PRT1
265
862
4 0 3 (2892.220215 2048 -881.585083 ) (2892.220215 2048 953.580017 ) (2048 2048 953.580017 ) (2048 2048 -881.585083 ) 
4 0 1 (2048 2048 -881.585083 ) (2048 2048 953.580017 ) (2048 2080.409912 953.580017 ) (2048 2080.409912 -881.585083 ) 
4 1 5 (2048 2048 -881.585083 ) (2048 2048 953.580017 ) (1024 2048 953.580017 ) (1024 2048 -881.585083 ) 
4 1 2 (1024 2048 -881.585083 ) (1024 2048 953.580017 ) (1024 2080.409912 953.580017 ) (1024 2080.409912 -881.585083 ) 
4 2 34 (0 2048 -881.585083 ) (0 2048 953.580017 ) (0 2080.409912 953.580017 ) (0 2080.409912 -881.585083 ) 
4 2 6 (1024 2048 -881.585083 ) (1024 2048 953.580017 ) (0 2048 953.580017 ) (0 2048 -881.585083 ) 
4 3 5 (2048 2048 953.580017 ) (2048 2048 -881.585083 ) (2048 1024 -881.585083 ) (2048 1024 953.580017 ) 
4 3 4 (2892.220215 1024 -881.585083 ) (2892.220215 1024 953.580017 ) (2048 1024 953.580017 ) (2048 1024 -881.585083 ) 
4 4 152 (2892.220215 0 -881.585083 ) (2892.220215 0 953.580017 ) (2048 0 953.580017 ) (2048 0 -881.585083 ) 
4 4 7 (2048 0 -881.585083 ) (2048 0 953.580017 ) (2048 1024 953.580017 ) (2048 1024 -881.585083 ) 
4 5 7 (2048 1024 -881.585083 ) (2048 1024 953.580017 ) (1024 1024 953.580017 ) (1024 1024 -881.585083 ) 
4 5 6 (1024 2048 953.580017 ) (1024 2048 -881.585083 ) (1024 1024 -881.585083 ) (1024 1024 953.580017 ) 
4 6 40 (0 1024 -881.585083 ) (0 1024 -249 ) (0 2048 -249 ) (0 2048 -881.585083 ) 
4 6 38 (0 1024 -249 ) (0 1024 -205.585007 ) (0 2048 -205.585007 ) (0 2048 -249 ) 
4 6 37 (0 1024 -205.585007 ) (0 1024 953.580017 ) (0 2048 953.580017 ) (0 2048 -205.585007 ) 
4 6 24 (1024 1024 -881.585083 ) (1024 1024 -156 ) (0 1024 -156 ) (0 1024 -881.585083 ) 
4 6 15 (83 1024 2 ) (0 1024 2 ) (0 1024 -156 ) (83 1024 -156 ) 
4 6 12 (165 1024 2 ) (83 1024 2 ) (83 1024 -156 ) (165 1024 -156 ) 
4 6 10 (202 1024 2 ) (165 1024 2 ) (165 1024 -156 ) (202 1024 -156 ) 
4 6 9 (1024 1024 -156 ) (1024 1024 2 ) (202 1024 2 ) (202 1024 -156 ) 
4 6 8 (1024 1024 2 ) (1024 1024 953.580017 ) (0 1024 953.580017 ) (0 1024 2 ) 
4 7 154 (2048 0 -881.585083 ) (2048 0 953.580017 ) (1024 0 953.580017 ) (1024 0 -881.585083 ) 
4 7 25 (1024 0 -320 ) (1024 0 -156 ) (1024 916 -156 ) (1024 916 -320 ) 
4 7 29 (1024 916 -881.585083 ) (1024 0 -881.585083 ) (1024 0 -320 ) (1024 916 -320 ) 
4 7 24 (1024 1024 -156 ) (1024 1024 -881.585083 ) (1024 916 -881.585083 ) (1024 916 -156 ) 
4 7 9 (1024 1024 2 ) (1024 1024 -156 ) (1024 0 -156 ) (1024 0 2 ) 
4 7 8 (1024 1024 953.580017 ) (1024 1024 2 ) (1024 0 2 ) (1024 0 953.580017 ) 
4 8 155 (1024 0 2 ) (1024 0 953.580017 ) (0 0 953.580017 ) (0 0 2 ) 
4 8 50 (0 0 2 ) (0 0 11.374800 ) (0 1024 11.374800 ) (0 1024 2 ) 
4 8 46 (0 0 11.374800 ) (0 0 24 ) (0 1024 24 ) (0 1024 11.374800 ) 
4 8 45 (0 0 24 ) (0 0 953.580017 ) (0 1024 953.580017 ) (0 1024 24 ) 
4 8 23 (83 0 2 ) (0 0 2 ) (0 58 2 ) (83 58 2 ) 
4 8 19 (83 615 2 ) (83 536 2 ) (73 536 2 ) (73 615 2 ) 
4 8 21 (0 68 2 ) (0 714 2 ) (73 714 2 ) (73 68 2 ) 
4 8 16 (0 871 2 ) (0 902 2 ) (83 902 2 ) (83 871 2 ) 
4 8 15 (0 902 2 ) (0 1024 2 ) (83 1024 2 ) (83 902 2 ) 
4 8 17 (0 724 2 ) (0 871 2 ) (83 871 2 ) (83 724 2 ) 
4 8 13 (83 871 2 ) (83 902 2 ) (165 902 2 ) (165 871 2 ) 
4 8 12 (83 902 2 ) (83 1024 2 ) (165 1024 2 ) (165 902 2 ) 
4 8 14 (165 0 2 ) (83 0 2 ) (83 871 2 ) (165 871 2 ) 
4 8 11 (202 0 2 ) (165 0 2 ) (165 904 2 ) (202 904 2 ) 
4 8 10 (165 904 2 ) (165 1024 2 ) (202 1024 2 ) (202 904 2 ) 
4 8 9 (1024 1024 2 ) (1024 0 2 ) (202 0 2 ) (202 1024 2 ) 
4 9 156 (1024 0 -156 ) (1024 0 -24 ) (202 0 -24 ) (202 0 -156 ) 
4 9 155 (1024 0 -24 ) (1024 0 2 ) (202 0 2 ) (202 0 -24 ) 
4 9 25 (1024 0 -156 ) (202 0 -156 ) (202 916 -156 ) (1024 916 -156 ) 
4 9 24 (202 916 -156 ) (202 1024 -156 ) (1024 1024 -156 ) (1024 916 -156 ) 
4 9 11 (202 0 -24 ) (202 0 2 ) (202 904 2 ) (202 904 -24 ) 
4 9 10 (202 1024 -156 ) (202 904 -156 ) (202 904 2 ) (202 1024 2 ) 
4 10 26 (165 904 -156 ) (165 916 -156 ) (202 916 -156 ) (202 904 -156 ) 
4 10 24 (165 916 -156 ) (165 1024 -156 ) (202 1024 -156 ) (202 916 -156 ) 
4 10 12 (165 1024 -156 ) (165 904 -156 ) (165 904 2 ) (165 1024 2 ) 
4 10 11 (165 904 2 ) (165 904 -24 ) (202 904 -24 ) (202 904 2 ) 
4 11 155 (202 0 2 ) (165 0 2 ) (165 0 -24 ) (202 0 -24 ) 
4 11 13 (165 871 2 ) (165 902 2 ) (165 902 -24 ) (165 871 -24 ) 
4 11 12 (165 902 2 ) (165 904 2 ) (165 904 -24 ) (165 902 -24 ) 
4 11 14 (165 0 -24 ) (165 0 2 ) (165 871 2 ) (165 871 -24 ) 
4 12 30 (83 902 -156 ) (83 916 -156 ) (165 916 -156 ) (165 902 -156 ) 
4 12 24 (83 916 -156 ) (83 1024 -156 ) (165 1024 -156 ) (165 916 -156 ) 
4 12 15 (83 1024 -156 ) (83 902 -156 ) (83 902 2 ) (83 1024 2 ) 
4 12 13 (83 902 2 ) (83 902 -24 ) (165 902 -24 ) (165 902 2 ) 
4 13 16 (83 871 -24 ) (83 871 2 ) (83 902 2 ) (83 902 -24 ) 
4 13 14 (83 871 2 ) (83 871 -24 ) (165 871 -24 ) (165 871 2 ) 
4 14 178 (83 0 -154 ) (83 0 -156 ) (165 0 -156 ) (165 0 -154 ) 
4 14 177 (128.741867 0 -154 ) (158.740601 0 -154 ) (158.740585 0 -112.069000 ) (128.741867 0 -112.069000 ) 
4 14 176 (83 0 -112.069000 ) (83 0 -154 ) (128.741867 0 -154 ) (128.741867 0 -112.069000 ) 
4 14 175 (158.740601 0 -154 ) (165 0 -154 ) (165 0 -112.069000 ) (158.740585 0 -112.069000 ) 
4 14 169 (83 0 -79 ) (83 0 -112.069000 ) (158.727509 0 -112.069000 ) (158.727509 0 -79 ) 
4 14 168 (158.727509 0 -112.069000 ) (165 0 -112.069000 ) (165 0 -79 ) (158.727509 0 -79 ) 
4 14 162 (128.741821 0 -79 ) (158.740570 0 -79 ) (158.739670 0 -54 ) (128.749359 0 -54 ) 
4 14 161 (158.740570 0 -79 ) (165 0 -79 ) (165 0 -54 ) (158.739670 0 -54 ) 
4 14 159 (83 0 -54 ) (83 0 -79 ) (128.741821 0 -79 ) (128.749359 0 -54 ) 
4 14 158 (83 0 -24 ) (83 0 -54 ) (165 0 -54 ) (165 0 -24 ) 
4 14 155 (165 0 2 ) (83 0 2 ) (83 0 -24 ) (165 0 -24 ) 
4 14 31 (83 736 -156 ) (83 871 -156 ) (165 871 -156 ) (165 736 -156 ) 
4 14 32 (165 0 -156 ) (83 0 -156 ) (83 46 -156 ) (165 46 -156 ) 
4 14 23 (83 58 -156 ) (83 0 -156 ) (83 0 2 ) (83 58 2 ) 
4 14 20 (83 188 -111.240997 ) (83 188 -26.759502 ) (83 345 -26.759502 ) (83 345 -111.240997 ) 
4 14 19 (83 615 -156 ) (83 536 -156 ) (83 536 2 ) (83 615 2 ) 
4 14 17 (83 871 -156 ) (83 724 -156 ) (83 724 2 ) (83 871 2 ) 
4 15 54 (0 902 2 ) (0 1024 2 ) (0 1024 -156 ) (0 902 -156 ) 
4 15 30 (0 902 -156 ) (0 916 -156 ) (83 916 -156 ) (83 902 -156 ) 
4 15 24 (0 916 -156 ) (0 1024 -156 ) (83 1024 -156 ) (83 916 -156 ) 
4 15 16 (83 902 -24 ) (83 902 2 ) (0 902 2 ) (0 902 -24 ) 
4 16 56 (0 902 -19 ) (0 902 -24 ) (0 871 -24 ) (0 871 -19 ) 
4 16 55 (0 871 2 ) (0 902 2 ) (0 902 -19 ) (0 871 -19 ) 
4 16 17 (83 871 -24 ) (83 871 2 ) (0 871 2 ) (0 871 -24 ) 
4 17 62 (0 724 2 ) (0 736 2 ) (0 736 -156 ) (0 724 -156 ) 
4 17 58 (0 871 -19 ) (0 871 -156 ) (0 869 -156 ) (0 869 -19 ) 
4 17 55 (0 869 2 ) (0 871 2 ) (0 871 -19 ) (0 869 -19 ) 
4 17 60 (0 736 2 ) (0 869 2 ) (0 869 -156 ) (0 736 -156 ) 
4 17 31 (0 736 -156 ) (0 871 -156 ) (83 871 -156 ) (83 736 -156 ) 
4 17 18 (20.294102 724 -100.076004 ) (20.294102 724 -23.924101 ) (0 724 -23.924101 ) (0 724 -100.076004 ) 
4 18 68 (0 724 -23.924101 ) (0 724 -100.076004 ) (0 714 -100.076004 ) (0 714 -23.924101 ) 
4 18 21 (20.294102 714 -100.076004 ) (20.294102 714 -23.924101 ) (0 714 -23.924101 ) (0 714 -100.076004 ) 
4 19 21 (73 615 -156 ) (73 536 -156 ) (73 536 2 ) (73 615 2 ) 
4 20 21 (73 188 -111.240997 ) (73 188 -26.759502 ) (73 345 -26.759502 ) (73 345 -111.240997 ) 
4 21 73 (0 68 2 ) (0 714 2 ) (0 714 -156 ) (0 68 -156 ) 
4 21 22 (51 68 -111.240997 ) (51 68 -26.759502 ) (0 68 -26.759502 ) (0 68 -111.240997 ) 
4 22 78 (0 68 -26.759502 ) (0 68 -111.240997 ) (0 58 -111.240997 ) (0 58 -26.759502 ) 
4 22 23 (51 58 -111.240997 ) (51 58 -26.759502 ) (0 58 -26.759502 ) (0 58 -111.240997 ) 
4 23 178 (0 0 -154 ) (0 0 -156 ) (83 0 -156 ) (83 0 -154 ) 
4 23 176 (0 0 -112.069000 ) (0 0 -154 ) (83 0 -154 ) (83 0 -112.069000 ) 
4 23 169 (0 0 -79 ) (0 0 -112.069000 ) (83 0 -112.069000 ) (83 0 -79 ) 
4 23 159 (0 0 -54 ) (0 0 -79 ) (83 0 -79 ) (83 0 -54 ) 
4 23 158 (0 0 -24 ) (0 0 -54 ) (83 0 -54 ) (83 0 -24 ) 
4 23 155 (83 0 2 ) (0 0 2 ) (0 0 -24 ) (83 0 -24 ) 
4 23 92 (0 0 -156 ) (0 0 2 ) (0 58 2 ) (0 58 -156 ) 
4 23 32 (83 0 -156 ) (0 0 -156 ) (0 46 -156 ) (83 46 -156 ) 
4 24 66 (0 1024 -249 ) (0 1024 -881.585083 ) (0 916 -881.585083 ) (0 916 -249 ) 
4 24 65 (0 1024 -205.585007 ) (0 1024 -249 ) (0 916 -249 ) (0 916 -205.585007 ) 
4 24 64 (0 1024 -161.585007 ) (0 1024 -205.585007 ) (0 916 -205.585007 ) (0 916 -161.585007 ) 
4 24 54 (0 916 -156 ) (0 1024 -156 ) (0 1024 -161.585007 ) (0 916 -161.585007 ) 
4 24 30 (165 916 -161.585007 ) (165 916 -156 ) (0 916 -156 ) (0 916 -161.585007 ) 
4 24 33 (0 916 -881.585083 ) (165 916 -881.585083 ) (165 916 -320 ) (0 916 -320 ) 
4 24 27 (167 916 -320 ) (202 916 -320 ) (202 916 -161.585007 ) (167 916 -161.585007 ) 
4 24 26 (202 916 -156 ) (165 916 -156 ) (165 916 -161.585007 ) (202 916 -161.585007 ) 
4 24 25 (1024 916 -320 ) (1024 916 -156 ) (202 916 -156 ) (202 916 -320 ) 
4 24 29 (165 916 -881.585083 ) (1024 916 -881.585083 ) (1024 916 -320 ) (165 916 -320 ) 
4 25 156 (1024 0 -320 ) (1024 0 -156 ) (202 0 -156 ) (202 0 -320 ) 
4 25 28 (202 904 -320 ) (202 0 -320 ) (202 0 -182 ) (202 904 -182 ) 
4 25 27 (202 916 -161.585007 ) (202 916 -320 ) (202 904 -320 ) (202 904 -161.585007 ) 
4 25 26 (202 916 -156 ) (202 916 -161.585007 ) (202 904 -161.585007 ) (202 904 -156 ) 
4 25 29 (1024 0 -320 ) (202 0 -320 ) (202 916 -320 ) (1024 916 -320 ) 
4 26 30 (165 916 -156 ) (165 916 -161.585007 ) (165 904 -161.585007 ) (165 904 -156 ) 
4 26 27 (167 916 -161.585007 ) (202 916 -161.585007 ) (202 904 -161.585007 ) (167 904 -161.585007 ) 
4 27 28 (167 904 -320 ) (202 904 -320 ) (202 904 -182 ) (167 904 -182 ) 
4 27 29 (167 916 -320 ) (202 916 -320 ) (202 904 -320 ) (167 904 -320 ) 
4 28 181 (167 0 -320 ) (202 0 -320 ) (202 0 -182 ) (167 0 -182 ) 
4 28 29 (202 0 -320 ) (167 0 -320 ) (167 904 -320 ) (202 904 -320 ) 
4 29 195 (1024 0 -881.585083 ) (1024 0 -320 ) (165 0 -320 ) (165 0 -881.585083 ) 
4 29 33 (165 916 -320 ) (165 916 -881.585083 ) (165 0 -881.585083 ) (165 0 -320 ) 
4 30 54 (0 902 -156 ) (0 916 -156 ) (0 916 -161.585007 ) (0 902 -161.585007 ) 
4 31 58 (0 869 -156 ) (0 871 -156 ) (0 871 -161.585007 ) (0 869 -161.585007 ) 
4 31 60 (0 736 -156 ) (0 869 -156 ) (0 869 -161.585007 ) (0 736 -161.585007 ) 
4 32 178 (165 0 -156 ) (0 0 -156 ) (0 0 -161.585007 ) (165 0 -161.585007 ) 
4 32 136 (0 0 -161.585007 ) (0 0 -156 ) (0 46 -156 ) (0 46 -161.585007 ) 
4 33 195 (0 0 -320 ) (0 0 -881.585083 ) (165 0 -881.585083 ) (165 0 -320 ) 
4 33 140 (0 0 -881.585083 ) (0 0 -320 ) (0 714 -320 ) (0 714 -881.585083 ) 
4 33 72 (0 714 -320 ) (0 724 -320 ) (0 724 -881.585083 ) (0 714 -881.585083 ) 
4 33 67 (0 724 -320 ) (0 916 -320 ) (0 916 -881.585083 ) (0 724 -881.585083 ) 
4 34 40 (0 2048 -881.585083 ) (0 2048 -249 ) (-1024 2048 -249 ) (-1024 2048 -881.585083 ) 
4 34 39 (-633.313416 2048 -205.585007 ) (-1024 2048 -205.585007 ) (-1024 2048 -249 ) (-633.313477 2048 -249 ) 
4 34 38 (0 2048 -249 ) (0 2048 -205.585007 ) (-633.313416 2048 -205.585007 ) (-633.313477 2048 -249 ) 
4 34 37 (0 2048 -205.585007 ) (0 2048 953.580017 ) (-1024 2048 953.580017 ) (-1024 2048 -205.585007 ) 
4 34 35 (-1024 2048 -881.585083 ) (-1024 2048 953.580017 ) (-1024 2080.409912 953.580017 ) (-1024 2080.409912 -881.585083 ) 
4 35 44 (-1024 2048 -881.585083 ) (-1024 2048 -249 ) (-2048 2048 -249 ) (-2048 2048 -881.585083 ) 
4 35 43 (-1024 2048 -249 ) (-1024 2048 -205.585007 ) (-1116.027100 2048 -205.585007 ) (-1116.027100 2048 -249 ) 
4 35 42 (-1116.027100 2048 -205.585007 ) (-2048 2048 -205.585007 ) (-2048 2048 -249 ) (-1116.027100 2048 -249 ) 
4 35 41 (-1024 2048 -205.585007 ) (-1024 2048 953.580017 ) (-2048 2048 953.580017 ) (-2048 2048 -205.585007 ) 
4 35 36 (-2048 2048 -881.585083 ) (-2048 2048 953.580017 ) (-2048 2080.409912 953.580017 ) (-2048 2080.409912 -881.585083 ) 
4 36 150 (-2048 2048 -881.585083 ) (-2048 2048 953.580017 ) (-2894.899902 2048 953.580017 ) (-2894.899902 2048 -881.585083 ) 
4 37 64 (0 1024 -205.585007 ) (0 1024 -161.585007 ) (-1024 1024 -161.585007 ) (-1024 1024 -205.585007 ) 
4 37 54 (0 1024 -161.585007 ) (0 1024 2 ) (-931 1024 2 ) (-931 1024 -161.585007 ) 
4 37 61 (-931 1024 2 ) (-1024 1024 2 ) (-1024 1024 -161.585007 ) (-931 1024 -161.585007 ) 
4 37 51 (-347 1024 11.374800 ) (-369 1024 11.374800 ) (-369 1024 2 ) (-347 1024 2 ) 
4 37 50 (0 1024 2 ) (0 1024 11.374800 ) (-347 1024 11.374800 ) (-347 1024 2 ) 
4 37 53 (-369 1024 11.374800 ) (-1024 1024 11.374800 ) (-1024 1024 2 ) (-369 1024 2 ) 
4 37 47 (-367 1024 24 ) (-389 1024 24 ) (-389 1024 11.374800 ) (-367 1024 11.374800 ) 
4 37 46 (0 1024 11.374800 ) (0 1024 24 ) (-367 1024 24 ) (-367 1024 11.374800 ) 
4 37 49 (-389 1024 24 ) (-1024 1024 24 ) (-1024 1024 11.374800 ) (-389 1024 11.374800 ) 
4 37 45 (0 1024 24 ) (0 1024 953.580017 ) (-1024 1024 953.580017 ) (-1024 1024 24 ) 
4 37 41 (-1024 2048 953.580017 ) (-1024 2048 -205.585007 ) (-1024 1024 -205.585007 ) (-1024 1024 953.580017 ) 
4 37 39 (-1024 1165.861084 -205.585007 ) (-1024 2048 -205.585007 ) (-633.313477 2048 -205.585007 ) (-921.729980 1070.600098 -205.585007 ) 
4 37 38 (0 1024 -205.585007 ) (-935.481018 1024 -205.585007 ) (-633.313477 2048 -205.585007 ) (0 2048 -205.585007 ) 
4 38 65 (0 1024 -249 ) (0 1024 -205.585007 ) (-935.481018 1024 -205.585007 ) (-935.481018 1024 -249 ) 
4 38 40 (0 1024 -249 ) (-935.481018 1024 -249 ) (-633.313477 2048 -249 ) (0 2048 -249 ) 
4 38 39 (-633.312500 2048 -249 ) (-921.729248 1070.599365 -249 ) (-921.730225 1070.600220 -205.585007 ) (-633.313660 2048 -205.585007 ) 
4 39 43 (-1024 2048 -205.585007 ) (-1024 2048 -249 ) (-1024 1165.861084 -249 ) (-1024 1165.861084 -205.585007 ) 
4 39 40 (-1024 1165.861084 -249 ) (-1024 2048 -249 ) (-633.313477 2048 -249 ) (-921.729980 1070.600098 -249 ) 
4 40 66 (0 1024 -881.585083 ) (0 1024 -249 ) (-1024 1024 -249 ) (-1024 1024 -881.585083 ) 
4 40 44 (-1024 2048 -249 ) (-1024 2048 -881.585083 ) (-1024 1024 -881.585083 ) (-1024 1024 -249 ) 
4 41 150 (-2048 2048 953.580017 ) (-2048 2048 -205.585007 ) (-2048 1024 -205.585007 ) (-2048 1024 953.580017 ) 
4 41 146 (-1345 1024 -161.585007 ) (-1418.194702 1024 -161.585007 ) (-1418.194580 1024 -205.585007 ) (-1345 1024 -205.585007 ) 
4 41 145 (-1024 1024 -205.585007 ) (-1024 1024 -161.585007 ) (-1345 1024 -161.585007 ) (-1345 1024 -205.585007 ) 
4 41 144 (-1418.194702 1024 -161.585007 ) (-2048 1024 -161.585007 ) (-2048 1024 -205.585007 ) (-1418.194580 1024 -205.585007 ) 
4 41 142 (-1024 1024 -161.585007 ) (-1024 1024 -24 ) (-2048 1024 -24 ) (-2048 1024 -161.585007 ) 
4 41 141 (-1024 1024 -24 ) (-1024 1024 953.580017 ) (-2048 1024 953.580017 ) (-2048 1024 -24 ) 
4 41 43 (-1116.027100 2048 -205.585007 ) (-1024 2048 -205.585007 ) (-1024 1165.861084 -205.585007 ) (-1300.369995 1423.290039 -205.585007 ) 
4 41 42 (-2048 2048 -205.585007 ) (-1116.027100 2048 -205.585007 ) (-1418.194702 1024 -205.585007 ) (-2048 1024 -205.585007 ) 
4 42 150 (-2048 2048 -205.585007 ) (-2048 2048 -249 ) (-2048 1024 -249 ) (-2048 1024 -205.585007 ) 
4 42 144 (-1418.194702 1024 -205.585007 ) (-2048 1024 -205.585007 ) (-2048 1024 -249 ) (-1418.194580 1024 -249 ) 
4 42 44 (-2048 2048 -249 ) (-1116.027100 2048 -249 ) (-1418.194702 1024 -249 ) (-2048 1024 -249 ) 
4 42 43 (-1300.370361 1423.290405 -249 ) (-1116.027588 2048 -249 ) (-1116.029297 2048 -205.585007 ) (-1300.371582 1423.291626 -205.585007 ) 
4 43 44 (-1116.027100 2048 -249 ) (-1024 2048 -249 ) (-1024 1165.861084 -249 ) (-1300.369995 1423.290039 -249 ) 
4 44 150 (-2048 2048 -249 ) (-2048 2048 -881.585083 ) (-2048 1024 -881.585083 ) (-2048 1024 -249 ) 
4 44 147 (-1024 1024 -320 ) (-1024 1024 -249 ) (-1345 1024 -249 ) (-1345 1024 -320 ) 
4 44 148 (-1345 1024 -249 ) (-1418.194702 1024 -249 ) (-1418.194580 1024 -320 ) (-1345 1024 -320 ) 
4 44 144 (-1418.194702 1024 -249 ) (-2048 1024 -249 ) (-2048 1024 -320 ) (-1418.194580 1024 -320 ) 
4 44 149 (-1024 1024 -881.585083 ) (-1024 1024 -320 ) (-2048 1024 -320 ) (-2048 1024 -881.585083 ) 
4 45 201 (0 0 24 ) (0 0 953.580017 ) (-1024 0 953.580017 ) (-1024 0 24 ) 
4 45 141 (-1024 1024 953.580017 ) (-1024 1024 24 ) (-1024 0 24 ) (-1024 0 953.580017 ) 
4 45 47 (-389 1024 24 ) (-367 1024 24 ) (-367 714 24 ) (-389 714 24 ) 
4 45 48 (-367 617.416992 24 ) (-367 0 24 ) (-389 0 24 ) (-389 617.416992 24 ) 
4 45 46 (-367 1024 24 ) (0 1024 24 ) (0 0 24 ) (-367 0 24 ) 
4 45 49 (-1024 1024 24 ) (-389 1024 24 ) (-389 0 24 ) (-1024 0 24 ) 
4 46 201 (0 0 11.374800 ) (0 0 24 ) (-367 0 24 ) (-367 0 11.374800 ) 
4 46 51 (-367 714 11.374800 ) (-367 1024 11.374800 ) (-347 1024 11.374800 ) (-347 714 11.374800 ) 
4 46 52 (-347 0 11.374800 ) (-367 0 11.374800 ) (-367 617.416992 11.374800 ) (-347 617.416992 11.374800 ) 
4 46 50 (0 0 11.374800 ) (-347 0 11.374800 ) (-347 1024 11.374800 ) (0 1024 11.374800 ) 
4 46 47 (-367 1024 11.374800 ) (-367 714 11.374800 ) (-367 714 24 ) (-367 1024 24 ) 
4 46 48 (-367 617.416992 11.374800 ) (-367 0 11.374800 ) (-367 0 24 ) (-367 617.416992 24 ) 
4 47 51 (-369 1024 11.374800 ) (-367 1024 11.374800 ) (-367 714 11.374800 ) (-369 714 11.374800 ) 
4 47 53 (-389 714 11.374800 ) (-389 1024 11.374800 ) (-369 1024 11.374800 ) (-369 714 11.374800 ) 
4 47 49 (-389 1024 11.374800 ) (-389 714 11.374800 ) (-389 714 24 ) (-389 1024 24 ) 
4 48 201 (-367 0 24 ) (-389 0 24 ) (-389 0 11.374800 ) (-367 0 11.374800 ) 
4 48 52 (-367 0 11.374800 ) (-369 0 11.374800 ) (-369 617.416992 11.374800 ) (-367 617.416992 11.374800 ) 
4 48 53 (-369 0 11.374800 ) (-389 0 11.374800 ) (-389 617.416992 11.374800 ) (-369 617.416992 11.374800 ) 
4 48 49 (-389 617.416992 11.374800 ) (-389 0 11.374800 ) (-389 0 24 ) (-389 617.416992 24 ) 
4 49 201 (-389 0 24 ) (-1024 0 24 ) (-1024 0 11.374800 ) (-389 0 11.374800 ) 
4 49 141 (-1024 1024 24 ) (-1024 1024 11.374800 ) (-1024 0 11.374800 ) (-1024 0 24 ) 
4 49 53 (-389 0 11.374800 ) (-1024 0 11.374800 ) (-1024 1024 11.374800 ) (-389 1024 11.374800 ) 
4 50 201 (0 0 2 ) (0 0 11.374800 ) (-347 0 11.374800 ) (-347 0 2 ) 
4 50 133 (-229 0 2 ) (-347 0 2 ) (-347 177 2 ) (-229 177 2 ) 
4 50 132 (-227 0 2 ) (-229 0 2 ) (-229 187 2 ) (-227 187 2 ) 
4 50 130 (-347 187 2 ) (-347 412 2 ) (-229 412 2 ) (-229 187 2 ) 
4 50 129 (-229 422 2 ) (-227 422 2 ) (-227 187 2 ) (-229 187 2 ) 
4 50 113 (-228 617.416992 2 ) (-227 617.416992 2 ) (-227 543 2 ) (-228 543 2 ) 
4 50 114 (-347 543 2 ) (-347 617.416992 2 ) (-325 617.416992 2 ) (-325 543 2 ) 
4 50 107 (-347 617.416992 2 ) (-347 714 2 ) (-325 714 2 ) (-325 617.416992 2 ) 
4 50 95 (-325 714 2 ) (-307 714 2 ) (-307 623 2 ) (-325 623 2 ) 
4 50 94 (-307 714 2 ) (-228 714 2 ) (-228 623 2 ) (-307 623 2 ) 
4 50 93 (-228 714 2 ) (-227 714 2 ) (-227 617.416992 2 ) (-228 617.416992 2 ) 
4 50 116 (-347 422 2 ) (-347 543 2 ) (-227 543 2 ) (-227 422 2 ) 
4 50 91 (-138 58 2 ) (-227 58 2 ) (-227 187 2 ) (-138 187 2 ) 
4 50 90 (-128 68 2 ) (-128 187 2 ) (-116 187 2 ) (-116 68 2 ) 
4 50 87 (-227 500 2 ) (-227 520 2 ) (-116 520 2 ) (-116 500 2 ) 
4 50 89 (-227 187 2 ) (-227 500 2 ) (-116 500 2 ) (-116 187 2 ) 
4 50 86 (-227 520 2 ) (-227 540 2 ) (-116 540 2 ) (-116 520 2 ) 
4 50 79 (-227 600 2 ) (-227 714 2 ) (-116 714 2 ) (-116 600 2 ) 
4 50 80 (-227 540 2 ) (-227 600 2 ) (-116 600 2 ) (-116 540 2 ) 
4 50 76 (-102.431000 68 2 ) (-112.431000 68 2 ) (-112.431000 338.898010 2 ) (-102.431000 338.898010 2 ) 
4 50 77 (-112.431000 68 2 ) (-116 68 2 ) (-116 714 2 ) (-112.431000 714 2 ) 
4 50 74 (-102.431000 480.373993 2 ) (-102.431000 714 2 ) (-8 714 2 ) (-8 480.373993 2 ) 
4 50 75 (-8 68 2 ) (-102.431000 68 2 ) (-102.431000 470.373993 2 ) (-8 470.373993 2 ) 
4 50 73 (0 714 2 ) (0 68 2 ) (-8 68 2 ) (-8 714 2 ) 
4 50 92 (0 58 2 ) (0 0 2 ) (-227 0 2 ) (-227 58 2 ) 
4 50 62 (0 736 2 ) (0 724 2 ) (-347 724 2 ) (-347 736 2 ) 
4 50 55 (0 902 2 ) (0 869 2 ) (-347 869 2 ) (-347 902 2 ) 
4 50 60 (0 869 2 ) (0 736 2 ) (-347 736 2 ) (-347 869 2 ) 
4 50 54 (-347 1024 2 ) (0 1024 2 ) (0 902 2 ) (-347 902 2 ) 
4 50 51 (-347 1024 2 ) (-347 714 2 ) (-347 714 11.374800 ) (-347 1024 11.374800 ) 
4 50 52 (-347 617.416992 2 ) (-347 0 2 ) (-347 0 11.374800 ) (-347 617.416992 11.374800 ) 
4 51 62 (-347 736 2 ) (-347 724 2 ) (-369 724 2 ) (-369 736 2 ) 
4 51 55 (-347 902 2 ) (-347 869 2 ) (-369 869 2 ) (-369 902 2 ) 
4 51 60 (-347 869 2 ) (-347 736 2 ) (-369 736 2 ) (-369 869 2 ) 
4 51 54 (-369 1024 2 ) (-347 1024 2 ) (-347 902 2 ) (-369 902 2 ) 
4 51 53 (-369 1024 2 ) (-369 714 2 ) (-369 714 11.374800 ) (-369 1024 11.374800 ) 
4 52 201 (-347 0 11.374800 ) (-369 0 11.374800 ) (-369 0 2 ) (-347 0 2 ) 
4 52 133 (-347 177 2 ) (-347 0 2 ) (-369 0 2 ) (-369 177 2 ) 
4 52 130 (-347 412 2 ) (-347 187 2 ) (-369 187 2 ) (-369 412 2 ) 
4 52 114 (-347 617.416992 2 ) (-347 543 2 ) (-369 543 2 ) (-369 617.416992 2 ) 
4 52 116 (-347 543 2 ) (-347 422 2 ) (-369 422 2 ) (-369 543 2 ) 
4 52 53 (-369 617.416992 2 ) (-369 0 2 ) (-369 0 11.374800 ) (-369 617.416992 11.374800 ) 
4 53 201 (-369 0 11.374800 ) (-1024 0 11.374800 ) (-1024 0 2 ) (-369 0 2 ) 
4 53 141 (-1024 1024 11.374800 ) (-1024 1024 2 ) (-1024 0 2 ) (-1024 0 11.374800 ) 
4 53 134 (-449 0 2 ) (-605 0 2 ) (-605 412 2 ) (-449 412 2 ) 
4 53 135 (-605 0 2 ) (-1024 0 2 ) (-1024 422 2 ) (-605 422 2 ) 
4 53 133 (-369 177 2 ) (-369 0 2 ) (-449 0 2 ) (-449 177 2 ) 
4 53 130 (-369 412 2 ) (-369 187 2 ) (-439 187 2 ) (-439 412 2 ) 
4 53 126 (-605 422 2 ) (-1024 422 2 ) (-1024 606 2 ) (-605 606 2 ) 
4 53 125 (-1024 606 2 ) (-1024 714 2 ) (-605 714 2 ) (-605 606 2 ) 
4 53 118 (-605 553 2 ) (-605 556 2 ) (-601 556 2 ) (-601 553 2 ) 
4 53 117 (-605 556 2 ) (-605 714 2 ) (-601 714 2 ) (-601 556 2 ) 
4 53 115 (-591 714 2 ) (-385 714 2 ) (-385 553 2 ) (-591 553 2 ) 
4 53 114 (-369 617.416992 2 ) (-369 543 2 ) (-385 543 2 ) (-385 617.416992 2 ) 
4 53 108 (-369 714 2 ) (-369 617.416992 2 ) (-385 617.416992 2 ) (-385 714 2 ) 
4 53 116 (-369 543 2 ) (-369 422 2 ) (-594.849976 422 2 ) (-594.849976 543 2 ) 
4 53 70 (-601 714 2 ) (-1024 714 2 ) (-1024 724 2 ) (-601 724 2 ) 
4 53 62 (-369 736 2 ) (-369 724 2 ) (-606 724 2 ) (-606 736 2 ) 
4 53 63 (-606 724 2 ) (-1024 724 2 ) (-1024 736 2 ) (-606 736 2 ) 
4 53 55 (-369 902 2 ) (-369 869 2 ) (-931 869 2 ) (-931 902 2 ) 
4 53 60 (-369 869 2 ) (-369 736 2 ) (-931 736 2 ) (-931 869 2 ) 
4 53 54 (-931 1024 2 ) (-369 1024 2 ) (-369 902 2 ) (-931 902 2 ) 
4 53 61 (-1024 1024 2 ) (-931 1024 2 ) (-931 736 2 ) (-1024 736 2 ) 
4 54 64 (-931 1024 -161.585007 ) (0 1024 -161.585007 ) (0 916 -161.585007 ) (-931 916 -161.585007 ) 
4 54 59 (-931 902 -19 ) (-931 902 -161.585007 ) (-593 902 -161.585007 ) (-593 902 -19 ) 
4 54 57 (-562 902 -24 ) (-562 902 -19 ) (-593 902 -19 ) (-593 902 -24 ) 
4 54 56 (0 902 -24 ) (0 902 -19 ) (-562 902 -19 ) (-562 902 -24 ) 
4 54 55 (-931 902 2 ) (-931 902 -19 ) (0 902 -19 ) (0 902 2 ) 
4 54 61 (-931 1024 -161.585007 ) (-931 902 -161.585007 ) (-931 902 2 ) (-931 1024 2 ) 
4 55 59 (-931 900 -19 ) (-931 902 -19 ) (-593 902 -19 ) (-593 900 -19 ) 
4 55 58 (0 869 -19 ) (-562 869 -19 ) (-562 871 -19 ) (0 871 -19 ) 
4 55 57 (-593 900 -19 ) (-593 902 -19 ) (-562 902 -19 ) (-562 900 -19 ) 
4 55 56 (-562 902 -19 ) (0 902 -19 ) (0 871 -19 ) (-562 871 -19 ) 
4 55 60 (-931 869 2 ) (-931 869 -19 ) (0 869 -19 ) (0 869 2 ) 
4 55 61 (-931 869 -19 ) (-931 869 2 ) (-931 902 2 ) (-931 902 -19 ) 
4 56 58 (0 871 -24 ) (0 871 -19 ) (-562 871 -19 ) (-562 871 -24 ) 
4 56 57 (-562 900 -19 ) (-562 902 -19 ) (-562 902 -24 ) (-562 900 -24 ) 
4 57 59 (-593 900 -19 ) (-593 902 -19 ) (-593 902 -24 ) (-593 900 -24 ) 
4 58 60 (-562 869 -161.585007 ) (0 869 -161.585007 ) (0 869 -19 ) (-562 869 -19 ) 
4 59 61 (-931 902 -161.585007 ) (-931 900 -161.585007 ) (-931 900 -19 ) (-931 902 -19 ) 
4 60 62 (0 736 -156 ) (0 736 2 ) (-606 736 2 ) (-606 736 -156 ) 
4 60 63 (-931 736 -161.585007 ) (-606 736 -161.585007 ) (-606 736 2 ) (-931 736 2 ) 
4 60 61 (-931 869 -161.585007 ) (-931 736 -161.585007 ) (-931 736 2 ) (-931 869 2 ) 
4 61 142 (-1024 1024 -24 ) (-1024 1024 -161.585007 ) (-1024 736 -161.585007 ) (-1024 736 -24 ) 
4 61 141 (-1024 1024 2 ) (-1024 1024 -24 ) (-1024 736 -24 ) (-1024 736 2 ) 
4 61 64 (-1024 916 -161.585007 ) (-1024 1024 -161.585007 ) (-931 1024 -161.585007 ) (-931 916 -161.585007 ) 
4 61 63 (-1024 736 -161.585007 ) (-931 736 -161.585007 ) (-931 736 2 ) (-1024 736 2 ) 
4 62 70 (-601 724 2 ) (-606 724 2 ) (-606 724 -156 ) (-601 724 -156 ) 
4 62 69 (-557.118042 724 -26.759502 ) (-557.118042 724 -111.240997 ) (-390.882019 724 -111.240997 ) (-390.882019 724 -26.759502 ) 
4 62 68 (0 724 -100.076004 ) (0 724 -23.924101 ) (-81.294098 724 -23.924101 ) (-81.294098 724 -100.076004 ) 
4 62 63 (-606 736 2 ) (-606 736 -156 ) (-606 724 -156 ) (-606 724 2 ) 
4 63 142 (-1024 736 -161.585007 ) (-1024 724 -161.585007 ) (-1024 724 -24 ) (-1024 736 -24 ) 
4 63 141 (-1024 724 -24 ) (-1024 724 2 ) (-1024 736 2 ) (-1024 736 -24 ) 
4 63 71 (-1024 724 -156 ) (-1024 724 -161.585007 ) (-606 724 -161.585007 ) (-606 724 -156 ) 
4 63 70 (-606 724 2 ) (-1024 724 2 ) (-1024 724 -156 ) (-606 724 -156 ) 
4 64 145 (-1024 1024 -161.585007 ) (-1024 1024 -205.585007 ) (-1024 916 -205.585007 ) (-1024 916 -161.585007 ) 
4 64 65 (0 916 -205.585007 ) (-967.350342 916 -205.585007 ) (-935.481018 1024 -205.585007 ) (0 1024 -205.585007 ) 
4 65 66 (0 916 -249 ) (-967.350342 916 -249 ) (-935.481018 1024 -249 ) (0 1024 -249 ) 
4 66 147 (-1024 1024 -249 ) (-1024 1024 -320 ) (-1024 916 -320 ) (-1024 916 -249 ) 
4 66 149 (-1024 1024 -320 ) (-1024 1024 -881.585083 ) (-1024 916 -881.585083 ) (-1024 916 -320 ) 
4 66 67 (0 916 -881.585083 ) (0 916 -320 ) (-1024 916 -320 ) (-1024 916 -881.585083 ) 
4 67 149 (-1024 724 -881.585083 ) (-1024 724 -320 ) (-1024 916 -320 ) (-1024 916 -881.585083 ) 
4 67 72 (0 724 -881.585083 ) (0 724 -320 ) (-1024 724 -320 ) (-1024 724 -881.585083 ) 
4 68 74 (-81.294098 714 -23.924101 ) (-81.294098 714 -100.076004 ) (-8 714 -100.076004 ) (-8 714 -23.924101 ) 
4 68 73 (-8 714 -100.076004 ) (0 714 -100.076004 ) (0 714 -23.924101 ) (-8 714 -23.924101 ) 
4 69 115 (-557.118042 714 -26.759502 ) (-557.118042 714 -111.240997 ) (-390.882019 714 -111.240997 ) (-390.882019 714 -26.759502 ) 
4 70 142 (-1024 714 -156 ) (-1024 714 -24 ) (-1024 724 -24 ) (-1024 724 -156 ) 
4 70 141 (-1024 714 -24 ) (-1024 714 2 ) (-1024 724 2 ) (-1024 724 -24 ) 
4 70 125 (-605 714 2 ) (-1024 714 2 ) (-1024 714 -156 ) (-605 714 -156 ) 
4 70 117 (-601 714 2 ) (-605 714 2 ) (-605 714 -156 ) (-601 714 -156 ) 
4 70 71 (-606 714 -156 ) (-1024 714 -156 ) (-1024 724 -156 ) (-606 724 -156 ) 
4 71 142 (-1024 714 -161.585007 ) (-1024 714 -156 ) (-1024 724 -156 ) (-1024 724 -161.585007 ) 
4 71 137 (-1024 714 -156 ) (-1024 714 -161.585007 ) (-606 714 -161.585007 ) (-606 714 -156 ) 
4 72 149 (-1024 714 -881.585083 ) (-1024 714 -320 ) (-1024 724 -320 ) (-1024 724 -881.585083 ) 
4 72 140 (-1024 714 -320 ) (-1024 714 -881.585083 ) (0 714 -881.585083 ) (0 714 -320 ) 
4 73 78 (0 68 -111.240997 ) (0 68 -26.759502 ) (-8 68 -26.759502 ) (-8 68 -111.240997 ) 
4 73 74 (-8 714 2 ) (-8 714 -156 ) (-8 480.373993 -156 ) (-8 480.373993 2 ) 
4 73 75 (-8 470.373993 -156 ) (-8 68 -156 ) (-8 68 2 ) (-8 470.373993 2 ) 
4 75 78 (-8 68 -111.240997 ) (-8 68 -26.759502 ) (-102.431000 68 -26.759502 ) (-102.431000 68 -111.240997 ) 
4 75 76 (-102.431000 338.898010 -156 ) (-102.431000 68 -156 ) (-102.431000 68 2 ) (-102.431000 338.898010 2 ) 
4 76 78 (-102.431000 68 -111.240997 ) (-102.431000 68 -26.759502 ) (-106 68 -26.759502 ) (-106 68 -111.240997 ) 
4 76 77 (-112.431000 338.898010 -156 ) (-112.431000 68 -156 ) (-112.431000 68 2 ) (-112.431000 338.898010 2 ) 
4 77 90 (-116 187 -156 ) (-116 68 -156 ) (-116 68 2 ) (-116 187 2 ) 
4 77 87 (-116 500 -142.598999 ) (-116 500 2 ) (-116 520 2 ) (-116 520 -142.598999 ) 
4 77 88 (-116 520 -156 ) (-116 500 -156 ) (-116 500 -155.718002 ) (-116 520 -155.718002 ) 
4 77 89 (-116 500 -156 ) (-116 187 -156 ) (-116 187 2 ) (-116 500 2 ) 
4 77 86 (-116 520 -129.479004 ) (-116 520 2 ) (-116 540 2 ) (-116 540 -129.479004 ) 
4 77 85 (-116 714 -116.359001 ) (-116 714 -156 ) (-116 562 -156 ) (-116 562 -116.359001 ) 
4 77 83 (-116 714 -103.238998 ) (-116 714 -116.359001 ) (-116 582 -116.359001 ) (-116 582 -103.238998 ) 
4 77 84 (-116 560 -116.359001 ) (-116 540 -116.359001 ) (-116 540 -103.238998 ) (-116 560 -103.238998 ) 
4 77 81 (-116 714 -90.119797 ) (-116 714 -103.238998 ) (-116 602 -103.238998 ) (-116 602 -90.119797 ) 
4 77 82 (-116 580 -103.238998 ) (-116 540 -103.238998 ) (-116 540 -90.119797 ) (-116 580 -90.119797 ) 
4 77 79 (-116 714 2 ) (-116 714 -77 ) (-116 600 -77 ) (-116 600 2 ) 
4 77 80 (-116 600 -90.119797 ) (-116 540 -90.119797 ) (-116 540 2 ) (-116 600 2 ) 
4 78 92 (0 58 -111.240997 ) (0 58 -26.759502 ) (-106 58 -26.759502 ) (-106 58 -111.240997 ) 
4 79 113 (-227 617.416992 -77 ) (-227 600 -77 ) (-227 600 2 ) (-227 617.416992 2 ) 
4 79 102 (-227 623 -64.375000 ) (-227 617.416992 -64.375000 ) (-227 617.416992 -51.750000 ) (-227 623 -51.750000 ) 
4 79 100 (-227 714 -51.750000 ) (-227 714 -64.375000 ) (-227 623 -64.375000 ) (-227 623 -51.750000 ) 
4 79 93 (-227 714 2 ) (-227 714 -51.750000 ) (-227 617.416992 -51.750000 ) (-227 617.416992 2 ) 
4 79 80 (-227 600 2 ) (-227 600 -77 ) (-116 600 -77 ) (-116 600 2 ) 
4 80 113 (-227 600 -90.119797 ) (-227 543 -90.119797 ) (-227 543 2 ) (-227 600 2 ) 
4 80 116 (-227 543 -90.119797 ) (-227 540 -90.119797 ) (-227 540 2 ) (-227 543 2 ) 
4 80 86 (-227 540 2 ) (-227 540 -90.119797 ) (-116 540 -90.119797 ) (-116 540 2 ) 
4 80 82 (-116 540 -90.119797 ) (-227 540 -90.119797 ) (-227 580 -90.119797 ) (-116 580 -90.119797 ) 
4 81 113 (-227 617.416992 -103.238998 ) (-227 602 -103.238998 ) (-227 602 -90.119797 ) (-227 617.416992 -90.119797 ) 
4 81 103 (-227 714 -90.119797 ) (-227 714 -103.238998 ) (-227 617.416992 -103.238998 ) (-227 617.416992 -90.119797 ) 
4 81 83 (-227 602 -103.238998 ) (-227 714 -103.238998 ) (-116 714 -103.238998 ) (-116 602 -103.238998 ) 
4 82 113 (-227 580 -103.238998 ) (-227 543 -103.238998 ) (-227 543 -90.119797 ) (-227 580 -90.119797 ) 
4 82 116 (-227 543 -103.238998 ) (-227 540 -103.238998 ) (-227 540 -90.119797 ) (-227 543 -90.119797 ) 
4 82 86 (-227 540 -90.119797 ) (-227 540 -103.238998 ) (-116 540 -103.238998 ) (-116 540 -90.119797 ) 
4 82 84 (-116 540 -103.238998 ) (-227 540 -103.238998 ) (-227 560 -103.238998 ) (-116 560 -103.238998 ) 
4 83 113 (-227 617.416992 -116.359001 ) (-227 582 -116.359001 ) (-227 582 -103.238998 ) (-227 617.416992 -103.238998 ) 
4 83 103 (-227 714 -103.238998 ) (-227 714 -116.359001 ) (-227 617.416992 -116.359001 ) (-227 617.416992 -103.238998 ) 
4 83 85 (-227 582 -116.359001 ) (-227 714 -116.359001 ) (-116 714 -116.359001 ) (-116 582 -116.359001 ) 
4 84 113 (-227 560 -116.359001 ) (-227 543 -116.359001 ) (-227 543 -103.238998 ) (-227 560 -103.238998 ) 
4 84 116 (-227 543 -116.359001 ) (-227 540 -116.359001 ) (-227 540 -103.238998 ) (-227 543 -103.238998 ) 
4 84 86 (-227 540 -103.238998 ) (-227 540 -116.359001 ) (-116 540 -116.359001 ) (-116 540 -103.238998 ) 
4 85 113 (-227 617.416992 -156 ) (-227 562 -156 ) (-227 562 -116.359001 ) (-227 617.416992 -116.359001 ) 
4 85 103 (-227 714 -116.359001 ) (-227 714 -156 ) (-227 617.416992 -156 ) (-227 617.416992 -116.359001 ) 
4 86 116 (-227 520 -129.479004 ) (-227 520 2 ) (-227 540 2 ) (-227 540 -129.479004 ) 
4 86 87 (-227 520 2 ) (-227 520 -129.479004 ) (-116 520 -129.479004 ) (-116 520 2 ) 
4 87 116 (-227 500 -142.598999 ) (-227 500 2 ) (-227 520 2 ) (-227 520 -142.598999 ) 
4 87 89 (-227 500 2 ) (-227 500 -142.598999 ) (-116 500 -142.598999 ) (-116 500 2 ) 
4 88 116 (-227 520 -156 ) (-227 500 -156 ) (-227 500 -155.718002 ) (-227 520 -155.718002 ) 
4 88 89 (-227 500 -155.718002 ) (-227 500 -156 ) (-116 500 -156 ) (-116 500 -155.718002 ) 
4 89 129 (-227 422 -156 ) (-227 187 -156 ) (-227 187 2 ) (-227 422 2 ) 
4 89 116 (-227 500 -156 ) (-227 422 -156 ) (-227 422 2 ) (-227 500 2 ) 
4 89 91 (-227 187 2 ) (-227 187 -156 ) (-138 187 -156 ) (-138 187 2 ) 
4 89 90 (-128 187 -156 ) (-116 187 -156 ) (-116 187 2 ) (-128 187 2 ) 
4 91 132 (-227 187 -156 ) (-227 58 -156 ) (-227 58 2 ) (-227 187 2 ) 
4 91 92 (-227 58 2 ) (-227 58 -156 ) (-138 58 -156 ) (-138 58 2 ) 
4 92 206 (-187 0 -24 ) (-227 0 -24 ) (-227 0 -156 ) (-187 0 -156 ) 
4 92 205 (-47 0 -24 ) (-187 0 -24 ) (-187 0 -156 ) (-47 0 -156 ) 
4 92 202 (0 0 -156 ) (0 0 -24 ) (-47 0 -24 ) (-47 0 -156 ) 
4 92 201 (0 0 -24 ) (0 0 2 ) (-227 0 2 ) (-227 0 -24 ) 
4 92 136 (0 46 -156 ) (0 0 -156 ) (-227 0 -156 ) (-227 46 -156 ) 
4 92 132 (-227 58 -156 ) (-227 0 -156 ) (-227 0 2 ) (-227 58 2 ) 
4 93 113 (-227 617.416992 -51.750000 ) (-227 617.416992 2 ) (-228 617.416992 2 ) (-228 617.416992 -51.750000 ) 
4 93 102 (-227 617.416992 -51.750000 ) (-228 617.416992 -51.750000 ) (-228 623 -51.750000 ) (-227 623 -51.750000 ) 
4 93 100 (-228 623 -51.750000 ) (-228 714 -51.750000 ) (-227 714 -51.750000 ) (-227 623 -51.750000 ) 
4 93 98 (-228 714 -39.125000 ) (-228 714 -51.750000 ) (-228 623 -51.750000 ) (-228 623 -39.125000 ) 
4 93 96 (-228 714 -26.500000 ) (-228 714 -39.125000 ) (-228 623 -39.125000 ) (-228 623 -26.500000 ) 
4 93 94 (-228 714 2 ) (-228 714 -26.500000 ) (-228 623 -26.500000 ) (-228 623 2 ) 
4 94 96 (-287 714 -26.500000 ) (-228 714 -26.500000 ) (-228 623 -26.500000 ) (-287 623 -26.500000 ) 
4 94 95 (-307 714 2 ) (-307 714 -13.875201 ) (-307 623 -13.875201 ) (-307 623 2 ) 
4 95 109 (-325 714 -1.250160 ) (-325 714 -13.875201 ) (-325 623 -13.875201 ) (-325 623 -1.250160 ) 
4 95 107 (-325 714 2 ) (-325 714 -1.250160 ) (-325 623 -1.250160 ) (-325 623 2 ) 
4 96 98 (-228 623 -39.125000 ) (-267 623 -39.125000 ) (-267 714 -39.125000 ) (-228 714 -39.125000 ) 
4 97 111 (-325 714 -26.500000 ) (-325 714 -39.125000 ) (-325 623 -39.125000 ) (-325 623 -26.500000 ) 
4 97 99 (-309 623 -39.125000 ) (-325 623 -39.125000 ) (-325 714 -39.125000 ) (-309 714 -39.125000 ) 
4 98 100 (-247 714 -51.750000 ) (-228 714 -51.750000 ) (-228 623 -51.750000 ) (-247 623 -51.750000 ) 
4 99 111 (-325 714 -39.125000 ) (-325 714 -51.750000 ) (-325 623 -51.750000 ) (-325 623 -39.125000 ) 
4 99 106 (-325 623 -51.750000 ) (-325 714 -51.750000 ) (-315 714 -51.750000 ) (-315 623 -51.750000 ) 
4 99 101 (-315 714 -51.750000 ) (-289 714 -51.750000 ) (-289 623 -51.750000 ) (-315 623 -51.750000 ) 
4 100 102 (-228 623 -64.375000 ) (-227 623 -64.375000 ) (-227 623 -51.750000 ) (-228 623 -51.750000 ) 
4 101 106 (-315 623 -51.750000 ) (-315 714 -51.750000 ) (-315 714 -54 ) (-315 623 -54 ) 
4 101 105 (-315 623 -64.375000 ) (-315 714 -64.375000 ) (-269 714 -64.375000 ) (-269 623 -64.375000 ) 
4 102 113 (-227 617.416992 -64.375000 ) (-227 617.416992 -51.750000 ) (-228 617.416992 -51.750000 ) (-228 617.416992 -64.375000 ) 
4 103 113 (-228 617.416992 -156 ) (-227 617.416992 -156 ) (-227 617.416992 -77 ) (-228 617.416992 -77 ) 
4 103 104 (-228 714 -156 ) (-228 623 -156 ) (-228 623 -77 ) (-228 714 -77 ) 
4 104 105 (-249 714 -156 ) (-249 623 -156 ) (-249 623 -77 ) (-249 714 -77 ) 
4 106 111 (-325 714 -51.750000 ) (-325 714 -54 ) (-325 623 -54 ) (-325 623 -51.750000 ) 
4 107 114 (-347 617.416992 -1.250160 ) (-325 617.416992 -1.250160 ) (-325 617.416992 2 ) (-347 617.416992 2 ) 
4 107 109 (-325 714 -1.250160 ) (-325 617.416992 -1.250160 ) (-327 617.416992 -1.250160 ) (-327 714 -1.250160 ) 
4 108 115 (-385 714 2 ) (-385 714 -1.250160 ) (-385 617.416992 -1.250160 ) (-385 617.416992 2 ) 
4 108 114 (-385 617.416992 2 ) (-385 617.416992 -1.250160 ) (-369 617.416992 -1.250160 ) (-369 617.416992 2 ) 
4 108 110 (-369 617.416992 -1.250160 ) (-385 617.416992 -1.250160 ) (-385 714 -1.250160 ) (-369 714 -1.250160 ) 
4 109 114 (-327 617.416992 -13.875201 ) (-325 617.416992 -13.875201 ) (-325 617.416992 -1.250160 ) (-327 617.416992 -1.250160 ) 
4 110 115 (-385 714 -1.250160 ) (-385 714 -13.875201 ) (-385 617.416992 -13.875201 ) (-385 617.416992 -1.250160 ) 
4 110 114 (-385 617.416992 -1.250160 ) (-385 617.416992 -13.875201 ) (-349 617.416992 -13.875201 ) (-349 617.416992 -1.250160 ) 
4 110 112 (-349 617.416992 -13.875201 ) (-385 617.416992 -13.875201 ) (-385 714 -13.875201 ) (-349 714 -13.875201 ) 
4 111 114 (-329 617.416992 -156 ) (-325 617.416992 -156 ) (-325 617.416992 -26.500000 ) (-329 617.416992 -26.500000 ) 
4 111 112 (-329 714 -156 ) (-329 617.416992 -156 ) (-329 617.416992 -26.500000 ) (-329 714 -26.500000 ) 
4 112 115 (-385 714 -13.875201 ) (-385 714 -156 ) (-385 617.416992 -156 ) (-385 617.416992 -13.875201 ) 
4 112 114 (-385 617.416992 -13.875201 ) (-385 617.416992 -156 ) (-329 617.416992 -156 ) (-329 617.416992 -13.875201 ) 
4 113 116 (-228 543 -156 ) (-227 543 -156 ) (-227 543 2 ) (-228 543 2 ) 
4 114 115 (-385 617.416992 -156 ) (-385 553 -156 ) (-385 553 2 ) (-385 617.416992 2 ) 
4 114 116 (-385 543 -156 ) (-325 543 -156 ) (-325 543 2 ) (-385 543 2 ) 
4 116 129 (-229 422 -156 ) (-227 422 -156 ) (-227 422 2 ) (-229 422 2 ) 
4 116 124 (-594.849976 524.320984 -156 ) (-594.849976 422 -156 ) (-594.849976 422 -58 ) (-594.849976 524.320984 -58 ) 
4 116 121 (-594.849976 524.320984 -10.151900 ) (-594.849976 524.320984 -45.848099 ) (-594.849976 432.679016 -45.848099 ) (-594.849976 432.679016 -10.151900 ) 
4 116 120 (-594.849976 543 -156 ) (-594.849976 524.320984 -156 ) (-594.849976 524.320984 -58 ) (-594.849976 543 -58 ) 
4 117 128 (-605 606 -156 ) (-605 556 -156 ) (-605 556 -24 ) (-605 606 -24 ) 
4 117 126 (-605 556 -24 ) (-605 556 2 ) (-605 606 2 ) (-605 606 -24 ) 
4 117 125 (-605 714 2 ) (-605 714 -156 ) (-605 606 -156 ) (-605 606 2 ) 
4 117 118 (-605 556 2 ) (-605 556 -58 ) (-601 556 -58 ) (-601 556 2 ) 
4 118 128 (-605 553 -58 ) (-605 553 -24 ) (-605 556 -24 ) (-605 556 -58 ) 
4 118 126 (-605 553 -24 ) (-605 553 2 ) (-605 556 2 ) (-605 556 -24 ) 
4 119 128 (-605 524.320984 -58 ) (-605 524.320984 -24 ) (-605 543 -24 ) (-605 543 -58 ) 
4 119 126 (-605 524.320984 -24 ) (-605 524.320984 2 ) (-605 543 2 ) (-605 543 -24 ) 
4 121 122 (-604.849976 524.320984 -10.151900 ) (-604.849976 524.320984 -45.848099 ) (-604.849976 432.679016 -45.848099 ) (-604.849976 432.679016 -10.151900 ) 
4 122 128 (-605 524.320984 -24 ) (-605 524.320984 -58 ) (-605 432.679016 -58 ) (-605 432.679016 -24 ) 
4 122 126 (-605 432.679016 2 ) (-605 524.320984 2 ) (-605 524.320984 -24 ) (-605 432.679016 -24 ) 
4 123 128 (-605 422 -58 ) (-605 422 -24 ) (-605 432.679016 -24 ) (-605 432.679016 -58 ) 
4 123 126 (-605 422 -24 ) (-605 422 2 ) (-605 432.679016 2 ) (-605 432.679016 -24 ) 
4 125 142 (-1024 714 -24 ) (-1024 714 -156 ) (-1024 606 -156 ) (-1024 606 -24 ) 
4 125 141 (-1024 606 2 ) (-1024 714 2 ) (-1024 714 -24 ) (-1024 606 -24 ) 
4 125 137 (-1024 714 -156 ) (-606 714 -156 ) (-606 606 -156 ) (-1024 606 -156 ) 
4 125 128 (-991 606 -156 ) (-605 606 -156 ) (-605 606 -24 ) (-991 606 -24 ) 
4 125 127 (-1024 606 -156 ) (-1012.389954 606 -156 ) (-1012.390015 606 -24 ) (-1024 606 -24 ) 
4 125 126 (-605 606 -24 ) (-605 606 2 ) (-1024 606 2 ) (-1024 606 -24 ) 
4 126 141 (-1024 422 2 ) (-1024 606 2 ) (-1024 606 -24 ) (-1024 422 -24 ) 
4 126 135 (-605 422 -24 ) (-605 422 2 ) (-1024 422 2 ) (-1024 422 -24 ) 
5 126 128 (-991 606 -24 ) (-605 606 -24 ) (-605 422 -24 ) (-1024 422 -24 ) (-1024 491.897491 -24 ) 
3 126 127 (-1024 606 -24 ) (-1012.389954 606 -24 ) (-1024 565.856567 -24 ) 
4 127 142 (-1024 606 -24 ) (-1024 606 -156 ) (-1024 565.856567 -156 ) (-1024 565.856567 -24 ) 
3 127 138 (-1024 565.856567 -156 ) (-1024 606 -156 ) (-1012.389954 606 -156 ) 
4 128 143 (-1024 491.897491 -156 ) (-1024 422 -156 ) (-1024 422 -24 ) (-1024 491.897491 -24 ) 
5 128 139 (-606 422 -156 ) (-1024 422 -156 ) (-1024 491.897491 -156 ) (-991 606 -156 ) (-606 606 -156 ) 
4 128 135 (-1024 422 -156 ) (-605 422 -156 ) (-605 422 -24 ) (-1024 422 -24 ) 
4 129 132 (-229 187 -156 ) (-227 187 -156 ) (-227 187 2 ) (-229 187 2 ) 
4 129 130 (-229 412 -156 ) (-229 187 -156 ) (-229 187 2 ) (-229 412 2 ) 
4 130 131 (-439 217.262009 -111.240997 ) (-439 217.262009 -26.759502 ) (-439 365.738007 -26.759502 ) (-439 365.738007 -111.240997 ) 
4 131 134 (-449 217.262009 -111.240997 ) (-449 217.262009 -26.759502 ) (-449 365.738007 -26.759502 ) (-449 365.738007 -111.240997 ) 
4 132 206 (-229 0 -24 ) (-229 0 -156 ) (-227 0 -156 ) (-227 0 -24 ) 
4 132 201 (-227 0 2 ) (-229 0 2 ) (-229 0 -24 ) (-227 0 -24 ) 
4 132 136 (-227 46 -156 ) (-227 0 -156 ) (-229 0 -156 ) (-229 46 -156 ) 
4 132 133 (-229 177 -156 ) (-229 0 -156 ) (-229 0 2 ) (-229 177 2 ) 
4 133 206 (-366 0 -156 ) (-229 0 -156 ) (-229 0 -24 ) (-366 0 -24 ) 
4 133 209 (-449 0 -24 ) (-449 0 -156 ) (-366 0 -156 ) (-366 0 -24 ) 
4 133 201 (-229 0 2 ) (-449 0 2 ) (-449 0 -24 ) (-229 0 -24 ) 
4 133 136 (-229 0 -156 ) (-449 0 -156 ) (-449 46 -156 ) (-229 46 -156 ) 
4 133 134 (-449 177 -156 ) (-449 0 -156 ) (-449 0 2 ) (-449 177 2 ) 
4 134 209 (-605 0 -24 ) (-605 0 -156 ) (-449 0 -156 ) (-449 0 -24 ) 
4 134 201 (-449 0 2 ) (-605 0 2 ) (-605 0 -24 ) (-449 0 -24 ) 
4 134 136 (-449 0 -156 ) (-605 0 -156 ) (-605 46 -156 ) (-449 46 -156 ) 
4 134 135 (-605 412 -156 ) (-605 0 -156 ) (-605 0 2 ) (-605 412 2 ) 
4 135 209 (-1024 0 -24 ) (-1024 0 -156 ) (-605 0 -156 ) (-605 0 -24 ) 
4 135 201 (-605 0 2 ) (-1024 0 2 ) (-1024 0 -24 ) (-605 0 -24 ) 
4 135 143 (-1024 0 -156 ) (-1024 0 -24 ) (-1024 422 -24 ) (-1024 422 -156 ) 
4 135 141 (-1024 0 -24 ) (-1024 0 2 ) (-1024 422 2 ) (-1024 422 -24 ) 
4 135 139 (-606 0 -156 ) (-1024 0 -156 ) (-1024 422 -156 ) (-606 422 -156 ) 
4 135 136 (-605 0 -156 ) (-606 0 -156 ) (-606 46 -156 ) (-605 46 -156 ) 
4 136 206 (-187 0 -156 ) (-366 0 -156 ) (-366 0 -161.585007 ) (-187 0 -161.585007 ) 
4 136 205 (-47 0 -156 ) (-187 0 -156 ) (-187 0 -161.585007 ) (-47 0 -161.585007 ) 
4 136 209 (-366 0 -156 ) (-606 0 -156 ) (-606 0 -161.585007 ) (-366 0 -161.585007 ) 
4 136 202 (0 0 -161.585007 ) (0 0 -156 ) (-47 0 -156 ) (-47 0 -161.585007 ) 
4 136 139 (-606 46 -161.585007 ) (-606 0 -161.585007 ) (-606 0 -156 ) (-606 46 -156 ) 
4 137 142 (-1024 606 -156 ) (-1024 714 -156 ) (-1024 714 -161.585007 ) (-1024 606 -161.585007 ) 
4 137 139 (-991 606 -161.585007 ) (-606 606 -161.585007 ) (-606 606 -156 ) (-991 606 -156 ) 
4 137 138 (-1024 606 -161.585007 ) (-1012.389954 606 -161.585007 ) (-1012.390015 606 -156 ) (-1024 606 -156 ) 
4 138 142 (-1024 565.856506 -156 ) (-1024 606 -156 ) (-1024 606 -161.585007 ) (-1024 565.856506 -161.585007 ) 
4 139 209 (-606 0 -156 ) (-1024 0 -156 ) (-1024 0 -161.585007 ) (-606 0 -161.585007 ) 
4 139 143 (-1024 0 -161.585007 ) (-1024 0 -156 ) (-1024 491.897461 -156 ) (-1024 491.897461 -161.585007 ) 
4 140 219 (0 0 -881.585083 ) (0 0 -320 ) (-1024 0 -320 ) (-1024 0 -881.585083 ) 
4 140 149 (-1024 0 -881.585083 ) (-1024 0 -320 ) (-1024 714 -320 ) (-1024 714 -881.585083 ) 
4 141 220 (-1024 0 -24 ) (-1024 0 953.580017 ) (-2048 0 953.580017 ) (-2048 0 -24 ) 
4 141 151 (-2048 0 -24 ) (-2048 0 953.580017 ) (-2048 1024 953.580017 ) (-2048 1024 -24 ) 
3 141 143 (-1024 0 -24 ) (-1166.263428 0 -24 ) (-1024 491.897522 -24 ) 
5 141 142 (-1187.653320 0 -24 ) (-2048 0 -24 ) (-2048 1024 -24 ) (-1024 1024 -24 ) (-1024 565.856567 -24 ) 
4 142 223 (-1345 0 -24 ) (-1358 0 -24 ) (-1358 0 -161.585007 ) (-1345 0 -161.585007 ) 
4 142 221 (-1187.653320 0 -24 ) (-1345 0 -24 ) (-1345 0 -161.585007 ) (-1187.653320 0 -161.585007 ) 
4 142 227 (-1358 0 -24 ) (-2048 0 -24 ) (-2048 0 -161.585007 ) (-1358 0 -161.585007 ) 
4 142 151 (-2048 0 -161.585007 ) (-2048 0 -24 ) (-2048 1024 -24 ) (-2048 1024 -161.585007 ) 
4 142 146 (-1345 0 -161.585007 ) (-1720.362183 0 -161.585007 ) (-1418.194580 1024 -161.585007 ) (-1345 1024 -161.585007 ) 
4 142 145 (-1024 1024 -161.585007 ) (-1024 916 -161.585007 ) (-1345 916 -161.585007 ) (-1345 1024 -161.585007 ) 
4 142 144 (-1720.362183 0 -161.585007 ) (-2048 0 -161.585007 ) (-2048 1024 -161.585007 ) (-1418.194580 1024 -161.585007 ) 
4 143 222 (-1024 0 -161.585007 ) (-1024 0 -24 ) (-1166.263428 0 -24 ) (-1166.263428 0 -161.585007 ) 
4 144 228 (-2048 0 -182 ) (-2048 0 -320 ) (-1720.362183 0 -320 ) (-1720.362183 0 -182 ) 
4 144 227 (-1720.362183 0 -161.585007 ) (-2048 0 -161.585007 ) (-2048 0 -182 ) (-1720.362183 0 -182 ) 
4 144 151 (-2048 0 -320 ) (-2048 0 -161.585007 ) (-2048 1024 -161.585007 ) (-2048 1024 -320 ) 
4 144 148 (-1720.365234 0 -320 ) (-1418.197021 1024 -320 ) (-1418.196655 1024 -249 ) (-1720.364624 0 -249 ) 
4 144 146 (-1418.196533 1024 -205.585007 ) (-1418.196289 1024 -161.585007 ) (-1720.363770 0 -161.585007 ) (-1720.364258 0 -205.585007 ) 
4 144 149 (-1720.362183 0 -320 ) (-2048 0 -320 ) (-2048 1024 -320 ) (-1418.194580 1024 -320 ) 
4 145 146 (-1345 916 -161.585007 ) (-1345 1024 -161.585007 ) (-1345 1024 -205.585007 ) (-1345 916 -205.585007 ) 
4 146 232 (-1561.099854 0 -205.585007 ) (-1345 0 -205.585007 ) (-1345 0 -196.699615 ) (-1561.180176 0 -202.459000 ) 
4 146 231 (-1345 0 -196.699615 ) (-1345 0 -182 ) (-1561.705566 0 -182 ) (-1561.180176 0 -202.459000 ) 
4 146 229 (-1720.362183 0 -182 ) (-1720.362183 0 -205.585007 ) (-1561.099854 0 -205.585007 ) (-1561.705566 0 -182 ) 
4 146 223 (-1345 0 -161.585007 ) (-1358 0 -161.585007 ) (-1358 0 -182 ) (-1345 0 -182 ) 
4 146 227 (-1358 0 -161.585007 ) (-1720.362183 0 -161.585007 ) (-1720.362183 0 -182 ) (-1358 0 -182 ) 
4 147 148 (-1345 916 -249 ) (-1345 1024 -249 ) (-1345 1024 -320 ) (-1345 916 -320 ) 
4 147 149 (-1024 1024 -320 ) (-1024 916 -320 ) (-1345 916 -320 ) (-1345 1024 -320 ) 
4 148 247 (-1720.362183 0 -249 ) (-1720.362183 0 -320 ) (-1345 0 -320 ) (-1345 0 -249 ) 
4 148 149 (-1345 0 -320 ) (-1720.362183 0 -320 ) (-1418.194580 1024 -320 ) (-1345 1024 -320 ) 
4 149 248 (-1024 0 -881.585083 ) (-1024 0 -320 ) (-2048 0 -320 ) (-2048 0 -881.585083 ) 
4 149 151 (-2048 0 -881.585083 ) (-2048 0 -320 ) (-2048 1024 -320 ) (-2048 1024 -881.585083 ) 
4 150 151 (-2048 1024 -881.585083 ) (-2048 1024 953.580017 ) (-2894.899902 1024 953.580017 ) (-2894.899902 1024 -881.585083 ) 
4 151 260 (-2048 0 -881.585083 ) (-2048 0 953.580017 ) (-2894.899902 0 953.580017 ) (-2894.899902 0 -881.585083 ) 
4 152 154 (2048 0 953.580017 ) (2048 0 -881.585083 ) (2048 -1024 -881.585083 ) (2048 -1024 953.580017 ) 
4 152 153 (2892.220215 -1024 -881.585083 ) (2892.220215 -1024 953.580017 ) (2048 -1024 953.580017 ) (2048 -1024 -881.585083 ) 
4 153 196 (2048 -2015.470093 -881.585083 ) (2048 -2015.470093 953.580017 ) (2048 -1024 953.580017 ) (2048 -1024 -881.585083 ) 
4 154 196 (2048 -1024 -881.585083 ) (2048 -1024 953.580017 ) (1024 -1024 953.580017 ) (1024 -1024 -881.585083 ) 
4 154 195 (1024 0 -320 ) (1024 0 -881.585083 ) (1024 -1024 -881.585083 ) (1024 -1024 -320 ) 
4 154 156 (1024 0 -24 ) (1024 0 -320 ) (1024 -1024 -320 ) (1024 -1024 -24 ) 
4 154 155 (1024 0 953.580017 ) (1024 0 -24 ) (1024 -1024 -24 ) (1024 -1024 953.580017 ) 
4 155 201 (0 0 953.580017 ) (0 0 -24 ) (0 -1024 -24 ) (0 -1024 953.580017 ) 
4 155 199 (131.607361 -1024 953.580017 ) (0 -1024 953.580017 ) (0 -1024 -24 ) (156.774338 -1024 -24 ) 
4 155 197 (1024 -1024 -24 ) (1024 -1024 953.580017 ) (131.607361 -1024 953.580017 ) (156.774338 -1024 -24 ) 
4 155 183 (167 -1024 -24 ) (0 -1024 -24 ) (0 -624 -24 ) (167 -624 -24 ) 
4 155 182 (202 -624 -24 ) (202 -1024 -24 ) (167 -1024 -24 ) (167 -624 -24 ) 
4 155 163 (191 -620 -24 ) (191 -624 -24 ) (0 -624 -24 ) (0 -620 -24 ) 
4 155 158 (0 0 -24 ) (165 0 -24 ) (165 -589 -24 ) (0 -589 -24 ) 
4 155 157 (202 -594 -24 ) (202 -624 -24 ) (191 -624 -24 ) (191 -594 -24 ) 
4 155 156 (202 0 -24 ) (1024 0 -24 ) (1024 -1024 -24 ) (202 -1024 -24 ) 
4 156 197 (1024 -1024 -320 ) (1024 -1024 -24 ) (202 -1024 -24 ) (202 -1024 -320 ) 
4 156 195 (1024 -1024 -320 ) (202 -1024 -320 ) (202 0 -320 ) (1024 0 -320 ) 
4 156 182 (202 -624 -320 ) (202 -1024 -320 ) (202 -1024 -24 ) (202 -624 -24 ) 
4 156 181 (202 0 -320 ) (202 -624 -320 ) (202 -624 -182 ) (202 0 -182 ) 
4 156 157 (202 -624 -182 ) (202 -624 -24 ) (202 -594 -24 ) (202 -594 -182 ) 
4 157 182 (202 -624 -182 ) (202 -624 -24 ) (191 -624 -24 ) (191 -624 -182 ) 
4 157 181 (202 -624 -182 ) (191 -624 -182 ) (191 -594 -182 ) (202 -594 -182 ) 
4 157 164 (191 -620 -182 ) (191 -624 -182 ) (191 -624 -79 ) (191 -620 -79 ) 
4 157 163 (191 -624 -79 ) (191 -624 -24 ) (191 -620 -24 ) (191 -620 -79 ) 
4 158 203 (0 -28 -54 ) (0 -467 -54 ) (0 -467 -24 ) (0 -28 -24 ) 
4 158 202 (0 0 -24 ) (0 0 -54 ) (0 -28 -54 ) (0 -28 -24 ) 
4 158 204 (0 -467 -54 ) (0 -589 -54 ) (0 -589 -24 ) (0 -467 -24 ) 
4 158 162 (128.749359 0 -54 ) (158.739670 0 -54 ) (160.608002 -214.002975 -54 ) (130.616974 -214.261978 -54 ) 
4 158 161 (158.739670 0 -54 ) (165 0 -54 ) (165 -231.037170 -54 ) (160.757050 -231.075348 -54 ) 
4 158 160 (165 -231.037170 -54 ) (165 -589 -54 ) (133.883392 -589 -54 ) (130.765884 -231.345184 -54 ) 
4 158 159 (0 0 -54 ) (128.749359 0 -54 ) (133.883392 -589 -54 ) (0 -589 -54 ) 
4 159 203 (0 -28 -79 ) (0 -467 -79 ) (0 -467 -54 ) (0 -28 -54 ) 
4 159 202 (0 0 -54 ) (0 0 -79 ) (0 -28 -79 ) (0 -28 -54 ) 
4 159 204 (0 -467 -79 ) (0 -589 -79 ) (0 -589 -54 ) (0 -467 -54 ) 
4 159 174 (130.905838 -248.267014 -79 ) (130.993042 -258.271027 -79 ) (0 -259.445374 -79 ) (0 -249.397232 -79 ) 
4 159 171 (130.348038 -184.272980 -79 ) (130.905838 -248.267014 -79 ) (0 -249.397232 -79 ) (0 -185.441818 -79 ) 
4 159 169 (0 0 -79 ) (128.741806 0 -79 ) (130.348038 -184.272980 -79 ) (0 -185.441818 -79 ) 
4 159 166 (130.993042 -258.271027 -79 ) (133.875854 -589 -79 ) (0 -589 -79 ) (0 -259.445374 -79 ) 
4 159 162 (128.749405 0 -54 ) (130.617020 -214.261993 -54 ) (130.348083 -184.272980 -79 ) (128.741867 0 -79 ) 
4 159 160 (130.765930 -231.345215 -54 ) (133.883453 -589 -54 ) (133.875916 -589 -79 ) (130.993088 -258.269989 -79 ) 
4 160 166 (165 -257.963959 -79 ) (165 -589 -79 ) (133.875854 -589 -79 ) (130.993027 -258.269989 -79 ) 
4 160 161 (160.757034 -231.073837 -54 ) (165 -231.035660 -54 ) (165 -257.962463 -79 ) (160.993011 -257.998505 -79 ) 
4 161 168 (158.740570 0 -79 ) (165 0 -79 ) (165 -257.963959 -79 ) (160.993027 -258 -79 ) 
4 161 162 (158.740601 0 -79 ) (160.347092 -184.013885 -79 ) (160.608002 -214.002975 -54 ) (158.739685 0 -54 ) 
4 162 169 (128.741806 0 -79 ) (158.740570 0 -79 ) (160.347092 -184.013885 -79 ) (130.348022 -184.272980 -79 ) 
4 163 211 (0 -620 -79 ) (0 -624 -79 ) (0 -624 -24 ) (0 -620 -24 ) 
4 163 183 (167 -624 -24 ) (0 -624 -24 ) (0 -624 -79 ) (167 -624 -79 ) 
4 163 182 (191 -624 -24 ) (167 -624 -24 ) (167 -624 -79 ) (191 -624 -79 ) 
4 163 167 (165 -624 -79 ) (0 -624 -79 ) (0 -620 -79 ) (165 -620 -79 ) 
4 163 165 (167 -624 -79 ) (165 -624 -79 ) (165 -620 -79 ) (167 -620 -79 ) 
4 163 164 (191 -620 -79 ) (191 -624 -79 ) (167 -624 -79 ) (167 -620 -79 ) 
4 164 182 (167 -624 -182 ) (191 -624 -182 ) (191 -624 -79 ) (167 -624 -79 ) 
4 164 181 (191 -624 -182 ) (167 -624 -182 ) (167 -620 -182 ) (191 -620 -182 ) 
4 164 165 (167 -624 -161.585007 ) (167 -624 -79 ) (167 -620 -79 ) (167 -620 -161.585007 ) 
4 165 186 (167 -624 -161.585007 ) (167 -624 -156.417511 ) (165 -624 -156.470795 ) (165 -624 -161.585007 ) 
4 165 183 (167 -624 -156.417511 ) (167 -624 -79 ) (165 -624 -79 ) (165 -624 -156.470795 ) 
4 165 180 (165 -624 -161.585007 ) (165 -624 -154 ) (165 -620 -154 ) (165 -620 -161.585007 ) 
4 165 167 (165 -624 -154 ) (165 -624 -79 ) (165 -620 -79 ) (165 -620 -154 ) 
4 166 203 (0 -259.445374 -154 ) (0 -467 -154 ) (0 -467 -79 ) (0 -259.445343 -79 ) 
4 166 204 (0 -467 -154 ) (0 -589 -154 ) (0 -589 -79 ) (0 -467 -79 ) 
4 166 179 (165 -467 -154 ) (165 -589 -154 ) (0 -589 -154 ) (0 -467 -154 ) 
4 166 176 (130.993088 -258.270996 -154 ) (0 -259.445343 -154 ) (0 -259.445343 -112.069000 ) (130.993088 -258.270996 -112.069000 ) 
4 166 175 (165 -257.966125 -112.069000 ) (165 -257.966125 -154 ) (160.992233 -258.002045 -154 ) (160.992218 -258.002045 -112.069000 ) 
4 166 174 (130.993011 -258.270996 -112.069000 ) (0 -259.445343 -112.069000 ) (0 -259.445343 -79 ) (130.993011 -258.270996 -79 ) 
4 166 168 (165 -257.966125 -79 ) (165 -257.966125 -112.069000 ) (160.996902 -258.002014 -112.069000 ) (160.996902 -258.002014 -79 ) 
4 167 211 (0 -620 -154 ) (0 -624 -154 ) (0 -624 -79 ) (0 -620 -79 ) 
4 167 183 (0 -624 -79 ) (0 -624 -154 ) (165 -624 -154 ) (165 -624 -79 ) 
4 167 180 (165 -620 -154 ) (165 -624 -154 ) (0 -624 -154 ) (0 -620 -154 ) 
4 168 175 (165 -257.966125 -112.069000 ) (160.996902 -258.002014 -112.069000 ) (158.727509 0 -112.069000 ) (165 0 -112.069000 ) 
4 168 169 (158.727478 0 -112.069000 ) (160.345978 -184.004028 -112.069000 ) (160.345993 -184.004013 -79 ) (158.727493 0 -79 ) 
4 169 203 (0 -28 -112.069000 ) (0 -185.441818 -112.069000 ) (0 -185.441818 -79 ) (0 -28 -79 ) 
4 169 202 (0 0 -79 ) (0 0 -112.069000 ) (0 -28 -112.069000 ) (0 -28 -79 ) 
4 169 177 (128.741867 0 -112.069000 ) (158.727509 0 -112.069000 ) (160.346008 -184.004028 -112.069000 ) (130.348083 -184.273010 -112.069000 ) 
4 169 176 (0 -185.441818 -112.069000 ) (0 0 -112.069000 ) (128.741867 0 -112.069000 ) (130.348083 -184.273010 -112.069000 ) 
4 169 173 (0 -185.441803 -112.069000 ) (130.347015 -184.273010 -112.069000 ) (130.347015 -184.273010 -101 ) (0 -185.441803 -101 ) 
4 169 171 (130.347015 -184.273010 -79 ) (0 -185.441818 -79 ) (0 -185.441803 -101 ) (130.347015 -184.273010 -101 ) 
4 170 172 (134.906296 -248.232468 -101 ) (134.906311 -248.232468 -79 ) (134.435059 -194.232452 -79 ) (134.435043 -194.232452 -101 ) 
4 171 203 (0 -249.397247 -101 ) (0 -249.397232 -79 ) (0 -185.441818 -79 ) (0 -185.441818 -101 ) 
4 171 174 (130.910522 -248.266922 -79 ) (0 -249.397202 -79 ) (0 -249.397217 -101 ) (130.910522 -248.266922 -101 ) 
4 171 173 (130.910538 -248.268173 -101 ) (0 -249.398468 -101 ) (0 -185.439087 -101 ) (130.346970 -184.270279 -101 ) 
4 171 172 (130.910461 -248.269531 -79 ) (130.910461 -248.269531 -101 ) (130.434921 -194.266983 -101 ) (130.434921 -194.266983 -79 ) 
4 173 203 (0 -185.441818 -112.069000 ) (0 -249.397247 -112.069000 ) (0 -249.397247 -101 ) (0 -185.441818 -101 ) 
4 173 176 (0 -249.397232 -112.069000 ) (0 -185.441818 -112.069000 ) (130.347015 -184.273026 -112.069000 ) (130.910522 -248.266968 -112.069000 ) 
4 173 174 (0 -249.397217 -112.069000 ) (130.910522 -248.266922 -112.069000 ) (130.910522 -248.266922 -101 ) (0 -249.397217 -101 ) 
4 174 203 (0 -249.397247 -112.069000 ) (0 -259.445343 -112.069000 ) (0 -259.445343 -79 ) (0 -249.397232 -79 ) 
4 174 176 (130.993011 -258.270996 -112.069000 ) (0 -259.445343 -112.069000 ) (0 -249.397232 -112.069000 ) (130.906021 -248.266998 -112.069000 ) 
4 175 178 (158.740601 0 -154 ) (165 0 -154 ) (165 -28 -154 ) (158.984955 -28 -154 ) 
4 175 177 (158.740662 0 -154 ) (160.346497 -184.003998 -154 ) (160.346497 -184.004013 -112.069000 ) (158.740662 0 -112.069000 ) 
4 176 203 (0 -28 -154 ) (0 -259.445374 -154 ) (0 -259.445343 -112.069000 ) (0 -28 -112.069000 ) 
4 176 202 (0 0 -112.069000 ) (0 0 -154 ) (0 -28 -154 ) (0 -28 -112.069000 ) 
4 176 178 (0 0 -154 ) (128.741867 0 -154 ) (128.985931 -28 -154 ) (0 -28 -154 ) 
4 176 177 (128.741821 0 -112.069000 ) (130.348022 -184.272995 -112.069000 ) (130.348022 -184.272980 -154 ) (128.741821 0 -154 ) 
4 177 178 (128.741867 0 -154 ) (158.740601 0 -154 ) (158.984955 -28 -154 ) (128.985931 -28 -154 ) 
4 178 202 (0 0 -154 ) (0 0 -161.585007 ) (0 -28 -161.585007 ) (0 -28 -154 ) 
4 179 204 (0 -589 -154 ) (0 -467 -154 ) (0 -467 -161.585007 ) (0 -589 -161.585007 ) 
4 180 211 (0 -624 -161.585007 ) (0 -624 -154 ) (0 -620 -154 ) (0 -620 -161.585007 ) 
4 180 186 (164.316360 -624 -161.585007 ) (165 -624 -161.585007 ) (165 -624 -156.470795 ) (164.185257 -624 -156.492508 ) 
4 180 183 (0 -624 -154 ) (0 -624 -160.866653 ) (165 -624 -156.470795 ) (165 -624 -154 ) 
4 181 195 (167 0 -320 ) (202 0 -320 ) (202 -624 -320 ) (167 -624 -320 ) 
4 181 182 (167 -624 -320 ) (202 -624 -320 ) (202 -624 -182 ) (167 -624 -182 ) 
4 182 197 (202 -1024 -24 ) (167 -1024 -24 ) (167 -1024 -320 ) (202 -1024 -320 ) 
4 182 195 (202 -1024 -320 ) (167 -1024 -320 ) (167 -624 -320 ) (202 -624 -320 ) 
4 182 190 (167 -730 -191.494781 ) (167 -1024 -191.494781 ) (167 -1024 -156.417511 ) (167 -730 -156.417511 ) 
4 182 187 (167 -626 -191.494781 ) (167 -730 -191.494781 ) (167 -730 -156.417511 ) (167 -626 -156.417511 ) 
4 182 186 (167 -624 -156.417511 ) (167 -624 -161.585007 ) (167 -626 -161.585007 ) (167 -626 -156.417511 ) 
4 182 184 (167 -626 -320 ) (167 -1024 -320 ) (167 -1024 -191.494781 ) (167 -626 -191.494781 ) 
4 182 183 (167 -624 -24 ) (167 -624 -156.417511 ) (167 -1024 -156.417511 ) (167 -1024 -24 ) 
4 183 217 (0 -1024 -160.866669 ) (0 -1024 -24 ) (0 -980 -24 ) (0 -980 -160.866669 ) 
4 183 216 (0 -980 -24 ) (0 -730 -24 ) (0 -730 -160.866653 ) (0 -980 -160.866669 ) 
4 183 214 (0 -730 -24 ) (0 -626 -24 ) (0 -626 -160.866653 ) (0 -730 -160.866653 ) 
4 183 212 (0 -626 -24 ) (0 -624 -24 ) (0 -624 -160.866653 ) (0 -626 -160.866653 ) 
4 183 199 (156.774338 -1024 -24 ) (0 -1024 -24 ) (0 -1024 -160.866653 ) (160.187973 -1024 -156.598999 ) 
4 183 197 (167 -1024 -24 ) (156.774338 -1024 -24 ) (160.187973 -1024 -156.598999 ) (167 -1024 -156.417511 ) 
4 183 191 (0 -980 -160.866684 ) (0 -730 -160.866684 ) (160.308563 -730 -156.595810 ) (160.308563 -980 -156.595810 ) 
4 183 190 (160.308563 -730 -156.595810 ) (167 -730 -156.417542 ) (167 -1024 -156.417542 ) (160.308563 -1024 -156.595810 ) 
4 183 185 (0 -730 -160.866684 ) (0 -624 -160.866684 ) (167 -624 -156.417542 ) (167 -730 -156.417542 ) 
4 184 213 (0 -626 -320 ) (0 -1024 -320 ) (0 -1024 -195.943939 ) (0 -626 -195.943924 ) 
4 184 198 (0 -1024 -195.943924 ) (0 -1024 -320 ) (164.394592 -1024 -320 ) (161.090393 -1024 -191.652222 ) 
4 184 197 (164.394592 -1024 -320 ) (167 -1024 -320 ) (167 -1024 -191.494781 ) (161.090393 -1024 -191.652222 ) 
4 184 195 (167 -1024 -320 ) (0 -1024 -320 ) (0 -626 -320 ) (167 -626 -320 ) 
4 184 192 (0 -998 -195.943954 ) (0 -1024 -195.943954 ) (161.210983 -1024 -191.649048 ) (161.210983 -998 -191.649048 ) 
4 184 190 (167 -1024 -191.494812 ) (167 -730 -191.494812 ) (161.210983 -730 -191.649048 ) (161.210983 -1024 -191.649048 ) 
4 184 189 (161.210999 -730 -191.649048 ) (165.087677 -730 -191.545761 ) (165.087677 -704 -191.545761 ) (161.210999 -704 -191.649048 ) 
4 184 188 (165.087662 -626 -191.545761 ) (0 -626 -195.943954 ) (0 -704 -195.943954 ) (165.087677 -704 -191.545761 ) 
4 184 187 (167 -730 -191.494812 ) (167 -626 -191.494812 ) (165.087662 -626 -191.545761 ) (165.087677 -730 -191.545761 ) 
4 185 187 (167 -730 -156.524048 ) (164.187988 -730 -156.598969 ) (164.187988 -626 -156.598969 ) (167 -626 -156.524048 ) 
4 185 186 (164.187988 -624 -156.598969 ) (167 -624 -156.524048 ) (167 -626 -156.524048 ) (164.187988 -626 -156.598969 ) 
4 186 187 (167 -626 -161.585007 ) (167 -626 -156.527466 ) (164.188080 -626 -156.602386 ) (164.316360 -626 -161.585007 ) 
4 187 190 (165.087708 -730 -191.547165 ) (167 -730 -191.496216 ) (167 -730 -156.414307 ) (164.185165 -730 -156.489304 ) 
4 187 189 (165.087753 -704 -191.546585 ) (165.087769 -730 -191.546875 ) (165 -730 -188.139999 ) (165 -704 -188.139999 ) 
4 187 188 (165 -626 -188.139999 ) (165.087692 -626 -191.545731 ) (165.087753 -704 -191.546585 ) (165 -704 -188.139999 ) 
4 188 215 (0 -626 -192.535873 ) (0 -626 -195.943924 ) (0 -704 -195.943924 ) (0 -704 -192.535873 ) 
4 188 189 (161.211014 -704 -191.650040 ) (165.083496 -704 -191.546875 ) (164.995804 -704 -188.140106 ) (161.123322 -704 -188.243271 ) 
4 189 190 (161.211029 -730 -191.650452 ) (165.087708 -730 -191.547165 ) (165 -730 -188.139999 ) (161.123322 -730 -188.243286 ) 
4 190 197 (161.210983 -1024 -191.649017 ) (167 -1024 -191.494781 ) (167 -1024 -156.417511 ) (160.308563 -1024 -156.595779 ) 
4 190 194 (161.120422 -1024 -188.136780 ) (160.308350 -1024 -156.597641 ) (160.308350 -998 -156.597641 ) (161.120422 -998 -188.136780 ) 
4 190 193 (160.308350 -998 -156.597641 ) (160.308350 -980 -156.597641 ) (160.398712 -980 -160.107010 ) (160.398712 -998 -160.107010 ) 
4 190 192 (161.210938 -998 -191.652328 ) (161.210938 -1024 -191.652328 ) (161.120422 -1024 -188.136780 ) (161.120422 -998 -188.136780 ) 
4 190 191 (160.308350 -730 -156.597656 ) (160.398712 -730 -160.107010 ) (160.398712 -980 -160.107010 ) (160.308350 -980 -156.597641 ) 
4 191 216 (0 -980 -160.866669 ) (0 -730 -160.866653 ) (0 -730 -164.380295 ) (0 -980 -164.380295 ) 
4 192 218 (0 -1024 -195.943939 ) (0 -1024 -192.429291 ) (0 -998 -192.429291 ) (0 -998 -195.943939 ) 
4 192 198 (0 -1024 -192.429291 ) (0 -1024 -195.943924 ) (161.210983 -1024 -191.649017 ) (161.120560 -1024 -188.136780 ) 
4 195 219 (0 0 -320 ) (0 0 -881.585083 ) (0 -1024 -881.585083 ) (0 -1024 -320 ) 
4 195 198 (164.394592 -1024 -320 ) (0 -1024 -320 ) (0 -1024 -881.585083 ) (178.852142 -1024 -881.585083 ) 
4 195 197 (1024 -1024 -881.585083 ) (1024 -1024 -320 ) (164.394592 -1024 -320 ) (178.852142 -1024 -881.585083 ) 
4 196 197 (1024 -1024 953.580017 ) (1024 -1024 -881.585083 ) (1024 -1086 -881.585083 ) (1024 -1086 953.580017 ) 
4 196 200 (1024 -1086 -881.585083 ) (1024 -2015.470093 -881.585083 ) (1024 -2015.470093 953.580017 ) (1024 -1086 953.580017 ) 
4 197 199 (160.188019 -1086 -156.598999 ) (131.607391 -1086 953.580017 ) (131.607391 -1024 953.580017 ) (160.188019 -1024 -156.599060 ) 
4 197 198 (178.852173 -1024 -881.585083 ) (178.852173 -1086 -881.585083 ) (161 -1086 -188.140015 ) (161 -1024 -188.139954 ) 
4 197 200 (178.852142 -1086 -881.585083 ) (1024 -1086 -881.585083 ) (1024 -1086 953.580017 ) (131.607361 -1086 953.580017 ) 
4 198 249 (0 -1024 -192.429260 ) (0 -1024 -881.585083 ) (0 -1086 -881.585083 ) (0 -1086 -192.429321 ) 
4 198 200 (0 -1086 -881.585083 ) (178.852142 -1086 -881.585083 ) (161 -1086 -188.140015 ) (0 -1086 -192.429260 ) 
4 199 250 (0 -1086 953.580017 ) (0 -1024 953.580017 ) (0 -1024 -160.866638 ) (0 -1086 -160.866669 ) 
4 199 200 (160.187988 -1086 -156.598999 ) (131.607361 -1086 953.580017 ) (0 -1086 953.580017 ) (0 -1086 -160.866638 ) 
4 200 251 (0 -2015.470093 -881.585083 ) (0 -2015.470093 953.580017 ) (0 -1086 953.580017 ) (0 -1086 -881.585083 ) 
4 201 250 (0 -1024 -24 ) (0 -1024 953.580017 ) (-1024 -1024 953.580017 ) (-1024 -1024 -24 ) 
4 201 220 (-1024 0 953.580017 ) (-1024 0 -24 ) (-1024 -1024 -24 ) (-1024 -1024 953.580017 ) 
4 201 217 (0 -1024 -24 ) (-1024 -1024 -24 ) (-1024 -980 -24 ) (0 -980 -24 ) 
4 201 216 (-1024 -980 -24 ) (-1024 -730 -24 ) (0 -730 -24 ) (0 -980 -24 ) 
4 201 214 (-1024 -730 -24 ) (-1024 -626 -24 ) (0 -626 -24 ) (0 -730 -24 ) 
4 201 212 (-1024 -626 -24 ) (-1024 -624 -24 ) (0 -624 -24 ) (0 -626 -24 ) 
4 201 211 (-1024 -624 -24 ) (-1024 -620 -24 ) (0 -620 -24 ) (0 -624 -24 ) 
4 201 210 (-598 -589 -24 ) (-496 -589 -24 ) (-496 -620 -24 ) (-598 -620 -24 ) 
4 201 207 (-187 -113 -24 ) (-187 -511 -24 ) (-366 -511 -24 ) (-366 -113 -24 ) 
4 201 206 (-366 0 -24 ) (-187 0 -24 ) (-187 -113 -24 ) (-366 -113 -24 ) 
4 201 208 (-187 -511 -24 ) (-187 -589 -24 ) (-366 -589 -24 ) (-366 -511 -24 ) 
4 201 205 (-187 0 -24 ) (-47 0 -24 ) (-47 -589 -24 ) (-187 -589 -24 ) 
4 201 209 (-1024 -589 -24 ) (-1024 0 -24 ) (-366 0 -24 ) (-366 -589 -24 ) 
4 201 203 (0 -28 -24 ) (0 -467 -24 ) (-47 -467 -24 ) (-47 -28 -24 ) 
4 201 202 (-47 0 -24 ) (0 0 -24 ) (0 -28 -24 ) (-47 -28 -24 ) 
4 201 204 (0 -467 -24 ) (0 -589 -24 ) (-47 -589 -24 ) (-47 -467 -24 ) 
4 202 205 (-47 0 -161.585007 ) (-47 -28 -161.585007 ) (-47 -28 -24 ) (-47 0 -24 ) 
4 202 203 (-47 -28 -24 ) (-47 -28 -154 ) (0 -28 -154 ) (0 -28 -24 ) 
4 203 205 (-47 -467 -154 ) (-47 -467 -24 ) (-47 -28 -24 ) (-47 -28 -154 ) 
4 203 204 (-47 -467 -24 ) (-47 -467 -154 ) (0 -467 -154 ) (0 -467 -24 ) 
4 204 205 (-47 -467 -161.585007 ) (-47 -589 -161.585007 ) (-47 -589 -24 ) (-47 -467 -24 ) 
4 205 207 (-187 -511 -149 ) (-187 -511 -24 ) (-187 -113 -24 ) (-187 -113 -149 ) 
4 205 206 (-187 0 -161.585007 ) (-187 -113 -161.585007 ) (-187 -113 -24 ) (-187 0 -24 ) 
4 205 208 (-187 -511 -161.585007 ) (-187 -589 -161.585007 ) (-187 -589 -24 ) (-187 -511 -24 ) 
4 206 207 (-366 -113 -24 ) (-366 -113 -149 ) (-187 -113 -149 ) (-187 -113 -24 ) 
4 206 209 (-366 0 -161.585007 ) (-366 -113 -161.585007 ) (-366 -113 -24 ) (-366 0 -24 ) 
4 207 209 (-366 -511 -149 ) (-366 -511 -24 ) (-366 -113 -24 ) (-366 -113 -149 ) 
4 207 208 (-366 -511 -24 ) (-366 -511 -149 ) (-187 -511 -149 ) (-187 -511 -24 ) 
4 208 209 (-366 -511 -161.585007 ) (-366 -589 -161.585007 ) (-366 -589 -24 ) (-366 -511 -24 ) 
4 209 222 (-1024 0 -24 ) (-1024 0 -161.585007 ) (-1024 -589 -161.585007 ) (-1024 -589 -24 ) 
4 209 210 (-598 -589 -161.585007 ) (-496 -589 -161.585007 ) (-496 -589 -24 ) (-598 -589 -24 ) 
4 210 211 (-496 -620 -24 ) (-598 -620 -24 ) (-598 -620 -161.585007 ) (-496 -620 -161.585007 ) 
4 211 224 (-1024 -624 -161.585007 ) (-1024 -624 -24 ) (-1024 -620 -24 ) (-1024 -620 -161.585007 ) 
5 211 212 (0 -624 -160.973236 ) (0 -624 -24 ) (-1024 -624 -24 ) (-1024 -624 -161.585007 ) (-22.963135 -624 -161.585007 ) 
4 212 224 (-1024 -626 -161.585007 ) (-1024 -626 -24 ) (-1024 -624 -24 ) (-1024 -624 -161.585007 ) 
5 212 214 (0 -626 -160.973236 ) (0 -626 -24 ) (-1024 -626 -24 ) (-1024 -626 -161.585007 ) (-22.963135 -626 -161.585007 ) 
4 213 249 (0 -1024 -320 ) (0 -1024 -195.943909 ) (-1024 -1024 -223.224854 ) (-1024 -1024 -320 ) 
4 213 246 (-1024 -626 -320 ) (-1024 -1024 -320 ) (-1024 -1024 -249 ) (-1024 -626 -249 ) 
4 213 245 (-1024 -1024 -249 ) (-1024 -1024 -223.224854 ) (-1024 -998 -223.224854 ) (-1024 -998 -249 ) 
4 213 244 (-1024 -998 -223.224854 ) (-1024 -980 -223.224854 ) (-1024 -980 -249 ) (-1024 -998 -249 ) 
4 213 234 (-1024 -980 -223.224854 ) (-1024 -626 -223.224854 ) (-1024 -626 -249 ) (-1024 -980 -249 ) 
4 213 219 (-1024 -1024 -320 ) (-1024 -626 -320 ) (0 -626 -320 ) (0 -1024 -320 ) 
4 213 218 (-1024 -998 -223.224884 ) (-1024 -1024 -223.224884 ) (0 -1024 -195.943939 ) (0 -998 -195.943939 ) 
4 213 215 (0 -626 -195.943939 ) (-1024 -626 -223.224884 ) (-1024 -704 -223.224884 ) (0 -704 -195.943939 ) 
4 214 230 (-1024 -626 -182 ) (-1024 -626 -188.254227 ) (-1024 -730 -188.254227 ) (-1024 -730 -182 ) 
4 214 226 (-1024 -730 -24 ) (-1024 -626 -24 ) (-1024 -626 -182 ) (-1024 -730 -182 ) 
4 214 216 (0 -730 -160.973236 ) (0 -730 -24 ) (-1024 -730 -24 ) (-1024 -730 -188.254227 ) 
4 215 237 (-1024 -626 -219.816833 ) (-1024 -626 -223.224854 ) (-1024 -704 -223.224854 ) (-1024 -704 -219.816833 ) 
4 216 242 (-1024 -730 -188.147659 ) (-1024 -730 -191.661255 ) (-1024 -980 -191.661255 ) (-1024 -980 -188.147659 ) 
4 216 230 (-1024 -730 -182 ) (-1024 -730 -188.147659 ) (-1024 -980 -188.147659 ) (-1024 -980 -182 ) 
4 216 226 (-1024 -980 -24 ) (-1024 -730 -24 ) (-1024 -730 -182 ) (-1024 -980 -182 ) 
4 216 217 (0 -980 -160.866653 ) (0 -980 -24 ) (-1024 -980 -24 ) (-1024 -980 -188.147644 ) 
4 217 250 (0 -1024 -160.866653 ) (0 -1024 -24 ) (-1024 -1024 -24 ) (-1024 -1024 -188.147644 ) 
4 217 230 (-1024 -1024 -188.147644 ) (-1024 -1024 -182 ) (-1024 -980 -182 ) (-1024 -980 -188.147644 ) 
4 217 226 (-1024 -1024 -182 ) (-1024 -1024 -24 ) (-1024 -980 -24 ) (-1024 -980 -182 ) 
4 218 249 (0 -1024 -195.943909 ) (0 -1024 -192.429291 ) (-1024 -1024 -219.710251 ) (-1024 -1024 -223.224854 ) 
4 218 245 (-1024 -1024 -223.224854 ) (-1024 -1024 -219.710251 ) (-1024 -998 -219.710251 ) (-1024 -998 -223.224854 ) 
4 219 249 (0 -1024 -881.585083 ) (0 -1024 -320 ) (-1024 -1024 -320 ) (-1024 -1024 -881.585083 ) 
4 219 248 (-1024 0 -320 ) (-1024 0 -881.585083 ) (-1024 -1024 -881.585083 ) (-1024 -1024 -320 ) 
4 220 260 (-2048 0 953.580017 ) (-2048 0 -24 ) (-2048 -1024 -24 ) (-2048 -1024 953.580017 ) 
4 220 255 (-1024 -1024 -24 ) (-1024 -1024 953.580017 ) (-1590.870361 -1024 953.580017 ) (-1565.763428 -1024 -24 ) 
4 220 254 (-1590.870361 -1024 953.580017 ) (-2022.529785 -1024 953.580017 ) (-2022.529785 -1024 -24 ) (-1565.763428 -1024 -24 ) 
4 220 252 (-2022.529785 -1024 953.580017 ) (-2048 -1024 953.580017 ) (-2048 -1024 -24 ) (-2022.529785 -1024 -24 ) 
4 220 225 (-1345 -626 -24 ) (-1358 -626 -24 ) (-1358 -620 -24 ) (-1345 -620 -24 ) 
4 220 224 (-1024 -620 -24 ) (-1024 -626 -24 ) (-1345 -626 -24 ) (-1345 -620 -24 ) 
4 220 223 (-1358 0 -24 ) (-1345 0 -24 ) (-1345 -544.050659 -24 ) (-1358 -589 -24 ) 
4 220 222 (-1166.263428 0 -24 ) (-1024 0 -24 ) (-1024 -589 -24 ) (-1336.609985 -589 -24 ) 
3 220 221 (-1345 0 -24 ) (-1187.653320 0 -24 ) (-1345 -544.050659 -24 ) 
4 220 226 (-1024 -626 -24 ) (-1024 -1024 -24 ) (-1358 -1024 -24 ) (-1358 -626 -24 ) 
4 220 227 (-2048 0 -24 ) (-1358 0 -24 ) (-1358 -1024 -24 ) (-2048 -1024 -24 ) 
4 221 223 (-1345 -544.050659 -24 ) (-1345 0 -24 ) (-1345 0 -161.585007 ) (-1345 -544.050659 -161.585007 ) 
4 223 231 (-1358 -589 -182 ) (-1358 0 -182 ) (-1345 0 -182 ) (-1345 -544.050659 -182 ) 
4 223 227 (-1358 0 -182 ) (-1358 -589 -182 ) (-1358 -589 -24 ) (-1358 0 -24 ) 
4 224 225 (-1345 -620 -161.585007 ) (-1345 -626 -161.585007 ) (-1345 -626 -24 ) (-1345 -620 -24 ) 
4 224 226 (-1024 -626 -161.585007 ) (-1024 -626 -24 ) (-1345 -626 -24 ) (-1345 -626 -161.585007 ) 
4 225 231 (-1358 -626 -182 ) (-1358 -620 -182 ) (-1345 -620 -182 ) (-1345 -626 -182 ) 
4 225 226 (-1358 -626 -24 ) (-1358 -626 -182 ) (-1345 -626 -182 ) (-1345 -626 -24 ) 
4 225 227 (-1358 -620 -182 ) (-1358 -626 -182 ) (-1358 -626 -24 ) (-1358 -620 -24 ) 
4 226 255 (-1024 -1024 -182 ) (-1024 -1024 -24 ) (-1358 -1024 -24 ) (-1358 -1024 -182 ) 
4 226 230 (-1024 -1024 -182 ) (-1345 -1024 -182 ) (-1345 -626 -182 ) (-1024 -626 -182 ) 
4 226 231 (-1345 -1024 -182 ) (-1358 -1024 -182 ) (-1358 -626 -182 ) (-1345 -626 -182 ) 
4 226 227 (-1358 -626 -182 ) (-1358 -1024 -182 ) (-1358 -1024 -24 ) (-1358 -626 -24 ) 
4 227 260 (-2048 0 -24 ) (-2048 0 -182 ) (-2048 -1024 -182 ) (-2048 -1024 -24 ) 
4 227 255 (-1358 -1024 -24 ) (-1565.763428 -1024 -24 ) (-1561.705566 -1024 -182 ) (-1358 -1024 -182 ) 
4 227 254 (-1565.763428 -1024 -24 ) (-2022.529785 -1024 -24 ) (-2022.529785 -1024 -182 ) (-1561.705566 -1024 -182 ) 
4 227 252 (-2022.529785 -1024 -24 ) (-2048 -1024 -24 ) (-2048 -1024 -182 ) (-2022.529785 -1024 -182 ) 
4 227 231 (-1358 -1024 -182 ) (-1561.705566 -1024 -182 ) (-1561.705566 0 -182 ) (-1358 0 -182 ) 
4 227 229 (-1561.705566 -1024 -182 ) (-2022.529785 -1024 -182 ) (-1720.362183 0 -182 ) (-1561.705566 0 -182 ) 
4 227 228 (-2022.529785 -1024 -182 ) (-2048 -1024 -182 ) (-2048 0 -182 ) (-1720.362183 0 -182 ) 
4 228 260 (-2048 0 -182 ) (-2048 0 -320 ) (-2048 -1024 -320 ) (-2048 -1024 -182 ) 
4 228 259 (-2048 -1024 -249 ) (-2048 -1024 -320 ) (-2022.529785 -1024 -320 ) (-2022.529785 -1024 -249 ) 
4 228 252 (-2022.529785 -1024 -182 ) (-2048 -1024 -182 ) (-2048 -1024 -249 ) (-2022.529785 -1024 -249 ) 
4 228 247 (-2022.531250 -1024 -320 ) (-1720.363770 0 -320 ) (-1720.363770 0 -249 ) (-2022.531372 -1024 -249 ) 
4 228 229 (-1720.363770 0 -205.585007 ) (-1720.363770 0 -182 ) (-2022.531372 -1024 -182 ) (-2022.531372 -1024 -205.585007 ) 
4 228 248 (-2048 0 -320 ) (-1720.362183 0 -320 ) (-2022.529785 -1024 -320 ) (-2048 -1024 -320 ) 
4 229 254 (-1561.705566 -1024 -182 ) (-2022.529785 -1024 -182 ) (-2022.529785 -1024 -205.585007 ) (-1561.099854 -1024 -205.585007 ) 
4 229 243 (-1561.180176 -730 -202.459000 ) (-1561.180176 -980 -202.459000 ) (-1561.099854 -980 -205.585007 ) (-1561.099854 -730 -205.585007 ) 
4 229 240 (-1561.180176 -704 -202.459000 ) (-1561.180176 -730 -202.459000 ) (-1561.099854 -730 -205.585007 ) (-1561.099854 -704 -205.585007 ) 
4 229 239 (-1561.180176 -624 -202.459000 ) (-1561.180176 -704 -202.459000 ) (-1561.099854 -704 -205.585007 ) (-1561.099854 -624 -205.585007 ) 
4 229 232 (-1561.099854 0 -205.585007 ) (-1561.180176 0 -202.459000 ) (-1561.180176 -624 -202.459000 ) (-1561.099854 -624 -205.585007 ) 
4 229 231 (-1561.180176 0 -202.459000 ) (-1561.705566 0 -182 ) (-1561.705566 -1024 -182 ) (-1561.180176 -1024 -202.459000 ) 
4 230 255 (-1024 -1024 -188.147659 ) (-1024 -1024 -182 ) (-1345 -1024 -182 ) (-1345 -1024 -196.699615 ) 
4 230 242 (-1024 -730 -188.147568 ) (-1024 -980 -188.147568 ) (-1345 -980 -196.699524 ) (-1345 -730 -196.699524 ) 
4 230 236 (-1024 -626 -188.147568 ) (-1024 -730 -188.147568 ) (-1345 -730 -196.699524 ) (-1345 -626 -196.699524 ) 
4 230 231 (-1345 -626 -196.697281 ) (-1345 -1024 -196.697296 ) (-1345 -1024 -182 ) (-1345 -626 -182 ) 
4 231 255 (-1345 -1024 -182 ) (-1561.705566 -1024 -182 ) (-1561.180054 -1024 -202.459000 ) (-1345 -1024 -196.699615 ) 
4 231 243 (-1561.185547 -980 -202.459045 ) (-1561.185547 -730 -202.459045 ) (-1453.061157 -730 -199.578445 ) (-1526.832520 -980 -201.543823 ) 
4 231 242 (-1453.061157 -730 -199.578445 ) (-1345 -730 -196.699524 ) (-1345 -980 -196.699524 ) (-1526.832520 -980 -201.543823 ) 
4 231 238 (-1561.185547 -730 -202.459045 ) (-1561.185547 -624 -202.459045 ) (-1345 -624 -196.699524 ) (-1345 -730 -196.699524 ) 
4 231 232 (-1561.185547 -624 -202.459045 ) (-1561.185547 0 -202.459045 ) (-1345 0 -196.699524 ) (-1345 -624 -196.699524 ) 
4 232 239 (-1557.182739 -624 -202.352982 ) (-1561.179688 -624 -202.459473 ) (-1561.099365 -624 -205.585007 ) (-1557.099731 -624 -205.585007 ) 
3 232 233 (-1345 -363.797394 -205.585007 ) (-1345 -624 -205.585007 ) (-1421.781982 -624 -205.585007 ) 
3 233 247 (-1345 -363.797394 -249 ) (-1345 -624 -249 ) (-1421.781982 -624 -249 ) 
4 233 241 (-1345 -624 -231.776810 ) (-1345 -624 -228.368790 ) (-1421.781982 -624 -230.414368 ) (-1421.781982 -624 -233.822403 ) 
4 233 235 (-1421.781982 -624 -249 ) (-1345 -624 -249 ) (-1345 -624 -231.776810 ) (-1421.781982 -624 -233.822403 ) 
4 234 246 (-1024 -626 -249 ) (-1024 -980 -249 ) (-1345 -980 -249 ) (-1345 -626 -249 ) 
4 234 244 (-1345 -980 -249 ) (-1024 -980 -249 ) (-1024 -980 -223.224869 ) (-1345 -980 -231.776810 ) 
4 234 237 (-1345 -626 -231.776672 ) (-1345 -704 -231.776703 ) (-1024 -704 -223.224762 ) (-1024 -626 -223.224731 ) 
4 234 235 (-1345 -980 -249 ) (-1345 -980 -231.777283 ) (-1345 -626 -231.777298 ) (-1345 -626 -249 ) 
4 235 247 (-1421.781982 -624 -249 ) (-1345 -624 -249 ) (-1345 -980 -249 ) (-1526.832397 -980 -249 ) 
4 235 244 (-1526.832397 -980 -249 ) (-1345 -980 -249 ) (-1345 -980 -231.776810 ) (-1526.832397 -980 -236.621109 ) 
4 235 241 (-1345 -624 -231.776672 ) (-1421.781982 -624 -233.822266 ) (-1445.388794 -704 -234.451218 ) (-1345 -704 -231.776703 ) 
4 237 241 (-1345 -626 -231.773453 ) (-1345 -704 -231.773438 ) (-1345 -704 -228.368790 ) (-1345 -626 -228.368790 ) 
4 238 240 (-1557.179932 -730 -202.458847 ) (-1561.177368 -730 -202.565338 ) (-1561.177002 -704 -202.565338 ) (-1557.180054 -704 -202.458847 ) 
4 238 239 (-1561.175781 -624 -202.565308 ) (-1557.180054 -624 -202.458847 ) (-1557.180054 -704 -202.458847 ) (-1561.177002 -704 -202.565338 ) 
4 239 240 (-1561.099976 -704 -205.585007 ) (-1557.099731 -704 -205.585007 ) (-1557.180054 -704 -202.458984 ) (-1561.177490 -704 -202.565491 ) 
4 240 243 (-1557.182861 -730 -202.349213 ) (-1561.179688 -730 -202.455688 ) (-1561.099121 -730 -205.585007 ) (-1557.099731 -730 -205.585007 ) 
4 242 243 (-1453.060547 -730 -199.578125 ) (-1453.060547 -730 -203.092117 ) (-1526.831909 -980 -205.057510 ) (-1526.831909 -980 -201.543900 ) 
4 244 246 (-1345 -980 -249 ) (-1024 -980 -249 ) (-1024 -998 -249 ) (-1345 -998 -249 ) 
4 244 247 (-1526.832397 -980 -249 ) (-1345 -980 -249 ) (-1345 -998 -249 ) (-1532.143921 -998 -249 ) 
4 244 245 (-1532.143921 -998 -249 ) (-1024 -998 -249 ) (-1024 -998 -223.224869 ) (-1532.143921 -998 -236.762619 ) 
4 245 257 (-1024 -1024 -249 ) (-1024 -1024 -219.710251 ) (-1539.816162 -1024 -233.452423 ) (-1539.816162 -1024 -249 ) 
4 245 246 (-1024 -1024 -249 ) (-1345 -1024 -249 ) (-1345 -998 -249 ) (-1024 -998 -249 ) 
4 245 247 (-1345 -1024 -249 ) (-1539.816162 -1024 -249 ) (-1532.143921 -998 -249 ) (-1345 -998 -249 ) 
4 246 259 (-1024 -1024 -320 ) (-1024 -1024 -249 ) (-1345 -1024 -249 ) (-1345 -1024 -320 ) 
4 246 247 (-1345 -1024 -249 ) (-1345 -626 -249 ) (-1345 -626 -320 ) (-1345 -1024 -320 ) 
4 246 248 (-1024 -626 -320 ) (-1024 -1024 -320 ) (-1345 -1024 -320 ) (-1345 -626 -320 ) 
4 247 259 (-1345 -1024 -249 ) (-2022.529785 -1024 -249 ) (-2022.529785 -1024 -320 ) (-1345 -1024 -320 ) 
4 247 248 (-1720.362183 0 -320 ) (-1345 0 -320 ) (-1345 -1024 -320 ) (-2022.529785 -1024 -320 ) 
4 248 260 (-2048 0 -320 ) (-2048 0 -881.585083 ) (-2048 -1024 -881.585083 ) (-2048 -1024 -320 ) 
4 248 259 (-1024 -1024 -881.585083 ) (-1024 -1024 -320 ) (-2048 -1024 -320 ) (-2048 -1024 -881.585083 ) 
4 249 259 (-1024 -1024 -249 ) (-1024 -1024 -881.585083 ) (-1024 -1086 -881.585083 ) (-1024 -1086 -249 ) 
4 249 257 (-1024 -1024 -219.710266 ) (-1024 -1024 -249 ) (-1024 -1086 -249 ) (-1024 -1086 -219.710266 ) 
4 249 251 (-1024 -1086 -881.585083 ) (0 -1086 -881.585083 ) (0 -1086 -192.429321 ) (-1024 -1086 -219.710266 ) 
4 250 255 (-1024 -1024 953.580017 ) (-1024 -1024 -188.147644 ) (-1024 -1086 -188.147644 ) (-1024 -1086 953.580017 ) 
4 250 251 (0 -1086 -160.866669 ) (0 -1086 953.580017 ) (-1024 -1086 953.580017 ) (-1024 -1086 -188.147644 ) 
4 251 259 (-1024 -1086 -881.585083 ) (-1024 -2015.470093 -881.585083 ) (-1024 -2015.470093 -249 ) (-1024 -1086 -249 ) 
4 251 258 (-1024 -2015.470093 -249 ) (-1024 -2015.470093 -205.585007 ) (-1024 -1086 -205.585007 ) (-1024 -1086 -249 ) 
4 251 256 (-1024 -2015.470093 -205.585007 ) (-1024 -2015.470093 953.580017 ) (-1024 -1086 953.580017 ) (-1024 -1086 -205.585007 ) 
4 252 262 (-2048 -1024 -205.585007 ) (-2048 -1024 -249 ) (-2048 -1110.314697 -249 ) (-2048 -1110.314697 -205.585007 ) 
4 252 261 (-2048 -1110.314697 953.580017 ) (-2048 -1024 953.580017 ) (-2048 -1024 -205.585007 ) (-2048 -1110.314697 -205.585007 ) 
3 252 259 (-2048 -1110.314697 -249 ) (-2048 -1024 -249 ) (-2022.529785 -1024 -249 ) 
4 252 254 (-2022.529175 -1024 -205.585007 ) (-2022.529297 -1024 953.580017 ) (-2040.824585 -1086 953.580017 ) (-2040.824463 -1086 -205.585007 ) 
4 252 256 (-2040.824585 -1086 953.580017 ) (-2048 -1110.316406 953.580017 ) (-2048 -1110.316772 -205.585007 ) (-2040.824463 -1086 -205.585007 ) 
4 253 263 (-2048 -2015.470093 -249 ) (-2048 -2015.470093 -205.585007 ) (-2048 -1576.907959 -205.585007 ) (-2048 -1576.907959 -249 ) 
4 253 261 (-2048 -2015.470093 -205.585007 ) (-2048 -2015.470093 953.580017 ) (-2048 -1576.907959 953.580017 ) (-2048 -1576.907959 -205.585007 ) 
3 253 259 (-1577.169556 -2015.470093 -249 ) (-2048 -2015.470093 -249 ) (-2048 -1576.907959 -249 ) 
4 253 258 (-1577.167969 -2015.470093 -205.585007 ) (-1577.167969 -2015.470093 -249 ) (-1777.359619 -1828.998657 -249 ) (-1777.359619 -1828.998657 -205.585007 ) 
4 253 256 (-1577.167969 -2015.470093 953.580017 ) (-1577.167969 -2015.470093 -205.585007 ) (-2048 -1576.906738 -205.585007 ) (-2048 -1576.906738 953.580017 ) 
4 254 255 (-1590.870483 -1086 953.580017 ) (-1561.180298 -1086 -202.458923 ) (-1561.180298 -1024 -202.459000 ) (-1590.870483 -1024 953.580017 ) 
4 254 256 (-2040.825073 -1086 953.580017 ) (-2040.825073 -1086 -205.585007 ) (-1561.099854 -1086 -205.585007 ) (-1590.870361 -1086 953.580017 ) 
4 255 256 (-1024 -1086 -188.147659 ) (-1024 -1086 953.580017 ) (-1590.870361 -1086 953.580017 ) (-1561.180176 -1086 -202.458923 ) 
4 256 261 (-2048 -1576.907959 953.580017 ) (-2048 -1110.314697 953.580017 ) (-2048 -1110.314697 -205.585007 ) (-2048 -1576.907959 -205.585007 ) 
5 256 258 (-1024 -2015.470093 -205.585007 ) (-1577.171875 -2015.470093 -205.585007 ) (-1777.360229 -1829 -205.585007 ) (-1558.111450 -1086 -205.585007 ) (-1024 -1086 -205.585007 ) 
4 257 259 (-1539.816162 -1024 -249 ) (-1024 -1024 -249 ) (-1024 -1086 -249 ) (-1558.111328 -1086 -249 ) 
4 257 258 (-1558.111450 -1086 -249 ) (-1024 -1086 -249 ) (-1024 -1086 -219.710251 ) (-1558.111572 -1086 -233.939835 ) 
5 258 259 (-1024 -2015.470093 -249 ) (-1577.169556 -2015.470093 -249 ) (-1777.359985 -1829 -249 ) (-1558.111450 -1086 -249 ) (-1024 -1086 -249 ) 
4 259 264 (-2048 -2015.470093 -881.585083 ) (-2048 -2015.470093 -249 ) (-2048 -1024 -249 ) (-2048 -1024 -881.585083 ) 
4 260 262 (-2048 -1024 -249 ) (-2048 -1024 -205.585007 ) (-2894.899902 -1024 -205.585007 ) (-2894.899902 -1024 -249 ) 
4 260 261 (-2048 -1024 -205.585007 ) (-2048 -1024 953.580017 ) (-2894.899902 -1024 953.580017 ) (-2894.899902 -1024 -205.585007 ) 
4 260 264 (-2048 -1024 -881.585083 ) (-2048 -1024 -249 ) (-2894.899902 -1024 -249 ) (-2894.899902 -1024 -881.585083 ) 
4 261 263 (-2048 -2015.470093 -205.585007 ) (-2315.098389 -2015.470093 -205.585007 ) (-2156 -1476.309814 -205.585007 ) (-2048 -1576.907959 -205.585007 ) 
5 261 262 (-2315.098389 -2015.470093 -205.585007 ) (-2894.899902 -2015.470093 -205.585007 ) (-2894.899902 -1024 -205.585007 ) (-2048 -1024 -205.585007 ) (-2048 -1110.314697 -205.585007 ) 
4 262 263 (-2315.097656 -2015.470093 -249 ) (-2156 -1476.310303 -249 ) (-2156.001221 -1476.308716 -205.585007 ) (-2315.099609 -2015.470093 -205.585007 ) 
5 262 264 (-2315.098389 -2015.470093 -249 ) (-2894.899902 -2015.470093 -249 ) (-2894.899902 -1024 -249 ) (-2048 -1024 -249 ) (-2048 -1110.314697 -249 ) 
4 263 264 (-2048 -2015.470093 -249 ) (-2315.098389 -2015.470093 -249 ) (-2156 -1476.309814 -249 ) (-2048 -1576.907959 -249 ) 
