


materialPath: C:\Program Files (x86)\Steam\steamapps\common\Counter-Strike Global Offensive\csgo\materials
Loading c:\users\victo\documents\github\csgo-maps\orangebox\ixtermggdm2.vmf
Map revision 184
fixing up env_cubemap materials on brush sides...
0...1...2...3...4...5...6...7...8...9...100...1...2...3...4...5...6...7...8...9...10Processing areas...done (0)
Building Faces...done (0)
Chop Details...done (0)
Find Visible Detail Sides...
Merged 22 detail faces...done (0)
Merging details...done (0)
FixTjuncs...
PruneNodes...
WriteBSP...
done (0)
writing c:\users\victo\documents\github\csgo-maps\orangebox\ixtermggdm2.prt...Building visibility clusters...
AutoVisClustering (threshold=-1) matched 0 leafs.
done (0)
Finding displacement neighbors...
Finding lightmap sample positions...
Displacement Alpha : 0...1...2...3...4...5...6...7...8...9...10
Building Physics collision data...
done (0) (49263 bytes)
Encountered obsolete static prop option to do its fade in screen space @ 738.00 -456.00 -80.70
Encountered obsolete static prop option to do its fade in screen space @ 2124.00 -488.00 -80.70
Encountered obsolete static prop option to do its fade in screen space @ 941.00 -958.00 -104.00
Encountered obsolete static prop option to do its fade in screen space @ 941.00 -777.00 -104.00
Encountered obsolete static prop option to do its fade in screen space @ 2520.00 -726.00 -187.00
Encountered obsolete static prop option to do its fade in screen space @ 1923.00 -167.00 -99.82
Encountered obsolete static prop option to do its fade in screen space @ 1923.00 14.00 -99.82
Encountered obsolete static prop option to do its fade in screen space @ 352.05 -252.08 -79.94
Encountered obsolete static prop option to do its fade in screen space @ 1491.82 -207.63 318.25
Encountered obsolete static prop option to do its fade in screen space @ 1462.99 -462.00 -80.75
Static prop models/props_downtown/sign_oneway.mdl outside the map (1731.00, -688.00, 17.00)
Placing detail props : 0...1...2...3...4...5...6...7...8...9...10
Compacting texture/material tables...
Reduced 319 texinfos to 255
Reduced 8 texdatas to 8 (172 bytes to 172)
Writing c:\users\victo\documents\github\csgo-maps\orangebox\ixtermggdm2.bsp
MSG_FILEWRITE - Filesystem was asked to write to 'c:\users\victo\documents\github\csgo-maps\orangebox\ixtermggdm2.bsp', but we don't own that location. Allowing...
0 seconds elapsed



16 threads
reading c:\users\victo\documents\github\csgo-maps\orangebox\ixtermggdm2.bsp
reading c:\users\victo\documents\github\csgo-maps\orangebox\ixtermggdm2.prt
 351 portalclusters
1201 numportals
0...1...2...3...4...5...6...7...8...9...10Optimized: 3662 visible clusters (0.00%)
Total clusters visible: 107013
Average clusters visible: 304
Building PAS...
Average clusters audible: 350
visdatasize:33245  compressed from 33696
writing c:\users\victo\documents\github\csgo-maps\orangebox\ixtermggdm2.bsp
MSG_FILEWRITE - Filesystem was asked to write to 'c:\users\victo\documents\github\csgo-maps\orangebox\ixtermggdm2.bsp', but we don't own that location. Allowing...
0 seconds elapsed



[Reading texlights from 'lights.rad']
[40 texlights parsed from 'lights.rad']

Loading c:\users\victo\documents\github\csgo-maps\orangebox\ixtermggdm2.bsp
1146 faces
1121766 square feet [161534384.00 square inches]
0 Displacements
0 Square Feet [0.00 Square Inches]
1146 patches before subdivision
17252 patches after subdivision
37 direct lights
0...1...2...3...4...5...6...7...8...9...100...1...2...3...4...5...6...7...8...9...10transfers 710232, max 283
transfer lists:   5.4 megs
0...1...2...3...4...5...6...7...8...9...10	Bounce #1 added RGB(58050, 33034, 17737)
0...1...2...3...4...5...6...7...8...9...10	Bounce #2 added RGB(19456, 13863, 2147)
Build Patch/Sample Hash Table(s).....Done<0.0046 sec>
0...1...2...3...4...5...6...7...8...9...10FinalLightFace Done
0 of 0 (0% of) surface lights went in leaf ambient cubes.
0...1...2...3...4...5...6...7...8...9...10Writing leaf ambient...done
Computing static prop lighting : 00...1...2...3...4...5...6...7...8...9...10
Ready to Finish

Object names       Objects/Maxobjs  Memory / Maxmem  Fullness 
------------       ---------------  ---------------  -------- 
models                   4/1024          192/49152    ( 0.4%) 
brushes                119/8192         1428/98304    ( 1.5%) 
brushsides             845/81920        6760/655360   ( 1.0%) 
planes                1006/65536       20120/1310720  ( 1.5%) 
vertexes              1984/65536       23808/786432   ( 3.0%) 
nodes                  738/65536       23616/2097152  ( 1.1%) 
texinfos               255/12288       18360/884736   ( 2.1%) 
texdata                  8/4096          256/131072   ( 0.2%) 
dispinfos                0/0               0/0        ( 0.0%) 
disp_verts               0/0               0/0        ( 0.0%) 
disp_tris                0/0               0/0        ( 0.0%) 
disp_multiblend          0/0               0/0        ( 0.0%) 
disp_lmsamples           0/0               0/0        ( 0.0%) 
faces                 1146/65536       64176/3670016  ( 1.7%) 
hdr faces                0/65536           0/3670016  ( 0.0%) 
origfaces              522/65536       29232/3670016  ( 0.8%) 
facebrushes              4/0               8/0        ( 0.0%) 
facebrushlists        1146/0            4584/0        ( 0.0%) 
leaves                 743/65536       23776/2097152  ( 1.1%) 
leaffaces             1655/65536        3310/131072   ( 2.5%) 
leafbrushes            684/65536        1368/131072   ( 1.0%) 
areas                    2/1024           16/8192     ( 0.2%) 
surfedges             7794/512000      31176/2048000  ( 1.5%) 
edges                 4290/256000      17160/1024000  ( 1.7%) 
LDR worldlights         37/8192         3700/819200   ( 0.5%) 
HDR worldlights          0/8192            0/819200   ( 0.0%) 
leafwaterdata            0/32768           0/393216   ( 0.0%) 
waterstrips            139/32768        1390/327680   ( 0.4%) 
waterverts               0/65536           0/786432   ( 0.0%) 
waterindices          2121/65536        4242/131072   ( 3.2%) 
cubemapsamples           1/1024           16/16384    ( 0.1%) 
overlays                 2/1024          704/360448   ( 0.2%) 
LDR lightdata         [variable]      965784/0        ( 0.0%) 
HDR lightdata         [variable]           0/0        ( 0.0%) 
visdata               [variable]       33245/16777216 ( 0.2%) 
entdata               [variable]       42093/393216   (10.7%) 
LDR ambient table      743/65536        2972/262144   ( 1.1%) 
HDR ambient table      743/65536        2972/262144   ( 1.1%) 
LDR leaf ambient      3482/65536       97496/1835008  ( 5.3%) 
HDR leaf ambient       743/65536       20804/1835008  ( 1.1%) 
occluders                0/0               0/0        ( 0.0%) 
occluder polygons        0/0               0/0        ( 0.0%) 
occluder vert ind        0/0               0/0        ( 0.0%) 
detail props          [variable]           1/12       ( 8.3%) 
static props          [variable]           1/4558     ( 0.0%) 
pakfile               [variable]     2309156/0        ( 0.0%) 
physics               [variable]       49263/4194304  ( 1.2%) 
physics terrain       [variable]           2/1048576  ( 0.0%) 

Level flags = 7d

Total triangle count: 3366
Writing c:\users\victo\documents\github\csgo-maps\orangebox\ixtermggdm2.bsp
MSG_FILEWRITE - Filesystem was asked to write to 'c:\users\victo\documents\github\csgo-maps\orangebox\ixtermggdm2.bsp', but we don't own that location. Allowing...
18 seconds elapsed



materialPath: C:\Program Files (x86)\Steam\steamapps\common\Counter-Strike Global Offensive\csgo\materials
Loading c:\users\victo\documents\github\csgo-maps\orangebox\ixtermggdm2.vmf
Map revision 185
fixing up env_cubemap materials on brush sides...
0...1...2...3...4...5...6...7...8...9...100...1...2...3...4...5...6...7...8...9...10Processing areas...done (0)
Building Faces...done (0)
Chop Details...done (0)
Find Visible Detail Sides...
Merged 22 detail faces...done (0)
Merging details...done (0)
FixTjuncs...
PruneNodes...
WriteBSP...
done (0)
writing c:\users\victo\documents\github\csgo-maps\orangebox\ixtermggdm2.prt...Building visibility clusters...
AutoVisClustering (threshold=-1) matched 0 leafs.
done (0)
Finding displacement neighbors...
Finding lightmap sample positions...
Displacement Alpha : 0...1...2...3...4...5...6...7...8...9...10
Building Physics collision data...
done (0) (49263 bytes)
Encountered obsolete static prop option to do its fade in screen space @ 738.00 -456.00 -80.70
Encountered obsolete static prop option to do its fade in screen space @ 2124.00 -488.00 -80.70
Encountered obsolete static prop option to do its fade in screen space @ 941.00 -958.00 -104.00
Encountered obsolete static prop option to do its fade in screen space @ 941.00 -777.00 -104.00
Encountered obsolete static prop option to do its fade in screen space @ 2520.00 -726.00 -187.00
Encountered obsolete static prop option to do its fade in screen space @ 1923.00 -167.00 -99.82
Encountered obsolete static prop option to do its fade in screen space @ 1923.00 14.00 -99.82
Encountered obsolete static prop option to do its fade in screen space @ 352.05 -252.08 -79.94
Encountered obsolete static prop option to do its fade in screen space @ 1491.82 -207.63 318.25
Encountered obsolete static prop option to do its fade in screen space @ 1462.99 -462.00 -80.75
Static prop models/props_downtown/sign_oneway.mdl outside the map (1731.00, -688.00, 17.00)
Placing detail props : 0...1...2...3...4...5...6...7...8...9...10
Compacting texture/material tables...
Reduced 319 texinfos to 255
Reduced 8 texdatas to 8 (172 bytes to 172)
Writing c:\users\victo\documents\github\csgo-maps\orangebox\ixtermggdm2.bsp
MSG_FILEWRITE - Filesystem was asked to write to 'c:\users\victo\documents\github\csgo-maps\orangebox\ixtermggdm2.bsp', but we don't own that location. Allowing...
0 seconds elapsed



16 threads
reading c:\users\victo\documents\github\csgo-maps\orangebox\ixtermggdm2.bsp
reading c:\users\victo\documents\github\csgo-maps\orangebox\ixtermggdm2.prt
 351 portalclusters
1201 numportals
0...1...2...3...4...5...6...7...8...9...10Optimized: 3662 visible clusters (0.00%)
Total clusters visible: 107013
Average clusters visible: 304
Building PAS...
Average clusters audible: 350
visdatasize:33245  compressed from 33696
writing c:\users\victo\documents\github\csgo-maps\orangebox\ixtermggdm2.bsp
MSG_FILEWRITE - Filesystem was asked to write to 'c:\users\victo\documents\github\csgo-maps\orangebox\ixtermggdm2.bsp', but we don't own that location. Allowing...
0 seconds elapsed



[Reading texlights from 'lights.rad']
[40 texlights parsed from 'lights.rad']

Loading c:\users\victo\documents\github\csgo-maps\orangebox\ixtermggdm2.bsp
1146 faces
1121766 square feet [161534384.00 square inches]
0 Displacements
0 Square Feet [0.00 Square Inches]
1146 patches before subdivision
17252 patches after subdivision
37 direct lights
0...1...2...3...4...5...6...7...8...9...100...1...2...3...4...5...6...7...8...9...10transfers 710232, max 283
transfer lists:   5.4 megs
0...1...2...3...4...5...6...7...8...9...10	Bounce #1 added RGB(58050, 33034, 17737)
0...1...2...3...4...5...6...7...8...9...10	Bounce #2 added RGB(19456, 13863, 2147)
Build Patch/Sample Hash Table(s).....Done<0.0046 sec>
0...1...2...3...4...5...6...7...8...9...10FinalLightFace Done
0 of 0 (0% of) surface lights went in leaf ambient cubes.
0...1...2...3...4...5...6...7...8...9...10Writing leaf ambient...done
Computing static prop lighting : 00...1...2...3...4...5...6...7...8...9...10
Ready to Finish

Object names       Objects/Maxobjs  Memory / Maxmem  Fullness 
------------       ---------------  ---------------  -------- 
models                   4/1024          192/49152    ( 0.4%) 
brushes                119/8192         1428/98304    ( 1.5%) 
brushsides             845/81920        6760/655360   ( 1.0%) 
planes                1006/65536       20120/1310720  ( 1.5%) 
vertexes              1984/65536       23808/786432   ( 3.0%) 
nodes                  738/65536       23616/2097152  ( 1.1%) 
texinfos               255/12288       18360/884736   ( 2.1%) 
texdata                  8/4096          256/131072   ( 0.2%) 
dispinfos                0/0               0/0        ( 0.0%) 
disp_verts               0/0               0/0        ( 0.0%) 
disp_tris                0/0               0/0        ( 0.0%) 
disp_multiblend          0/0               0/0        ( 0.0%) 
disp_lmsamples           0/0               0/0        ( 0.0%) 
faces                 1146/65536       64176/3670016  ( 1.7%) 
hdr faces                0/65536           0/3670016  ( 0.0%) 
origfaces              522/65536       29232/3670016  ( 0.8%) 
facebrushes              4/0               8/0        ( 0.0%) 
facebrushlists        1146/0            4584/0        ( 0.0%) 
leaves                 743/65536       23776/2097152  ( 1.1%) 
leaffaces             1655/65536        3310/131072   ( 2.5%) 
leafbrushes            684/65536        1368/131072   ( 1.0%) 
areas                    2/1024           16/8192     ( 0.2%) 
surfedges             7794/512000      31176/2048000  ( 1.5%) 
edges                 4290/256000      17160/1024000  ( 1.7%) 
LDR worldlights         37/8192         3700/819200   ( 0.5%) 
HDR worldlights          0/8192            0/819200   ( 0.0%) 
leafwaterdata            0/32768           0/393216   ( 0.0%) 
waterstrips            139/32768        1390/327680   ( 0.4%) 
waterverts               0/65536           0/786432   ( 0.0%) 
waterindices          2121/65536        4242/131072   ( 3.2%) 
cubemapsamples           1/1024           16/16384    ( 0.1%) 
overlays                 2/1024          704/360448   ( 0.2%) 
LDR lightdata         [variable]      965784/0        ( 0.0%) 
HDR lightdata         [variable]           0/0        ( 0.0%) 
visdata               [variable]       33245/16777216 ( 0.2%) 
entdata               [variable]       41324/393216   (10.5%) 
LDR ambient table      743/65536        2972/262144   ( 1.1%) 
HDR ambient table      743/65536        2972/262144   ( 1.1%) 
LDR leaf ambient      3482/65536       97496/1835008  ( 5.3%) 
HDR leaf ambient       743/65536       20804/1835008  ( 1.1%) 
occluders                0/0               0/0        ( 0.0%) 
occluder polygons        0/0               0/0        ( 0.0%) 
occluder vert ind        0/0               0/0        ( 0.0%) 
detail props          [variable]           1/12       ( 8.3%) 
static props          [variable]           1/4558     ( 0.0%) 
pakfile               [variable]     2309156/0        ( 0.0%) 
physics               [variable]       49263/4194304  ( 1.2%) 
physics terrain       [variable]           2/1048576  ( 0.0%) 

Level flags = 7d

Total triangle count: 3366
Writing c:\users\victo\documents\github\csgo-maps\orangebox\ixtermggdm2.bsp
MSG_FILEWRITE - Filesystem was asked to write to 'c:\users\victo\documents\github\csgo-maps\orangebox\ixtermggdm2.bsp', but we don't own that location. Allowing...
18 seconds elapsed



materialPath: C:\Program Files (x86)\Steam\steamapps\common\Counter-Strike Global Offensive\csgo\materials
Loading c:\users\victo\documents\github\csgo-maps\orangebox\ixtermggdm2.vmf
Map revision 187
fixing up env_cubemap materials on brush sides...
0...1...2...3...4...5...6...7...8...9...100...1...2...3...4...5...6...7...8...9...10Processing areas...done (0)
Building Faces...done (0)
Chop Details...done (0)
Find Visible Detail Sides...
Merged 22 detail faces...done (0)
Merging details...done (0)
FixTjuncs...
PruneNodes...
WriteBSP...
done (0)
writing c:\users\victo\documents\github\csgo-maps\orangebox\ixtermggdm2.prt...Building visibility clusters...
AutoVisClustering (threshold=-1) matched 0 leafs.
done (0)
Finding displacement neighbors...
Finding lightmap sample positions...
Displacement Alpha : 0...1...2...3...4...5...6...7...8...9...10
Building Physics collision data...
done (0) (49263 bytes)
Encountered obsolete static prop option to do its fade in screen space @ 1338.86 -681.00 317.00
Encountered obsolete static prop option to do its fade in screen space @ 1587.33 -287.77 318.30
Encountered obsolete static prop option to do its fade in screen space @ 738.00 -456.00 -80.70
Encountered obsolete static prop option to do its fade in screen space @ 2124.00 -488.00 -80.70
Encountered obsolete static prop option to do its fade in screen space @ 941.00 -958.00 -104.00
Encountered obsolete static prop option to do its fade in screen space @ 941.00 -777.00 -104.00
Encountered obsolete static prop option to do its fade in screen space @ 2520.00 -726.00 -187.00
Encountered obsolete static prop option to do its fade in screen space @ 1923.00 -167.00 -99.82
Encountered obsolete static prop option to do its fade in screen space @ 1923.00 14.00 -99.82
Encountered obsolete static prop option to do its fade in screen space @ 352.05 -252.08 -79.94
Encountered obsolete static prop option to do its fade in screen space @ 1491.82 -207.63 318.25
Encountered obsolete static prop option to do its fade in screen space @ 1462.99 -462.00 -80.75
Static prop models/props_downtown/sign_oneway.mdl outside the map (1731.00, -688.00, 17.00)
Placing detail props : 0...1...2...3...4...5...6...7...8...9...10
Compacting texture/material tables...
Reduced 319 texinfos to 255
Reduced 8 texdatas to 8 (172 bytes to 172)
Writing c:\users\victo\documents\github\csgo-maps\orangebox\ixtermggdm2.bsp
MSG_FILEWRITE - Filesystem was asked to write to 'c:\users\victo\documents\github\csgo-maps\orangebox\ixtermggdm2.bsp', but we don't own that location. Allowing...
0 seconds elapsed



16 threads
reading c:\users\victo\documents\github\csgo-maps\orangebox\ixtermggdm2.bsp
reading c:\users\victo\documents\github\csgo-maps\orangebox\ixtermggdm2.prt
 351 portalclusters
1201 numportals
0...1...2...3...4...5...6...7...8...9...10Optimized: 3662 visible clusters (0.00%)
Total clusters visible: 107013
Average clusters visible: 304
Building PAS...
Average clusters audible: 350
visdatasize:33245  compressed from 33696
writing c:\users\victo\documents\github\csgo-maps\orangebox\ixtermggdm2.bsp
MSG_FILEWRITE - Filesystem was asked to write to 'c:\users\victo\documents\github\csgo-maps\orangebox\ixtermggdm2.bsp', but we don't own that location. Allowing...
0 seconds elapsed



[Reading texlights from 'lights.rad']
[40 texlights parsed from 'lights.rad']

Loading c:\users\victo\documents\github\csgo-maps\orangebox\ixtermggdm2.bsp
1146 faces
1121766 square feet [161534384.00 square inches]
0 Displacements
0 Square Feet [0.00 Square Inches]
1146 patches before subdivision
17252 patches after subdivision
37 direct lights
0...1...2...3...4...5...6...7...8...9...100...1...2...3...4...5...6...7...8...9...10transfers 684517, max 283
transfer lists:   5.2 megs
0...1...2...3...4...5...6...7...8...9...10	Bounce #1 added RGB(56196, 32529, 17184)
0...1...2...3...4...5...6...7...8...9...10	Bounce #2 added RGB(18534, 13629, 2044)
Build Patch/Sample Hash Table(s).....Done<0.0044 sec>
0...1...2...3...4...5...6...7...8...9...10FinalLightFace Done
0 of 0 (0% of) surface lights went in leaf ambient cubes.
0...1...2...3...4...5...6...7...8...9...10Writing leaf ambient...done
Computing static prop lighting : 00...1...2...3...4...5...6...7...8...9...10
Ready to Finish

Object names       Objects/Maxobjs  Memory / Maxmem  Fullness 
------------       ---------------  ---------------  -------- 
models                   4/1024          192/49152    ( 0.4%) 
brushes                119/8192         1428/98304    ( 1.5%) 
brushsides             845/81920        6760/655360   ( 1.0%) 
planes                1006/65536       20120/1310720  ( 1.5%) 
vertexes              1984/65536       23808/786432   ( 3.0%) 
nodes                  738/65536       23616/2097152  ( 1.1%) 
texinfos               255/12288       18360/884736   ( 2.1%) 
texdata                  8/4096          256/131072   ( 0.2%) 
dispinfos                0/0               0/0        ( 0.0%) 
disp_verts               0/0               0/0        ( 0.0%) 
disp_tris                0/0               0/0        ( 0.0%) 
disp_multiblend          0/0               0/0        ( 0.0%) 
disp_lmsamples           0/0               0/0        ( 0.0%) 
faces                 1146/65536       64176/3670016  ( 1.7%) 
hdr faces                0/65536           0/3670016  ( 0.0%) 
origfaces              522/65536       29232/3670016  ( 0.8%) 
facebrushes              4/0               8/0        ( 0.0%) 
facebrushlists        1146/0            4584/0        ( 0.0%) 
leaves                 743/65536       23776/2097152  ( 1.1%) 
leaffaces             1655/65536        3310/131072   ( 2.5%) 
leafbrushes            684/65536        1368/131072   ( 1.0%) 
areas                    2/1024           16/8192     ( 0.2%) 
surfedges             7794/512000      31176/2048000  ( 1.5%) 
edges                 4290/256000      17160/1024000  ( 1.7%) 
LDR worldlights         37/8192         3700/819200   ( 0.5%) 
HDR worldlights          0/8192            0/819200   ( 0.0%) 
leafwaterdata            0/32768           0/393216   ( 0.0%) 
waterstrips            139/32768        1390/327680   ( 0.4%) 
waterverts               0/65536           0/786432   ( 0.0%) 
waterindices          2121/65536        4242/131072   ( 3.2%) 
cubemapsamples           1/1024           16/16384    ( 0.1%) 
overlays                 2/1024          704/360448   ( 0.2%) 
LDR lightdata         [variable]      965784/0        ( 0.0%) 
HDR lightdata         [variable]           0/0        ( 0.0%) 
visdata               [variable]       33245/16777216 ( 0.2%) 
entdata               [variable]       31879/393216   ( 8.1%) 
LDR ambient table      743/65536        2972/262144   ( 1.1%) 
HDR ambient table      743/65536        2972/262144   ( 1.1%) 
LDR leaf ambient      3476/65536       97328/1835008  ( 5.3%) 
HDR leaf ambient       743/65536       20804/1835008  ( 1.1%) 
occluders                0/0               0/0        ( 0.0%) 
occluder polygons        0/0               0/0        ( 0.0%) 
occluder vert ind        0/0               0/0        ( 0.0%) 
detail props          [variable]           1/12       ( 8.3%) 
static props          [variable]           1/6294     ( 0.0%) 
pakfile               [variable]     2911842/0        ( 0.0%) 
physics               [variable]       49263/4194304  ( 1.2%) 
physics terrain       [variable]           2/1048576  ( 0.0%) 

Level flags = 7d

Total triangle count: 3366
Writing c:\users\victo\documents\github\csgo-maps\orangebox\ixtermggdm2.bsp
MSG_FILEWRITE - Filesystem was asked to write to 'c:\users\victo\documents\github\csgo-maps\orangebox\ixtermggdm2.bsp', but we don't own that location. Allowing...
20 seconds elapsed



materialPath: C:\Program Files (x86)\Steam\steamapps\common\Counter-Strike Global Offensive\csgo\materials
Loading c:\users\victo\documents\github\csgo-maps\orangebox\ixtermggdm2.vmf
Map revision 188
fixing up env_cubemap materials on brush sides...
0...1...2...3...4...5...6...7...8...9...100...1...2...3...4...5...6...7...8...9...10Processing areas...done (0)
Building Faces...done (0)
Chop Details...done (0)
Find Visible Detail Sides...
Merged 22 detail faces...done (0)
Merging details...done (0)
FixTjuncs...
PruneNodes...
WriteBSP...
done (0)
writing c:\users\victo\documents\github\csgo-maps\orangebox\ixtermggdm2.prt...Building visibility clusters...
AutoVisClustering (threshold=-1) matched 0 leafs.
done (0)
Finding displacement neighbors...
Finding lightmap sample positions...
Displacement Alpha : 0...1...2...3...4...5...6...7...8...9...10
Building Physics collision data...
done (0) (50031 bytes)
Encountered obsolete static prop option to do its fade in screen space @ 1338.86 -681.00 317.00
Encountered obsolete static prop option to do its fade in screen space @ 1587.33 -287.77 318.30
Encountered obsolete static prop option to do its fade in screen space @ 738.00 -456.00 -80.70
Encountered obsolete static prop option to do its fade in screen space @ 2124.00 -488.00 -80.70
Encountered obsolete static prop option to do its fade in screen space @ 941.00 -958.00 -104.00
Encountered obsolete static prop option to do its fade in screen space @ 941.00 -777.00 -104.00
Encountered obsolete static prop option to do its fade in screen space @ 2520.00 -726.00 -187.00
Encountered obsolete static prop option to do its fade in screen space @ 1923.00 -167.00 -99.82
Encountered obsolete static prop option to do its fade in screen space @ 1923.00 14.00 -99.82
Encountered obsolete static prop option to do its fade in screen space @ 352.05 -252.08 -79.94
Encountered obsolete static prop option to do its fade in screen space @ 1491.82 -207.63 318.25
Encountered obsolete static prop option to do its fade in screen space @ 1462.99 -462.00 -80.75
Placing detail props : 0...1...2...3...4...5...6...7...8...9...10
Compacting texture/material tables...
Reduced 327 texinfos to 259
Reduced 8 texdatas to 8 (172 bytes to 172)
Writing c:\users\victo\documents\github\csgo-maps\orangebox\ixtermggdm2.bsp
MSG_FILEWRITE - Filesystem was asked to write to 'c:\users\victo\documents\github\csgo-maps\orangebox\ixtermggdm2.bsp', but we don't own that location. Allowing...
0 seconds elapsed



16 threads
reading c:\users\victo\documents\github\csgo-maps\orangebox\ixtermggdm2.bsp
reading c:\users\victo\documents\github\csgo-maps\orangebox\ixtermggdm2.prt
 371 portalclusters
1281 numportals
0...1...2...3...4...5...6...7...8...9...10Optimized: 3821 visible clusters (0.00%)
Total clusters visible: 119566
Average clusters visible: 322
Building PAS...
Average clusters audible: 370
visdatasize:37488  compressed from 35616
writing c:\users\victo\documents\github\csgo-maps\orangebox\ixtermggdm2.bsp
MSG_FILEWRITE - Filesystem was asked to write to 'c:\users\victo\documents\github\csgo-maps\orangebox\ixtermggdm2.bsp', but we don't own that location. Allowing...
0 seconds elapsed



[Reading texlights from 'lights.rad']
[40 texlights parsed from 'lights.rad']

Loading c:\users\victo\documents\github\csgo-maps\orangebox\ixtermggdm2.bsp
1175 faces
1121776 square feet [161535808.00 square inches]
0 Displacements
0 Square Feet [0.00 Square Inches]
1175 patches before subdivision
17439 patches after subdivision
37 direct lights
0...1...2...3...4...5...6...7...8...9...100...1...2...3...4...5...6...7...8...9...10transfers 699891, max 283
transfer lists:   5.3 megs
0...1...2...3...4...5...6...7...8...9...10	Bounce #1 added RGB(56540, 36167, 17269)
0...1...2...3...4...5...6...7...8...9...10	Bounce #2 added RGB(18189, 15594, 1998)
Build Patch/Sample Hash Table(s).....Done<0.0041 sec>
0...1...2...3...4...5...6...7...8...9...10FinalLightFace Done
0 of 0 (0% of) surface lights went in leaf ambient cubes.
0...1...2...3...4...5...6...7...8...9...10Writing leaf ambient...done
Computing static prop lighting : 00...1...2...3...4...5...6...7...8...9...10
Ready to Finish

Object names       Objects/Maxobjs  Memory / Maxmem  Fullness 
------------       ---------------  ---------------  -------- 
models                   4/1024          192/49152    ( 0.4%) 
brushes                121/8192         1452/98304    ( 1.5%) 
brushsides             859/81920        6872/655360   ( 1.0%) 
planes                1022/65536       20440/1310720  ( 1.6%) 
vertexes              2033/65536       24396/786432   ( 3.1%) 
nodes                  768/65536       24576/2097152  ( 1.2%) 
texinfos               259/12288       18648/884736   ( 2.1%) 
texdata                  8/4096          256/131072   ( 0.2%) 
dispinfos                0/0               0/0        ( 0.0%) 
disp_verts               0/0               0/0        ( 0.0%) 
disp_tris                0/0               0/0        ( 0.0%) 
disp_multiblend          0/0               0/0        ( 0.0%) 
disp_lmsamples           0/0               0/0        ( 0.0%) 
faces                 1175/65536       65800/3670016  ( 1.8%) 
hdr faces                0/65536           0/3670016  ( 0.0%) 
origfaces              529/65536       29624/3670016  ( 0.8%) 
facebrushes              4/0               8/0        ( 0.0%) 
facebrushlists        1175/0            4700/0        ( 0.0%) 
leaves                 773/65536       24736/2097152  ( 1.2%) 
leaffaces             1676/65536        3352/131072   ( 2.6%) 
leafbrushes            703/65536        1406/131072   ( 1.1%) 
areas                    2/1024           16/8192     ( 0.2%) 
surfedges             7941/512000      31764/2048000  ( 1.6%) 
edges                 4354/256000      17416/1024000  ( 1.7%) 
LDR worldlights         37/8192         3700/819200   ( 0.5%) 
HDR worldlights          0/8192            0/819200   ( 0.0%) 
leafwaterdata            0/32768           0/393216   ( 0.0%) 
waterstrips            147/32768        1470/327680   ( 0.4%) 
waterverts               0/65536           0/786432   ( 0.0%) 
waterindices          2172/65536        4344/131072   ( 3.3%) 
cubemapsamples           1/1024           16/16384    ( 0.1%) 
overlays                 2/1024          704/360448   ( 0.2%) 
LDR lightdata         [variable]      972800/0        ( 0.0%) 
HDR lightdata         [variable]           0/0        ( 0.0%) 
visdata               [variable]       37488/16777216 ( 0.2%) 
entdata               [variable]       31879/393216   ( 8.1%) 
LDR ambient table      773/65536        3092/262144   ( 1.2%) 
HDR ambient table      773/65536        3092/262144   ( 1.2%) 
LDR leaf ambient      3802/65536      106456/1835008  ( 5.8%) 
HDR leaf ambient       773/65536       21644/1835008  ( 1.2%) 
occluders                0/0               0/0        ( 0.0%) 
occluder polygons        0/0               0/0        ( 0.0%) 
occluder vert ind        0/0               0/0        ( 0.0%) 
detail props          [variable]           1/12       ( 8.3%) 
static props          [variable]           1/6374     ( 0.0%) 
pakfile               [variable]     2913984/0        ( 0.0%) 
physics               [variable]       50031/4194304  ( 1.2%) 
physics terrain       [variable]           2/1048576  ( 0.0%) 

Level flags = 7d

Total triangle count: 3427
Writing c:\users\victo\documents\github\csgo-maps\orangebox\ixtermggdm2.bsp
MSG_FILEWRITE - Filesystem was asked to write to 'c:\users\victo\documents\github\csgo-maps\orangebox\ixtermggdm2.bsp', but we don't own that location. Allowing...
20 seconds elapsed



materialPath: C:\Program Files (x86)\Steam\steamapps\common\Counter-Strike Global Offensive\csgo\materials
Loading c:\users\victo\documents\github\csgo-maps\orangebox\ixtermggdm2.vmf
Map revision 189
fixing up env_cubemap materials on brush sides...
0...1...2...3...4...5...6...7...8...9...100...1...2...3...4...5...6...7...8...9...10Processing areas...done (0)
Building Faces...done (0)
Chop Details...done (0)
Find Visible Detail Sides...
Merged 22 detail faces...done (0)
Merging details...done (0)
FixTjuncs...
PruneNodes...
WriteBSP...
done (0)
writing c:\users\victo\documents\github\csgo-maps\orangebox\ixtermggdm2.prt...Building visibility clusters...
AutoVisClustering (threshold=-1) matched 0 leafs.
done (0)
Finding displacement neighbors...
Finding lightmap sample positions...
Displacement Alpha : 0...1...2...3...4...5...6...7...8...9...10
Building Physics collision data...
done (0) (49263 bytes)
Encountered obsolete static prop option to do its fade in screen space @ 1338.86 -681.00 317.00
Encountered obsolete static prop option to do its fade in screen space @ 1587.33 -287.77 318.30
Encountered obsolete static prop option to do its fade in screen space @ 738.00 -456.00 -80.70
Encountered obsolete static prop option to do its fade in screen space @ 2124.00 -488.00 -80.70
Encountered obsolete static prop option to do its fade in screen space @ 941.00 -958.00 -104.00
Encountered obsolete static prop option to do its fade in screen space @ 941.00 -777.00 -104.00
Encountered obsolete static prop option to do its fade in screen space @ 2520.00 -726.00 -187.00
Encountered obsolete static prop option to do its fade in screen space @ 1923.00 -167.00 -99.82
Encountered obsolete static prop option to do its fade in screen space @ 1923.00 14.00 -99.82
Encountered obsolete static prop option to do its fade in screen space @ 352.05 -252.08 -79.94
Encountered obsolete static prop option to do its fade in screen space @ 1491.82 -207.63 318.25
Encountered obsolete static prop option to do its fade in screen space @ 1462.99 -462.00 -80.75
Static prop models/props_downtown/sign_oneway.mdl outside the map (1731.00, -688.00, 17.00)
Placing detail props : 0...1...2...3...4...5...6...7...8...9...10
Compacting texture/material tables...
Reduced 319 texinfos to 255
Reduced 8 texdatas to 8 (172 bytes to 172)
Writing c:\users\victo\documents\github\csgo-maps\orangebox\ixtermggdm2.bsp
MSG_FILEWRITE - Filesystem was asked to write to 'c:\users\victo\documents\github\csgo-maps\orangebox\ixtermggdm2.bsp', but we don't own that location. Allowing...
0 seconds elapsed



16 threads
reading c:\users\victo\documents\github\csgo-maps\orangebox\ixtermggdm2.bsp
reading c:\users\victo\documents\github\csgo-maps\orangebox\ixtermggdm2.prt
 351 portalclusters
1201 numportals
0...1...2...3...4...5...6...7...8...9...10Optimized: 3662 visible clusters (0.00%)
Total clusters visible: 107013
Average clusters visible: 304
Building PAS...
Average clusters audible: 350
visdatasize:33245  compressed from 33696
writing c:\users\victo\documents\github\csgo-maps\orangebox\ixtermggdm2.bsp
MSG_FILEWRITE - Filesystem was asked to write to 'c:\users\victo\documents\github\csgo-maps\orangebox\ixtermggdm2.bsp', but we don't own that location. Allowing...
0 seconds elapsed



[Reading texlights from 'lights.rad']
[40 texlights parsed from 'lights.rad']

Loading c:\users\victo\documents\github\csgo-maps\orangebox\ixtermggdm2.bsp
1146 faces
1121766 square feet [161534384.00 square inches]
0 Displacements
0 Square Feet [0.00 Square Inches]
1146 patches before subdivision
17252 patches after subdivision
37 direct lights
0...1...2...3...4...5...6...7...8...9...100...1...2...3...4...5...6...7...8...9...10transfers 684517, max 283
transfer lists:   5.2 megs
0...1...2...3...4...5...6...7...8...9...10	Bounce #1 added RGB(56196, 32529, 17184)
0...1...2...3...4...5...6...7...8...9...10	Bounce #2 added RGB(18534, 13629, 2044)
Build Patch/Sample Hash Table(s).....Done<0.0044 sec>
0...1...2...3...4...5...6...7...8...9...10FinalLightFace Done
0 of 0 (0% of) surface lights went in leaf ambient cubes.
0...1...2...3...4...5...6...7...8...9...10Writing leaf ambient...done
Computing static prop lighting : 00...1...2...3...4...5...6...7...8...9...10
Ready to Finish

Object names       Objects/Maxobjs  Memory / Maxmem  Fullness 
------------       ---------------  ---------------  -------- 
models                   4/1024          192/49152    ( 0.4%) 
brushes                119/8192         1428/98304    ( 1.5%) 
brushsides             845/81920        6760/655360   ( 1.0%) 
planes                1006/65536       20120/1310720  ( 1.5%) 
vertexes              1984/65536       23808/786432   ( 3.0%) 
nodes                  738/65536       23616/2097152  ( 1.1%) 
texinfos               255/12288       18360/884736   ( 2.1%) 
texdata                  8/4096          256/131072   ( 0.2%) 
dispinfos                0/0               0/0        ( 0.0%) 
disp_verts               0/0               0/0        ( 0.0%) 
disp_tris                0/0               0/0        ( 0.0%) 
disp_multiblend          0/0               0/0        ( 0.0%) 
disp_lmsamples           0/0               0/0        ( 0.0%) 
faces                 1146/65536       64176/3670016  ( 1.7%) 
hdr faces                0/65536           0/3670016  ( 0.0%) 
origfaces              522/65536       29232/3670016  ( 0.8%) 
facebrushes              4/0               8/0        ( 0.0%) 
facebrushlists        1146/0            4584/0        ( 0.0%) 
leaves                 743/65536       23776/2097152  ( 1.1%) 
leaffaces             1655/65536        3310/131072   ( 2.5%) 
leafbrushes            684/65536        1368/131072   ( 1.0%) 
areas                    2/1024           16/8192     ( 0.2%) 
surfedges             7794/512000      31176/2048000  ( 1.5%) 
edges                 4290/256000      17160/1024000  ( 1.7%) 
LDR worldlights         37/8192         3700/819200   ( 0.5%) 
HDR worldlights          0/8192            0/819200   ( 0.0%) 
leafwaterdata            0/32768           0/393216   ( 0.0%) 
waterstrips            139/32768        1390/327680   ( 0.4%) 
waterverts               0/65536           0/786432   ( 0.0%) 
waterindices          2121/65536        4242/131072   ( 3.2%) 
cubemapsamples           1/1024           16/16384    ( 0.1%) 
overlays                 2/1024          704/360448   ( 0.2%) 
LDR lightdata         [variable]      965784/0        ( 0.0%) 
HDR lightdata         [variable]           0/0        ( 0.0%) 
visdata               [variable]       33245/16777216 ( 0.2%) 
entdata               [variable]       31879/393216   ( 8.1%) 
LDR ambient table      743/65536        2972/262144   ( 1.1%) 
HDR ambient table      743/65536        2972/262144   ( 1.1%) 
LDR leaf ambient      3476/65536       97328/1835008  ( 5.3%) 
HDR leaf ambient       743/65536       20804/1835008  ( 1.1%) 
occluders                0/0               0/0        ( 0.0%) 
occluder polygons        0/0               0/0        ( 0.0%) 
occluder vert ind        0/0               0/0        ( 0.0%) 
detail props          [variable]           1/12       ( 8.3%) 
static props          [variable]           1/6294     ( 0.0%) 
pakfile               [variable]     2911842/0        ( 0.0%) 
physics               [variable]       49263/4194304  ( 1.2%) 
physics terrain       [variable]           2/1048576  ( 0.0%) 

Level flags = 7d

Total triangle count: 3366
Writing c:\users\victo\documents\github\csgo-maps\orangebox\ixtermggdm2.bsp
MSG_FILEWRITE - Filesystem was asked to write to 'c:\users\victo\documents\github\csgo-maps\orangebox\ixtermggdm2.bsp', but we don't own that location. Allowing...
20 seconds elapsed
