PRT1
324
610
4 0 4 (8192 6144 0 ) (8192 6144 5248 ) (8192 7168 5248 ) (8192 7168 0 ) 
4 0 1 (9216 6144 0 ) (9216 6144 5248 ) (8192 6144 5248 ) (8192 6144 0 ) 
4 1 5 (8192 5120 0 ) (8192 5120 5248 ) (8192 6144 5248 ) (8192 6144 0 ) 
4 1 2 (9216 5120 0 ) (9216 5120 5248 ) (8192 5120 5248 ) (8192 5120 0 ) 
4 2 10 (8192 4096 0 ) (8192 4096 5248 ) (8192 5120 5248 ) (8192 5120 0 ) 
4 2 3 (9216 4096 0 ) (9216 4096 5248 ) (8192 4096 5248 ) (8192 4096 0 ) 
4 3 77 (9216 3072 0 ) (9216 3072 5248 ) (8192 3072 5248 ) (8192 3072 0 ) 
4 3 11 (8192 3072 0 ) (8192 3072 5248 ) (8192 4096 5248 ) (8192 4096 0 ) 
4 4 6 (7168 6144 0 ) (7168 6144 5248 ) (7168 7168 5248 ) (7168 7168 0 ) 
4 4 5 (8192 6144 0 ) (8192 6144 5248 ) (7168 6144 5248 ) (7168 6144 0 ) 
4 5 10 (8192 5120 0 ) (8192 5120 5248 ) (7168 5120 5248 ) (7168 5120 0 ) 
4 5 8 (7168 5120 0 ) (7168 5120 5248 ) (7168 6144 5248 ) (7168 6144 0 ) 
4 6 8 (7168 6144 0 ) (7168 6144 5248 ) (6144 6144 5248 ) (6144 6144 0 ) 
4 6 7 (6144 6144 0 ) (6144 6144 5248 ) (6144 7168 5248 ) (6144 7168 0 ) 
4 7 16 (5120 6144 0 ) (5120 6144 5248 ) (5120 7168 5248 ) (5120 7168 0 ) 
4 7 9 (6144 6144 0 ) (6144 6144 5248 ) (5120 6144 5248 ) (5120 6144 0 ) 
4 8 12 (7168 5120 0 ) (7168 5120 5248 ) (6144 5120 5248 ) (6144 5120 0 ) 
4 8 9 (6144 6144 5248 ) (6144 6144 0 ) (6144 5120 0 ) (6144 5120 5248 ) 
4 9 17 (5120 5120 0 ) (5120 5120 5248 ) (5120 6144 5248 ) (5120 6144 0 ) 
4 9 13 (6144 5120 0 ) (6144 5120 5248 ) (5120 5120 5248 ) (5120 5120 0 ) 
4 10 12 (7168 5120 5248 ) (7168 5120 0 ) (7168 4096 0 ) (7168 4096 5248 ) 
4 10 11 (8192 4096 0 ) (8192 4096 5248 ) (7168 4096 5248 ) (7168 4096 0 ) 
4 11 80 (8192 3072 0 ) (8192 3072 5248 ) (7168 3072 5248 ) (7168 3072 0 ) 
4 11 14 (7168 3072 0 ) (7168 3072 5248 ) (7168 4096 5248 ) (7168 4096 0 ) 
4 12 14 (7168 4096 0 ) (7168 4096 5248 ) (6144 4096 5248 ) (6144 4096 0 ) 
4 12 13 (6144 5120 5248 ) (6144 5120 0 ) (6144 4096 0 ) (6144 4096 5248 ) 
4 13 22 (5120 4096 0 ) (5120 4096 5248 ) (5120 5120 5248 ) (5120 5120 0 ) 
4 13 15 (6144 4096 0 ) (6144 4096 5248 ) (5120 4096 5248 ) (5120 4096 0 ) 
4 14 81 (7168 3072 0 ) (7168 3072 5248 ) (6144 3072 5248 ) (6144 3072 0 ) 
4 14 15 (6144 4096 5248 ) (6144 4096 0 ) (6144 3072 0 ) (6144 3072 5248 ) 
4 15 82 (6144 3072 0 ) (6144 3072 5248 ) (5120 3072 5248 ) (5120 3072 0 ) 
4 15 23 (5120 3072 0 ) (5120 3072 5248 ) (5120 4096 5248 ) (5120 4096 0 ) 
4 16 18 (4096 6144 0 ) (4096 6144 5248 ) (4096 7168 5248 ) (4096 7168 0 ) 
4 16 17 (5120 6144 0 ) (5120 6144 5248 ) (4096 6144 5248 ) (4096 6144 0 ) 
4 17 22 (5120 5120 0 ) (5120 5120 5248 ) (4096 5120 5248 ) (4096 5120 0 ) 
4 17 20 (4096 5120 0 ) (4096 5120 5248 ) (4096 6144 5248 ) (4096 6144 0 ) 
4 18 20 (4096 6144 0 ) (4096 6144 5248 ) (3072 6144 5248 ) (3072 6144 0 ) 
4 18 19 (3072 6144 0 ) (3072 6144 5248 ) (3072 7168 5248 ) (3072 7168 0 ) 
4 19 28 (2048 6144 0 ) (2048 6144 5248 ) (2048 7168 5248 ) (2048 7168 0 ) 
4 19 21 (3072 6144 0 ) (3072 6144 5248 ) (2048 6144 5248 ) (2048 6144 0 ) 
4 20 24 (4096 5120 0 ) (4096 5120 5248 ) (3072 5120 5248 ) (3072 5120 0 ) 
4 20 21 (3072 6144 5248 ) (3072 6144 0 ) (3072 5120 0 ) (3072 5120 5248 ) 
4 21 29 (2048 5120 0 ) (2048 5120 5248 ) (2048 6144 5248 ) (2048 6144 0 ) 
4 21 25 (3072 5120 0 ) (3072 5120 5248 ) (2048 5120 5248 ) (2048 5120 0 ) 
4 22 24 (4096 5120 5248 ) (4096 5120 0 ) (4096 4096 0 ) (4096 4096 5248 ) 
4 22 23 (5120 4096 0 ) (5120 4096 5248 ) (4096 4096 5248 ) (4096 4096 0 ) 
4 23 105 (5120 3072 0 ) (5120 3072 5248 ) (4096 3072 5248 ) (4096 3072 0 ) 
4 23 26 (4096 3072 0 ) (4096 3072 5248 ) (4096 4096 5248 ) (4096 4096 0 ) 
4 24 26 (4096 4096 0 ) (4096 4096 5248 ) (3072 4096 5248 ) (3072 4096 0 ) 
4 24 25 (3072 5120 5248 ) (3072 5120 0 ) (3072 4096 0 ) (3072 4096 5248 ) 
4 25 38 (2048 4096 0 ) (2048 4096 5248 ) (2048 5120 5248 ) (2048 5120 0 ) 
4 25 27 (3072 4096 0 ) (3072 4096 5248 ) (2048 4096 5248 ) (2048 4096 0 ) 
4 26 106 (4096 3072 0 ) (4096 3072 5248 ) (3072 3072 5248 ) (3072 3072 0 ) 
4 26 27 (3072 4096 5248 ) (3072 4096 0 ) (3072 3072 0 ) (3072 3072 5248 ) 
4 27 107 (3072 3072 0 ) (3072 3072 5248 ) (2048 3072 5248 ) (2048 3072 0 ) 
4 27 39 (2048 3072 0 ) (2048 3072 5248 ) (2048 4096 5248 ) (2048 4096 0 ) 
4 28 30 (1024 6144 0 ) (1024 6144 5248 ) (1024 7168 5248 ) (1024 7168 0 ) 
4 28 29 (2048 6144 0 ) (2048 6144 5248 ) (1024 6144 5248 ) (1024 6144 0 ) 
4 29 38 (2048 5120 0 ) (2048 5120 5248 ) (1024 5120 5248 ) (1024 5120 0 ) 
4 29 34 (1024 5120 0 ) (1024 5120 5248 ) (1024 6144 5248 ) (1024 6144 0 ) 
4 30 34 (1024 6144 0 ) (1024 6144 5248 ) (512 6144 5248 ) (512 6144 0 ) 
4 30 31 (512 7168 5248 ) (512 7168 0 ) (512 6144 0 ) (512 6144 5248 ) 
4 31 35 (512 6144 -16 ) (512 6144 5248 ) (0 6144 5248 ) (0 6144 -16 ) 
4 31 32 (0 6144 -16 ) (0 6144 5248 ) (0 7168 5248 ) (0 7168 -16 ) 
4 32 36 (0 6144 -16 ) (0 6144 5248 ) (-512 6144 5248 ) (-512 6144 -16 ) 
4 32 33 (-512 7168 5248 ) (-512 7168 0 ) (-512 6144 0 ) (-512 6144 5248 ) 
4 33 49 (-1024 6144 0 ) (-1024 6144 5248 ) (-1024 7168 5248 ) (-1024 7168 0 ) 
4 33 37 (-512 6144 0 ) (-512 6144 5248 ) (-1024 6144 5248 ) (-1024 6144 0 ) 
4 34 40 (1024 5120 0 ) (1024 5120 5248 ) (512 5120 5248 ) (512 5120 0 ) 
4 34 35 (512 5120 0 ) (512 5120 5248 ) (512 6144 5248 ) (512 6144 0 ) 
4 35 41 (512 5120 -16 ) (512 5120 5248 ) (0 5120 5248 ) (0 5120 -16 ) 
4 35 36 (0 6144 5248 ) (0 6144 -16 ) (0 5120 -16 ) (0 5120 5248 ) 
4 36 42 (0 5120 -16 ) (0 5120 5248 ) (-512 5120 5248 ) (-512 5120 -16 ) 
4 36 37 (-512 5120 0 ) (-512 5120 5248 ) (-512 6144 5248 ) (-512 6144 0 ) 
4 37 50 (-1024 5120 0 ) (-1024 5120 5248 ) (-1024 6144 5248 ) (-1024 6144 0 ) 
4 37 43 (-512 5120 0 ) (-512 5120 5248 ) (-1024 5120 5248 ) (-1024 5120 0 ) 
4 38 40 (1024 5120 5248 ) (1024 5120 0 ) (1024 4096 0 ) (1024 4096 5248 ) 
4 38 39 (2048 4096 0 ) (2048 4096 5248 ) (1024 4096 5248 ) (1024 4096 0 ) 
4 39 114 (2048 3072 0 ) (2048 3072 5248 ) (1024 3072 5248 ) (1024 3072 0 ) 
4 39 44 (1024 3072 0 ) (1024 3072 5248 ) (1024 4096 5248 ) (1024 4096 0 ) 
4 40 44 (1024 4096 0 ) (1024 4096 5248 ) (512 4096 5248 ) (512 4096 0 ) 
4 40 41 (512 4096 0 ) (512 4096 5248 ) (512 5120 5248 ) (512 5120 0 ) 
4 41 45 (512 4096 -16 ) (512 4096 5248 ) (0 4096 5248 ) (0 4096 -16 ) 
4 41 42 (0 5120 5248 ) (0 5120 -16 ) (0 4096 -16 ) (0 4096 5248 ) 
4 42 46 (0 4096 -16 ) (0 4096 5248 ) (-512 4096 5248 ) (-512 4096 -16 ) 
4 42 43 (-512 4096 0 ) (-512 4096 5248 ) (-512 5120 5248 ) (-512 5120 0 ) 
4 43 55 (-1024 4096 0 ) (-1024 4096 5248 ) (-1024 5120 5248 ) (-1024 5120 0 ) 
4 43 47 (-512 4096 0 ) (-512 4096 5248 ) (-1024 4096 5248 ) (-1024 4096 0 ) 
4 44 115 (1024 3072 0 ) (1024 3072 5248 ) (512 3072 5248 ) (512 3072 0 ) 
4 44 45 (512 3072 0 ) (512 3072 5248 ) (512 4096 5248 ) (512 4096 0 ) 
4 45 116 (512 3072 -16 ) (512 3072 5248 ) (0 3072 5248 ) (0 3072 -16 ) 
4 45 46 (0 4096 5248 ) (0 4096 -16 ) (0 3072 -16 ) (0 3072 5248 ) 
4 46 117 (0 3072 -16 ) (0 3072 5248 ) (-512 3072 5248 ) (-512 3072 -16 ) 
4 46 47 (-512 3072 0 ) (-512 3072 5248 ) (-512 4096 5248 ) (-512 4096 0 ) 
4 47 118 (-512 3072 0 ) (-512 3072 5248 ) (-1024 3072 5248 ) (-1024 3072 0 ) 
4 47 56 (-1024 3072 0 ) (-1024 3072 5248 ) (-1024 4096 5248 ) (-1024 4096 0 ) 
4 49 51 (-2048 7168 5248 ) (-2048 7168 0 ) (-2048 6144 0 ) (-2048 6144 5248 ) 
4 49 50 (-1024 6144 0 ) (-1024 6144 5248 ) (-2048 6144 5248 ) (-2048 6144 0 ) 
4 50 55 (-1024 5120 0 ) (-1024 5120 5248 ) (-2048 5120 5248 ) (-2048 5120 0 ) 
4 50 53 (-2048 5120 0 ) (-2048 5120 5248 ) (-2048 6144 5248 ) (-2048 6144 0 ) 
4 51 53 (-2048 6144 0 ) (-2048 6144 5248 ) (-3072 6144 5248 ) (-3072 6144 0 ) 
4 51 52 (-3072 7168 5248 ) (-3072 7168 0 ) (-3072 6144 0 ) (-3072 6144 5248 ) 
4 52 61 (-4096 7168 5248 ) (-4096 7168 0 ) (-4096 6144 0 ) (-4096 6144 5248 ) 
4 52 54 (-3072 6144 0 ) (-3072 6144 5248 ) (-4096 6144 5248 ) (-4096 6144 0 ) 
4 53 57 (-2048 5120 0 ) (-2048 5120 5248 ) (-3072 5120 5248 ) (-3072 5120 0 ) 
4 53 54 (-3072 6144 5248 ) (-3072 6144 0 ) (-3072 5120 0 ) (-3072 5120 5248 ) 
4 54 62 (-4096 5120 0 ) (-4096 5120 5248 ) (-4096 6144 5248 ) (-4096 6144 0 ) 
4 54 58 (-3072 5120 0 ) (-3072 5120 5248 ) (-4096 5120 5248 ) (-4096 5120 0 ) 
4 55 57 (-2048 5120 5248 ) (-2048 5120 0 ) (-2048 4096 0 ) (-2048 4096 5248 ) 
4 55 56 (-1024 4096 0 ) (-1024 4096 5248 ) (-2048 4096 5248 ) (-2048 4096 0 ) 
4 56 233 (-1024 3072 0 ) (-1024 3072 5248 ) (-2048 3072 5248 ) (-2048 3072 0 ) 
4 56 59 (-2048 3072 0 ) (-2048 3072 5248 ) (-2048 4096 5248 ) (-2048 4096 0 ) 
4 57 59 (-2048 4096 0 ) (-2048 4096 5248 ) (-3072 4096 5248 ) (-3072 4096 0 ) 
4 57 58 (-3072 5120 5248 ) (-3072 5120 0 ) (-3072 4096 0 ) (-3072 4096 5248 ) 
4 58 67 (-4096 4096 0 ) (-4096 4096 5248 ) (-4096 5120 5248 ) (-4096 5120 0 ) 
4 58 60 (-3072 4096 0 ) (-3072 4096 5248 ) (-4096 4096 5248 ) (-4096 4096 0 ) 
4 59 234 (-2048 3072 0 ) (-2048 3072 5248 ) (-3072 3072 5248 ) (-3072 3072 0 ) 
4 59 60 (-3072 4096 5248 ) (-3072 4096 0 ) (-3072 3072 0 ) (-3072 3072 5248 ) 
4 60 235 (-3072 3072 0 ) (-3072 3072 5248 ) (-4096 3072 5248 ) (-4096 3072 0 ) 
4 60 68 (-4096 3072 0 ) (-4096 3072 5248 ) (-4096 4096 5248 ) (-4096 4096 0 ) 
4 61 63 (-5120 7168 5248 ) (-5120 7168 0 ) (-5120 6144 0 ) (-5120 6144 5248 ) 
4 61 62 (-4096 6144 0 ) (-4096 6144 5248 ) (-5120 6144 5248 ) (-5120 6144 0 ) 
4 62 67 (-4096 5120 0 ) (-4096 5120 5248 ) (-5120 5120 5248 ) (-5120 5120 0 ) 
4 62 65 (-5120 5120 0 ) (-5120 5120 5248 ) (-5120 6144 5248 ) (-5120 6144 0 ) 
4 63 65 (-5120 6144 0 ) (-5120 6144 5248 ) (-6144 6144 5248 ) (-6144 6144 0 ) 
4 63 64 (-6144 7168 5248 ) (-6144 7168 0 ) (-6144 6144 0 ) (-6144 6144 5248 ) 
4 64 73 (-7168 6144 0 ) (-7168 6144 5248 ) (-7168 7168 5248 ) (-7168 7168 0 ) 
4 64 66 (-6144 6144 0 ) (-6144 6144 5248 ) (-7168 6144 5248 ) (-7168 6144 0 ) 
4 65 69 (-5120 5120 0 ) (-5120 5120 5248 ) (-6144 5120 5248 ) (-6144 5120 0 ) 
4 65 66 (-6144 6144 5248 ) (-6144 6144 0 ) (-6144 5120 0 ) (-6144 5120 5248 ) 
4 66 74 (-7168 5120 0 ) (-7168 5120 5248 ) (-7168 6144 5248 ) (-7168 6144 0 ) 
4 66 70 (-6144 5120 0 ) (-6144 5120 5248 ) (-7168 5120 5248 ) (-7168 5120 0 ) 
4 67 69 (-5120 5120 5248 ) (-5120 5120 0 ) (-5120 4096 0 ) (-5120 4096 5248 ) 
4 67 68 (-4096 4096 0 ) (-4096 4096 5248 ) (-5120 4096 5248 ) (-5120 4096 0 ) 
4 68 242 (-4096 3072 0 ) (-4096 3072 5248 ) (-5120 3072 5248 ) (-5120 3072 0 ) 
4 68 71 (-5120 3072 0 ) (-5120 3072 5248 ) (-5120 4096 5248 ) (-5120 4096 0 ) 
4 69 71 (-5120 4096 0 ) (-5120 4096 5248 ) (-6144 4096 5248 ) (-6144 4096 0 ) 
4 69 70 (-6144 5120 5248 ) (-6144 5120 0 ) (-6144 4096 0 ) (-6144 4096 5248 ) 
4 70 75 (-7168 4096 0 ) (-7168 4096 5248 ) (-7168 5120 5248 ) (-7168 5120 0 ) 
4 70 72 (-6144 4096 0 ) (-6144 4096 5248 ) (-7168 4096 5248 ) (-7168 4096 0 ) 
4 71 243 (-5120 3072 0 ) (-5120 3072 5248 ) (-6144 3072 5248 ) (-6144 3072 0 ) 
4 71 72 (-6144 4096 5248 ) (-6144 4096 0 ) (-6144 3072 0 ) (-6144 3072 5248 ) 
4 72 244 (-6144 3072 0 ) (-6144 3072 5248 ) (-7168 3072 5248 ) (-7168 3072 0 ) 
4 72 76 (-7168 3072 0 ) (-7168 3072 5248 ) (-7168 4096 5248 ) (-7168 4096 0 ) 
4 73 74 (-7168 6144 0 ) (-7168 6144 5248 ) (-7680 6144 5248 ) (-7680 6144 0 ) 
4 74 75 (-7168 5120 0 ) (-7168 5120 5248 ) (-7680 5120 5248 ) (-7680 5120 0 ) 
4 75 76 (-7168 4096 0 ) (-7168 4096 5248 ) (-7680 4096 5248 ) (-7680 4096 0 ) 
4 76 275 (-7168 3072 0 ) (-7168 3072 5248 ) (-7680 3072 5248 ) (-7680 3072 0 ) 
4 77 80 (8192 3072 5248 ) (8192 3072 0 ) (8192 2048 0 ) (8192 2048 5248 ) 
4 77 78 (9216 2048 0 ) (9216 2048 5248 ) (8192 2048 5248 ) (8192 2048 0 ) 
4 78 83 (8192 1024 0 ) (8192 1024 5248 ) (8192 2048 5248 ) (8192 2048 0 ) 
4 78 79 (9216 1024 0 ) (9216 1024 5248 ) (8192 1024 5248 ) (8192 1024 0 ) 
4 79 89 (9216 0 0 ) (9216 0 5248 ) (8192 0 5248 ) (8192 0 0 ) 
4 79 84 (8192 0 0 ) (8192 0 5248 ) (8192 1024 5248 ) (8192 1024 0 ) 
4 80 83 (8192 2048 0 ) (8192 2048 5248 ) (7168 2048 5248 ) (7168 2048 0 ) 
4 80 81 (7168 3072 5248 ) (7168 3072 0 ) (7168 2048 0 ) (7168 2048 5248 ) 
4 81 85 (7168 2048 0 ) (7168 2048 5248 ) (6144 2048 5248 ) (6144 2048 0 ) 
4 81 82 (6144 2048 0 ) (6144 2048 5248 ) (6144 3072 5248 ) (6144 3072 0 ) 
4 82 105 (5120 3072 5248 ) (5120 3072 0 ) (5120 2048 0 ) (5120 2048 5248 ) 
4 82 86 (6144 2048 0 ) (6144 2048 5248 ) (5120 2048 5248 ) (5120 2048 0 ) 
4 83 85 (7168 2048 5248 ) (7168 2048 0 ) (7168 1024 0 ) (7168 1024 5248 ) 
4 83 84 (8192 1024 0 ) (8192 1024 5248 ) (7168 1024 5248 ) (7168 1024 0 ) 
4 84 93 (8192 0 0 ) (8192 0 5248 ) (7168 0 5248 ) (7168 0 0 ) 
4 84 87 (7168 0 0 ) (7168 0 5248 ) (7168 1024 5248 ) (7168 1024 0 ) 
4 85 87 (7168 1024 0 ) (7168 1024 5248 ) (6144 1024 5248 ) (6144 1024 0 ) 
4 85 86 (6144 2048 5248 ) (6144 2048 0 ) (6144 1024 0 ) (6144 1024 5248 ) 
4 86 108 (5120 1024 0 ) (5120 1024 5248 ) (5120 2048 5248 ) (5120 2048 0 ) 
4 86 88 (6144 1024 0 ) (6144 1024 5248 ) (5120 1024 5248 ) (5120 1024 0 ) 
4 87 95 (7168 0 0 ) (7168 0 5248 ) (6144 0 5248 ) (6144 0 0 ) 
4 87 88 (6144 1024 5248 ) (6144 1024 0 ) (6144 0 0 ) (6144 0 5248 ) 
4 88 109 (5120 0 0 ) (5120 0 5248 ) (5120 1024 5248 ) (5120 1024 0 ) 
4 88 96 (6144 0 0 ) (6144 0 5248 ) (5120 0 5248 ) (5120 0 0 ) 
4 89 93 (8192 0 5248 ) (8192 0 0 ) (8192 -1024 0 ) (8192 -1024 5248 ) 
4 89 90 (9216 -1024 0 ) (9216 -1024 5248 ) (8192 -1024 5248 ) (8192 -1024 0 ) 
4 90 94 (8192 -2048 0 ) (8192 -2048 5248 ) (8192 -1024 5248 ) (8192 -1024 0 ) 
4 90 91 (9216 -2048 0 ) (9216 -2048 5248 ) (8192 -2048 5248 ) (8192 -2048 0 ) 
4 91 99 (8192 -3072 0 ) (8192 -3072 5248 ) (8192 -2048 5248 ) (8192 -2048 0 ) 
4 91 92 (9216 -3072 0 ) (9216 -3072 5248 ) (8192 -3072 5248 ) (8192 -3072 0 ) 
4 92 161 (9216 -4096 0 ) (9216 -4096 5248 ) (8192 -4096 5248 ) (8192 -4096 0 ) 
4 92 100 (8192 -4096 0 ) (8192 -4096 5248 ) (8192 -3072 5248 ) (8192 -3072 0 ) 
4 93 95 (7168 0 5248 ) (7168 0 0 ) (7168 -1024 0 ) (7168 -1024 5248 ) 
4 93 94 (8192 -1024 0 ) (8192 -1024 5248 ) (7168 -1024 5248 ) (7168 -1024 0 ) 
4 94 99 (8192 -2048 0 ) (8192 -2048 5248 ) (7168 -2048 5248 ) (7168 -2048 0 ) 
4 94 97 (7168 -2048 0 ) (7168 -2048 5248 ) (7168 -1024 5248 ) (7168 -1024 0 ) 
4 95 97 (7168 -1024 0 ) (7168 -1024 5248 ) (6144 -1024 5248 ) (6144 -1024 0 ) 
4 95 96 (6144 0 5248 ) (6144 0 0 ) (6144 -1024 0 ) (6144 -1024 5248 ) 
4 96 129 (5120 -1024 0 ) (5120 -1024 5248 ) (5120 0 5248 ) (5120 0 0 ) 
4 96 98 (6144 -1024 0 ) (6144 -1024 5248 ) (5120 -1024 5248 ) (5120 -1024 0 ) 
4 97 101 (7168 -2048 0 ) (7168 -2048 5248 ) (6144 -2048 5248 ) (6144 -2048 0 ) 
4 97 98 (6144 -1024 5248 ) (6144 -1024 0 ) (6144 -2048 0 ) (6144 -2048 5248 ) 
4 98 130 (5120 -2048 0 ) (5120 -2048 5248 ) (5120 -1024 5248 ) (5120 -1024 0 ) 
4 98 102 (6144 -2048 0 ) (6144 -2048 5248 ) (5120 -2048 5248 ) (5120 -2048 0 ) 
4 99 101 (7168 -2048 5248 ) (7168 -2048 0 ) (7168 -3072 0 ) (7168 -3072 5248 ) 
4 99 100 (8192 -3072 0 ) (8192 -3072 5248 ) (7168 -3072 5248 ) (7168 -3072 0 ) 
4 100 164 (8192 -4096 0 ) (8192 -4096 5248 ) (7168 -4096 5248 ) (7168 -4096 0 ) 
4 100 103 (7168 -4096 0 ) (7168 -4096 5248 ) (7168 -3072 5248 ) (7168 -3072 0 ) 
4 101 103 (7168 -3072 0 ) (7168 -3072 5248 ) (6144 -3072 5248 ) (6144 -3072 0 ) 
4 101 102 (6144 -2048 5248 ) (6144 -2048 0 ) (6144 -3072 0 ) (6144 -3072 5248 ) 
4 102 135 (5120 -3072 0 ) (5120 -3072 5248 ) (5120 -2048 5248 ) (5120 -2048 0 ) 
4 102 104 (6144 -3072 0 ) (6144 -3072 5248 ) (5120 -3072 5248 ) (5120 -3072 0 ) 
4 103 165 (7168 -4096 0 ) (7168 -4096 5248 ) (6144 -4096 5248 ) (6144 -4096 0 ) 
4 103 104 (6144 -3072 5248 ) (6144 -3072 0 ) (6144 -4096 0 ) (6144 -4096 5248 ) 
4 104 166 (6144 -4096 0 ) (6144 -4096 5248 ) (5120 -4096 5248 ) (5120 -4096 0 ) 
4 104 136 (5120 -4096 0 ) (5120 -4096 5248 ) (5120 -3072 5248 ) (5120 -3072 0 ) 
4 105 108 (5120 2048 0 ) (5120 2048 5248 ) (4096 2048 5248 ) (4096 2048 0 ) 
4 105 106 (4096 3072 5248 ) (4096 3072 0 ) (4096 2048 0 ) (4096 2048 5248 ) 
4 106 110 (4096 2048 0 ) (4096 2048 5248 ) (3072 2048 5248 ) (3072 2048 0 ) 
4 106 107 (3072 2048 0 ) (3072 2048 5248 ) (3072 3072 5248 ) (3072 3072 0 ) 
4 107 114 (2048 3072 5248 ) (2048 3072 0 ) (2048 2048 0 ) (2048 2048 5248 ) 
4 107 111 (3072 2048 0 ) (3072 2048 5248 ) (2048 2048 5248 ) (2048 2048 0 ) 
4 108 110 (4096 2048 5248 ) (4096 2048 0 ) (4096 1024 0 ) (4096 1024 5248 ) 
4 108 109 (5120 1024 0 ) (5120 1024 5248 ) (4096 1024 5248 ) (4096 1024 0 ) 
4 109 129 (5120 0 0 ) (5120 0 5248 ) (4096 0 5248 ) (4096 0 0 ) 
4 109 112 (4096 0 0 ) (4096 0 5248 ) (4096 1024 5248 ) (4096 1024 0 ) 
4 110 112 (4096 1024 0 ) (4096 1024 5248 ) (3072 1024 5248 ) (3072 1024 0 ) 
4 110 111 (3072 2048 5248 ) (3072 2048 0 ) (3072 1024 0 ) (3072 1024 5248 ) 
4 111 119 (2048 1024 0 ) (2048 1024 5248 ) (2048 2048 5248 ) (2048 2048 0 ) 
4 111 113 (3072 1024 0 ) (3072 1024 5248 ) (2048 1024 5248 ) (2048 1024 0 ) 
4 112 131 (4096 0 0 ) (4096 0 5248 ) (3072 0 5248 ) (3072 0 0 ) 
4 112 113 (3072 1024 5248 ) (3072 1024 0 ) (3072 0 0 ) (3072 0 5248 ) 
4 113 132 (3072 0 0 ) (3072 0 5248 ) (2048 0 5248 ) (2048 0 0 ) 
4 113 120 (2048 0 0 ) (2048 0 5248 ) (2048 1024 5248 ) (2048 1024 0 ) 
4 114 119 (2048 2048 0 ) (2048 2048 5248 ) (1024 2048 5248 ) (1024 2048 0 ) 
4 114 115 (1024 3072 5248 ) (1024 3072 0 ) (1024 2048 0 ) (1024 2048 5248 ) 
4 115 121 (1024 2048 0 ) (1024 2048 5248 ) (512 2048 5248 ) (512 2048 0 ) 
4 115 116 (512 3072 5248 ) (512 3072 0 ) (512 2048 0 ) (512 2048 5248 ) 
4 116 122 (512 2048 -16 ) (512 2048 5248 ) (0 2048 5248 ) (0 2048 -16 ) 
4 116 117 (0 2048 -16 ) (0 2048 5248 ) (0 3072 5248 ) (0 3072 -16 ) 
4 117 123 (0 2048 -16 ) (0 2048 5248 ) (-512 2048 5248 ) (-512 2048 -16 ) 
4 117 118 (-512 3072 5248 ) (-512 3072 0 ) (-512 2048 0 ) (-512 2048 5248 ) 
4 118 233 (-1024 3072 5248 ) (-1024 3072 0 ) (-1024 2048 0 ) (-1024 2048 5248 ) 
4 118 124 (-512 2048 0 ) (-512 2048 5248 ) (-1024 2048 5248 ) (-1024 2048 0 ) 
4 119 121 (1024 2048 5248 ) (1024 2048 0 ) (1024 1024 0 ) (1024 1024 5248 ) 
4 119 120 (2048 1024 0 ) (2048 1024 5248 ) (1024 1024 5248 ) (1024 1024 0 ) 
4 120 141 (2048 0 0 ) (2048 0 5248 ) (1024 0 5248 ) (1024 0 0 ) 
4 120 125 (1024 0 0 ) (1024 0 5248 ) (1024 1024 5248 ) (1024 1024 0 ) 
4 121 125 (1024 1024 0 ) (1024 1024 5248 ) (512 1024 5248 ) (512 1024 0 ) 
4 121 122 (512 1024 0 ) (512 1024 5248 ) (512 2048 5248 ) (512 2048 0 ) 
4 122 126 (512 1024 -16 ) (512 1024 5248 ) (0 1024 5248 ) (0 1024 -16 ) 
4 122 123 (0 2048 5248 ) (0 2048 -16 ) (0 1024 -16 ) (0 1024 5248 ) 
4 123 127 (0 1024 -16 ) (0 1024 5248 ) (-512 1024 5248 ) (-512 1024 -16 ) 
4 123 124 (-512 1024 0 ) (-512 1024 5248 ) (-512 2048 5248 ) (-512 2048 0 ) 
4 124 236 (-1024 1024 0 ) (-1024 1024 5248 ) (-1024 2048 5248 ) (-1024 2048 0 ) 
4 124 128 (-512 1024 0 ) (-512 1024 5248 ) (-1024 1024 5248 ) (-1024 1024 0 ) 
4 125 143 (1024 0 0 ) (1024 0 5248 ) (512 0 5248 ) (512 0 0 ) 
4 125 126 (512 0 0 ) (512 0 5248 ) (512 1024 5248 ) (512 1024 0 ) 
4 126 144 (512 0 -16 ) (512 0 5248 ) (0 0 5248 ) (0 0 -16 ) 
4 126 127 (0 1024 5248 ) (0 1024 -16 ) (0 0 -16 ) (0 0 5248 ) 
4 127 145 (0 0 -16 ) (0 0 5248 ) (-512 0 5248 ) (-512 0 -16 ) 
4 127 128 (-512 0 0 ) (-512 0 5248 ) (-512 1024 5248 ) (-512 1024 0 ) 
4 128 237 (-1024 0 0 ) (-1024 0 5248 ) (-1024 1024 5248 ) (-1024 1024 0 ) 
4 128 146 (-512 0 0 ) (-512 0 5248 ) (-1024 0 5248 ) (-1024 0 0 ) 
4 129 131 (4096 0 5248 ) (4096 0 0 ) (4096 -1024 0 ) (4096 -1024 5248 ) 
4 129 130 (5120 -1024 0 ) (5120 -1024 5248 ) (4096 -1024 5248 ) (4096 -1024 0 ) 
4 130 135 (5120 -2048 0 ) (5120 -2048 5248 ) (4096 -2048 5248 ) (4096 -2048 0 ) 
4 130 133 (4096 -2048 0 ) (4096 -2048 5248 ) (4096 -1024 5248 ) (4096 -1024 0 ) 
4 131 133 (4096 -1024 0 ) (4096 -1024 5248 ) (3072 -1024 5248 ) (3072 -1024 0 ) 
4 131 132 (3072 0 5248 ) (3072 0 0 ) (3072 -1024 0 ) (3072 -1024 5248 ) 
4 132 141 (2048 0 5248 ) (2048 0 0 ) (2048 -1024 0 ) (2048 -1024 5248 ) 
4 132 134 (3072 -1024 0 ) (3072 -1024 5248 ) (2048 -1024 5248 ) (2048 -1024 0 ) 
4 133 137 (4096 -2048 0 ) (4096 -2048 5248 ) (3072 -2048 5248 ) (3072 -2048 0 ) 
4 133 134 (3072 -1024 5248 ) (3072 -1024 0 ) (3072 -2048 0 ) (3072 -2048 5248 ) 
4 134 142 (2048 -2048 0 ) (2048 -2048 5248 ) (2048 -1024 5248 ) (2048 -1024 0 ) 
4 134 138 (3072 -2048 0 ) (3072 -2048 5248 ) (2048 -2048 5248 ) (2048 -2048 0 ) 
4 135 137 (4096 -2048 5248 ) (4096 -2048 0 ) (4096 -3072 0 ) (4096 -3072 5248 ) 
4 135 136 (5120 -3072 0 ) (5120 -3072 5248 ) (4096 -3072 5248 ) (4096 -3072 0 ) 
4 136 185 (5120 -4096 0 ) (5120 -4096 5248 ) (4096 -4096 5248 ) (4096 -4096 0 ) 
4 136 139 (4096 -4096 0 ) (4096 -4096 5248 ) (4096 -3072 5248 ) (4096 -3072 0 ) 
4 137 139 (4096 -3072 0 ) (4096 -3072 5248 ) (3072 -3072 5248 ) (3072 -3072 0 ) 
4 137 138 (3072 -2048 5248 ) (3072 -2048 0 ) (3072 -3072 0 ) (3072 -3072 5248 ) 
4 138 151 (2048 -3072 0 ) (2048 -3072 5248 ) (2048 -2048 5248 ) (2048 -2048 0 ) 
4 138 140 (3072 -3072 0 ) (3072 -3072 5248 ) (2048 -3072 5248 ) (2048 -3072 0 ) 
4 139 186 (4096 -4096 0 ) (4096 -4096 5248 ) (3072 -4096 5248 ) (3072 -4096 0 ) 
4 139 140 (3072 -3072 5248 ) (3072 -3072 0 ) (3072 -4096 0 ) (3072 -4096 5248 ) 
4 140 187 (3072 -4096 0 ) (3072 -4096 5248 ) (2048 -4096 5248 ) (2048 -4096 0 ) 
4 140 152 (2048 -4096 0 ) (2048 -4096 5248 ) (2048 -3072 5248 ) (2048 -3072 0 ) 
4 141 143 (1024 0 5248 ) (1024 0 0 ) (1024 -1024 0 ) (1024 -1024 5248 ) 
4 141 142 (2048 -1024 0 ) (2048 -1024 5248 ) (1024 -1024 5248 ) (1024 -1024 0 ) 
4 142 151 (2048 -2048 0 ) (2048 -2048 5248 ) (1024 -2048 5248 ) (1024 -2048 0 ) 
4 142 147 (1024 -2048 0 ) (1024 -2048 5248 ) (1024 -1024 5248 ) (1024 -1024 0 ) 
4 143 147 (1024 -1024 0 ) (1024 -1024 5248 ) (512 -1024 5248 ) (512 -1024 0 ) 
4 143 144 (512 -1024 0 ) (512 -1024 5248 ) (512 0 5248 ) (512 0 0 ) 
4 144 148 (512 -1024 -16 ) (512 -1024 5248 ) (0 -1024 5248 ) (0 -1024 -16 ) 
4 144 145 (0 0 5248 ) (0 0 -16 ) (0 -1024 -16 ) (0 -1024 5248 ) 
4 145 149 (0 -1024 -16 ) (0 -1024 5248 ) (-512 -1024 5248 ) (-512 -1024 -16 ) 
4 145 146 (-512 -1024 0 ) (-512 -1024 5248 ) (-512 0 5248 ) (-512 0 0 ) 
4 146 251 (-1024 -1024 0 ) (-1024 -1024 5248 ) (-1024 0 5248 ) (-1024 0 0 ) 
4 146 150 (-512 -1024 0 ) (-512 -1024 5248 ) (-1024 -1024 5248 ) (-1024 -1024 0 ) 
4 147 153 (1024 -2048 0 ) (1024 -2048 5248 ) (512 -2048 5248 ) (512 -2048 0 ) 
4 147 148 (512 -2048 0 ) (512 -2048 5248 ) (512 -1024 5248 ) (512 -1024 0 ) 
4 148 154 (512 -2048 -16 ) (512 -2048 5248 ) (0 -2048 5248 ) (0 -2048 -16 ) 
4 148 149 (0 -1024 5248 ) (0 -1024 -16 ) (0 -2048 -16 ) (0 -2048 5248 ) 
4 149 155 (0 -2048 -16 ) (0 -2048 5248 ) (-512 -2048 5248 ) (-512 -2048 -16 ) 
4 149 150 (-512 -2048 0 ) (-512 -2048 5248 ) (-512 -1024 5248 ) (-512 -1024 0 ) 
4 150 252 (-1024 -2048 0 ) (-1024 -2048 5248 ) (-1024 -1024 5248 ) (-1024 -1024 0 ) 
4 150 156 (-512 -2048 0 ) (-512 -2048 5248 ) (-1024 -2048 5248 ) (-1024 -2048 0 ) 
4 151 153 (1024 -2048 5248 ) (1024 -2048 0 ) (1024 -3072 0 ) (1024 -3072 5248 ) 
4 151 152 (2048 -3072 0 ) (2048 -3072 5248 ) (1024 -3072 5248 ) (1024 -3072 0 ) 
4 152 194 (2048 -4096 0 ) (2048 -4096 5248 ) (1024 -4096 5248 ) (1024 -4096 0 ) 
4 152 157 (1024 -4096 0 ) (1024 -4096 5248 ) (1024 -3072 5248 ) (1024 -3072 0 ) 
4 153 157 (1024 -3072 0 ) (1024 -3072 5248 ) (512 -3072 5248 ) (512 -3072 0 ) 
4 153 154 (512 -3072 0 ) (512 -3072 5248 ) (512 -2048 5248 ) (512 -2048 0 ) 
4 154 158 (512 -3072 -16 ) (512 -3072 5248 ) (0 -3072 5248 ) (0 -3072 -16 ) 
4 154 155 (0 -2048 5248 ) (0 -2048 -16 ) (0 -3072 -16 ) (0 -3072 5248 ) 
4 155 159 (0 -3072 -16 ) (0 -3072 5248 ) (-512 -3072 5248 ) (-512 -3072 -16 ) 
4 155 156 (-512 -3072 0 ) (-512 -3072 5248 ) (-512 -2048 5248 ) (-512 -2048 0 ) 
4 156 257 (-1024 -3072 0 ) (-1024 -3072 5248 ) (-1024 -2048 5248 ) (-1024 -2048 0 ) 
4 156 160 (-512 -3072 0 ) (-512 -3072 5248 ) (-1024 -3072 5248 ) (-1024 -3072 0 ) 
4 157 195 (1024 -4096 0 ) (1024 -4096 5248 ) (512 -4096 5248 ) (512 -4096 0 ) 
4 157 158 (512 -4096 0 ) (512 -4096 5248 ) (512 -3072 5248 ) (512 -3072 0 ) 
4 158 196 (512 -4096 -16 ) (512 -4096 5248 ) (0 -4096 5248 ) (0 -4096 -16 ) 
4 158 159 (0 -3072 5248 ) (0 -3072 -16 ) (0 -4096 -16 ) (0 -4096 5248 ) 
4 159 197 (0 -4096 -16 ) (0 -4096 5248 ) (-512 -4096 5248 ) (-512 -4096 -16 ) 
4 159 160 (-512 -4096 0 ) (-512 -4096 5248 ) (-512 -3072 5248 ) (-512 -3072 0 ) 
4 160 258 (-1024 -4096 0 ) (-1024 -4096 5248 ) (-1024 -3072 5248 ) (-1024 -3072 0 ) 
4 160 198 (-512 -4096 0 ) (-512 -4096 5248 ) (-1024 -4096 5248 ) (-1024 -4096 0 ) 
4 161 164 (8192 -4096 5248 ) (8192 -4096 0 ) (8192 -5120 0 ) (8192 -5120 5248 ) 
4 161 162 (9216 -5120 0 ) (9216 -5120 5248 ) (8192 -5120 5248 ) (8192 -5120 0 ) 
4 162 167 (8192 -6144 0 ) (8192 -6144 5248 ) (8192 -5120 5248 ) (8192 -5120 0 ) 
4 162 163 (9216 -6144 0 ) (9216 -6144 5248 ) (8192 -6144 5248 ) (8192 -6144 0 ) 
4 163 173 (9216 -7168 0 ) (9216 -7168 5248 ) (8192 -7168 5248 ) (8192 -7168 0 ) 
4 163 168 (8192 -7168 0 ) (8192 -7168 5248 ) (8192 -6144 5248 ) (8192 -6144 0 ) 
4 164 167 (8192 -5120 0 ) (8192 -5120 5248 ) (7168 -5120 5248 ) (7168 -5120 0 ) 
4 164 165 (7168 -4096 5248 ) (7168 -4096 0 ) (7168 -5120 0 ) (7168 -5120 5248 ) 
4 165 169 (7168 -5120 0 ) (7168 -5120 5248 ) (6144 -5120 5248 ) (6144 -5120 0 ) 
4 165 166 (6144 -5120 0 ) (6144 -5120 5248 ) (6144 -4096 5248 ) (6144 -4096 0 ) 
4 166 185 (5120 -4096 5248 ) (5120 -4096 0 ) (5120 -5120 0 ) (5120 -5120 5248 ) 
4 166 170 (6144 -5120 0 ) (6144 -5120 5248 ) (5120 -5120 5248 ) (5120 -5120 0 ) 
4 167 169 (7168 -5120 5248 ) (7168 -5120 0 ) (7168 -6144 0 ) (7168 -6144 5248 ) 
4 167 168 (8192 -6144 0 ) (8192 -6144 5248 ) (7168 -6144 5248 ) (7168 -6144 0 ) 
4 168 176 (8192 -7168 0 ) (8192 -7168 5248 ) (7168 -7168 5248 ) (7168 -7168 0 ) 
4 168 171 (7168 -7168 0 ) (7168 -7168 5248 ) (7168 -6144 5248 ) (7168 -6144 0 ) 
4 169 171 (7168 -6144 0 ) (7168 -6144 5248 ) (6144 -6144 5248 ) (6144 -6144 0 ) 
4 169 170 (6144 -5120 5248 ) (6144 -5120 0 ) (6144 -6144 0 ) (6144 -6144 5248 ) 
4 170 188 (5120 -6144 0 ) (5120 -6144 5248 ) (5120 -5120 5248 ) (5120 -5120 0 ) 
4 170 172 (6144 -6144 0 ) (6144 -6144 5248 ) (5120 -6144 5248 ) (5120 -6144 0 ) 
4 171 178 (7168 -7168 0 ) (7168 -7168 5248 ) (6144 -7168 5248 ) (6144 -7168 0 ) 
4 171 172 (6144 -6144 5248 ) (6144 -6144 0 ) (6144 -7168 0 ) (6144 -7168 5248 ) 
4 172 189 (5120 -7168 0 ) (5120 -7168 5248 ) (5120 -6144 5248 ) (5120 -6144 0 ) 
4 172 179 (6144 -7168 0 ) (6144 -7168 5248 ) (5120 -7168 5248 ) (5120 -7168 0 ) 
4 173 176 (8192 -7168 5248 ) (8192 -7168 0 ) (8192 -8192 0 ) (8192 -8192 5248 ) 
4 173 174 (9216 -8192 0 ) (9216 -8192 5248 ) (8192 -8192 5248 ) (8192 -8192 0 ) 
4 174 177 (8192 -9216 0 ) (8192 -9216 5248 ) (8192 -8192 5248 ) (8192 -8192 0 ) 
4 174 175 (9216 -9216 0 ) (9216 -9216 5248 ) (8192 -9216 5248 ) (8192 -9216 0 ) 
4 175 182 (8192 -9728 0 ) (8192 -9728 5248 ) (8192 -9216 5248 ) (8192 -9216 0 ) 
4 176 178 (7168 -7168 5248 ) (7168 -7168 0 ) (7168 -8192 0 ) (7168 -8192 5248 ) 
4 176 177 (8192 -8192 0 ) (8192 -8192 5248 ) (7168 -8192 5248 ) (7168 -8192 0 ) 
4 177 182 (8192 -9216 0 ) (8192 -9216 5248 ) (7168 -9216 5248 ) (7168 -9216 0 ) 
4 177 180 (7168 -9216 0 ) (7168 -9216 5248 ) (7168 -8192 5248 ) (7168 -8192 0 ) 
4 178 180 (7168 -8192 0 ) (7168 -8192 5248 ) (6144 -8192 5248 ) (6144 -8192 0 ) 
4 178 179 (6144 -7168 5248 ) (6144 -7168 0 ) (6144 -8192 0 ) (6144 -8192 5248 ) 
4 179 209 (5120 -8192 0 ) (5120 -8192 5248 ) (5120 -7168 5248 ) (5120 -7168 0 ) 
4 179 181 (6144 -8192 0 ) (6144 -8192 5248 ) (5120 -8192 5248 ) (5120 -8192 0 ) 
4 180 183 (7168 -9216 0 ) (7168 -9216 5248 ) (6144 -9216 5248 ) (6144 -9216 0 ) 
4 180 181 (6144 -8192 5248 ) (6144 -8192 0 ) (6144 -9216 0 ) (6144 -9216 5248 ) 
4 181 210 (5120 -9216 0 ) (5120 -9216 5248 ) (5120 -8192 5248 ) (5120 -8192 0 ) 
4 181 184 (6144 -9216 0 ) (6144 -9216 5248 ) (5120 -9216 5248 ) (5120 -9216 0 ) 
4 182 183 (7168 -9216 5248 ) (7168 -9216 0 ) (7168 -9728 0 ) (7168 -9728 5248 ) 
4 183 184 (6144 -9216 5248 ) (6144 -9216 0 ) (6144 -9728 0 ) (6144 -9728 5248 ) 
4 184 215 (5120 -9728 0 ) (5120 -9728 5248 ) (5120 -9216 5248 ) (5120 -9216 0 ) 
4 185 188 (5120 -5120 0 ) (5120 -5120 5248 ) (4096 -5120 5248 ) (4096 -5120 0 ) 
4 185 186 (4096 -4096 5248 ) (4096 -4096 0 ) (4096 -5120 0 ) (4096 -5120 5248 ) 
4 186 190 (4096 -5120 0 ) (4096 -5120 5248 ) (3072 -5120 5248 ) (3072 -5120 0 ) 
4 186 187 (3072 -5120 0 ) (3072 -5120 5248 ) (3072 -4096 5248 ) (3072 -4096 0 ) 
4 187 194 (2048 -4096 5248 ) (2048 -4096 0 ) (2048 -5120 0 ) (2048 -5120 5248 ) 
4 187 191 (3072 -5120 0 ) (3072 -5120 5248 ) (2048 -5120 5248 ) (2048 -5120 0 ) 
4 188 190 (4096 -5120 5248 ) (4096 -5120 0 ) (4096 -6144 0 ) (4096 -6144 5248 ) 
4 188 189 (5120 -6144 0 ) (5120 -6144 5248 ) (4096 -6144 5248 ) (4096 -6144 0 ) 
4 189 209 (5120 -7168 0 ) (5120 -7168 5248 ) (4096 -7168 5248 ) (4096 -7168 0 ) 
4 189 192 (4096 -7168 0 ) (4096 -7168 5248 ) (4096 -6144 5248 ) (4096 -6144 0 ) 
4 190 192 (4096 -6144 0 ) (4096 -6144 5248 ) (3072 -6144 5248 ) (3072 -6144 0 ) 
4 190 191 (3072 -5120 5248 ) (3072 -5120 0 ) (3072 -6144 0 ) (3072 -6144 5248 ) 
4 191 199 (2048 -6144 0 ) (2048 -6144 5248 ) (2048 -5120 5248 ) (2048 -5120 0 ) 
4 191 193 (3072 -6144 0 ) (3072 -6144 5248 ) (2048 -6144 5248 ) (2048 -6144 0 ) 
4 192 211 (4096 -7168 0 ) (4096 -7168 5248 ) (3072 -7168 5248 ) (3072 -7168 0 ) 
4 192 193 (3072 -6144 5248 ) (3072 -6144 0 ) (3072 -7168 0 ) (3072 -7168 5248 ) 
4 193 212 (3072 -7168 0 ) (3072 -7168 5248 ) (2048 -7168 5248 ) (2048 -7168 0 ) 
4 193 200 (2048 -7168 0 ) (2048 -7168 5248 ) (2048 -6144 5248 ) (2048 -6144 0 ) 
4 194 199 (2048 -5120 0 ) (2048 -5120 5248 ) (1024 -5120 5248 ) (1024 -5120 0 ) 
4 194 195 (1024 -4096 5248 ) (1024 -4096 0 ) (1024 -5120 0 ) (1024 -5120 5248 ) 
4 195 201 (1024 -5120 0 ) (1024 -5120 5248 ) (512 -5120 5248 ) (512 -5120 0 ) 
4 195 196 (512 -4096 5248 ) (512 -4096 0 ) (512 -5120 0 ) (512 -5120 5248 ) 
4 196 202 (512 -5120 -16 ) (512 -5120 5248 ) (0 -5120 5248 ) (0 -5120 -16 ) 
4 196 197 (0 -5120 -16 ) (0 -5120 5248 ) (0 -4096 5248 ) (0 -4096 -16 ) 
4 197 203 (0 -5120 -16 ) (0 -5120 5248 ) (-512 -5120 5248 ) (-512 -5120 -16 ) 
4 197 198 (-512 -4096 5248 ) (-512 -4096 0 ) (-512 -5120 0 ) (-512 -5120 5248 ) 
4 198 282 (-1024 -5120 0 ) (-1024 -5120 5248 ) (-1024 -4096 5248 ) (-1024 -4096 0 ) 
4 198 204 (-512 -5120 0 ) (-512 -5120 5248 ) (-1024 -5120 5248 ) (-1024 -5120 0 ) 
4 199 201 (1024 -5120 5248 ) (1024 -5120 0 ) (1024 -6144 0 ) (1024 -6144 5248 ) 
4 199 200 (2048 -6144 0 ) (2048 -6144 5248 ) (1024 -6144 5248 ) (1024 -6144 0 ) 
4 200 218 (2048 -7168 0 ) (2048 -7168 5248 ) (1024 -7168 5248 ) (1024 -7168 0 ) 
4 200 205 (1024 -7168 0 ) (1024 -7168 5248 ) (1024 -6144 5248 ) (1024 -6144 0 ) 
4 201 205 (1024 -6144 0 ) (1024 -6144 5248 ) (512 -6144 5248 ) (512 -6144 0 ) 
4 201 202 (512 -6144 0 ) (512 -6144 5248 ) (512 -5120 5248 ) (512 -5120 0 ) 
4 202 206 (512 -6144 -16 ) (512 -6144 5248 ) (0 -6144 5248 ) (0 -6144 -16 ) 
4 202 203 (0 -5120 5248 ) (0 -5120 -16 ) (0 -6144 -16 ) (0 -6144 5248 ) 
4 203 207 (0 -6144 -16 ) (0 -6144 5248 ) (-512 -6144 5248 ) (-512 -6144 -16 ) 
4 203 204 (-512 -6144 0 ) (-512 -6144 5248 ) (-512 -5120 5248 ) (-512 -5120 0 ) 
4 204 285 (-1024 -6144 0 ) (-1024 -6144 5248 ) (-1024 -5120 5248 ) (-1024 -5120 0 ) 
4 204 208 (-512 -6144 0 ) (-512 -6144 5248 ) (-1024 -6144 5248 ) (-1024 -6144 0 ) 
4 205 220 (1024 -7168 0 ) (1024 -7168 5248 ) (512 -7168 5248 ) (512 -7168 0 ) 
4 205 206 (512 -7168 0 ) (512 -7168 5248 ) (512 -6144 5248 ) (512 -6144 0 ) 
4 206 221 (512 -7168 -16 ) (512 -7168 5248 ) (0 -7168 5248 ) (0 -7168 -16 ) 
4 206 207 (0 -6144 5248 ) (0 -6144 -16 ) (0 -7168 -16 ) (0 -7168 5248 ) 
4 207 222 (0 -7168 -16 ) (0 -7168 5248 ) (-512 -7168 5248 ) (-512 -7168 -16 ) 
4 207 208 (-512 -7168 0 ) (-512 -7168 5248 ) (-512 -6144 5248 ) (-512 -6144 0 ) 
4 208 286 (-1024 -7168 0 ) (-1024 -7168 5248 ) (-1024 -6144 5248 ) (-1024 -6144 0 ) 
4 208 223 (-512 -7168 0 ) (-512 -7168 5248 ) (-1024 -7168 5248 ) (-1024 -7168 0 ) 
4 209 211 (4096 -7168 5248 ) (4096 -7168 0 ) (4096 -8192 0 ) (4096 -8192 5248 ) 
4 209 210 (5120 -8192 0 ) (5120 -8192 5248 ) (4096 -8192 5248 ) (4096 -8192 0 ) 
4 210 215 (5120 -9216 0 ) (5120 -9216 5248 ) (4096 -9216 5248 ) (4096 -9216 0 ) 
4 210 213 (4096 -9216 0 ) (4096 -9216 5248 ) (4096 -8192 5248 ) (4096 -8192 0 ) 
4 211 213 (4096 -8192 0 ) (4096 -8192 5248 ) (3072 -8192 5248 ) (3072 -8192 0 ) 
4 211 212 (3072 -7168 5248 ) (3072 -7168 0 ) (3072 -8192 0 ) (3072 -8192 5248 ) 
4 212 218 (2048 -7168 5248 ) (2048 -7168 0 ) (2048 -8192 0 ) (2048 -8192 5248 ) 
4 212 214 (3072 -8192 0 ) (3072 -8192 5248 ) (2048 -8192 5248 ) (2048 -8192 0 ) 
4 213 216 (4096 -9216 0 ) (4096 -9216 5248 ) (3072 -9216 5248 ) (3072 -9216 0 ) 
4 213 214 (3072 -8192 5248 ) (3072 -8192 0 ) (3072 -9216 0 ) (3072 -9216 5248 ) 
4 214 219 (2048 -9216 0 ) (2048 -9216 5248 ) (2048 -8192 5248 ) (2048 -8192 0 ) 
4 214 217 (3072 -9216 0 ) (3072 -9216 5248 ) (2048 -9216 5248 ) (2048 -9216 0 ) 
4 215 216 (4096 -9216 5248 ) (4096 -9216 0 ) (4096 -9728 0 ) (4096 -9728 5248 ) 
4 216 217 (3072 -9216 5248 ) (3072 -9216 0 ) (3072 -9728 0 ) (3072 -9728 5248 ) 
4 217 228 (2048 -9728 0 ) (2048 -9728 5248 ) (2048 -9216 5248 ) (2048 -9216 0 ) 
4 218 220 (1024 -7168 5248 ) (1024 -7168 0 ) (1024 -8192 0 ) (1024 -8192 5248 ) 
4 218 219 (2048 -8192 0 ) (2048 -8192 5248 ) (1024 -8192 5248 ) (1024 -8192 0 ) 
4 219 228 (2048 -9216 0 ) (2048 -9216 5248 ) (1024 -9216 5248 ) (1024 -9216 0 ) 
4 219 224 (1024 -9216 0 ) (1024 -9216 5248 ) (1024 -8192 5248 ) (1024 -8192 0 ) 
4 220 224 (1024 -8192 0 ) (1024 -8192 5248 ) (512 -8192 5248 ) (512 -8192 0 ) 
4 220 221 (512 -8192 0 ) (512 -8192 5248 ) (512 -7168 5248 ) (512 -7168 0 ) 
4 221 225 (512 -8192 -16 ) (512 -8192 5248 ) (0 -8192 5248 ) (0 -8192 -16 ) 
4 221 222 (0 -7168 5248 ) (0 -7168 -16 ) (0 -8192 -16 ) (0 -8192 5248 ) 
4 222 226 (0 -8192 -16 ) (0 -8192 5248 ) (-512 -8192 5248 ) (-512 -8192 -16 ) 
4 222 223 (-512 -8192 0 ) (-512 -8192 5248 ) (-512 -7168 5248 ) (-512 -7168 0 ) 
4 223 300 (-1024 -8192 0 ) (-1024 -8192 5248 ) (-1024 -7168 5248 ) (-1024 -7168 0 ) 
4 223 227 (-512 -8192 0 ) (-512 -8192 5248 ) (-1024 -8192 5248 ) (-1024 -8192 0 ) 
4 224 229 (1024 -9216 0 ) (1024 -9216 5248 ) (512 -9216 5248 ) (512 -9216 0 ) 
4 224 225 (512 -9216 0 ) (512 -9216 5248 ) (512 -8192 5248 ) (512 -8192 0 ) 
4 225 230 (512 -9216 -16 ) (512 -9216 5248 ) (0 -9216 5248 ) (0 -9216 -16 ) 
4 225 226 (0 -8192 5248 ) (0 -8192 -16 ) (0 -9216 -16 ) (0 -9216 5248 ) 
4 226 231 (0 -9216 -16 ) (0 -9216 5248 ) (-512 -9216 5248 ) (-512 -9216 -16 ) 
4 226 227 (-512 -9216 0 ) (-512 -9216 5248 ) (-512 -8192 5248 ) (-512 -8192 0 ) 
4 227 301 (-1024 -9216 0 ) (-1024 -9216 5248 ) (-1024 -8192 5248 ) (-1024 -8192 0 ) 
4 227 232 (-512 -9216 0 ) (-512 -9216 5248 ) (-1024 -9216 5248 ) (-1024 -9216 0 ) 
4 228 229 (1024 -9216 5248 ) (1024 -9216 0 ) (1024 -9728 0 ) (1024 -9728 5248 ) 
4 229 230 (512 -9216 5248 ) (512 -9216 0 ) (512 -9728 0 ) (512 -9728 5248 ) 
4 230 231 (0 -9216 5248 ) (0 -9216 -16 ) (0 -9728 -16 ) (0 -9728 5248 ) 
4 231 232 (-512 -9216 5248 ) (-512 -9216 0 ) (-512 -9728 0 ) (-512 -9728 5248 ) 
4 232 306 (-1024 -9728 0 ) (-1024 -9728 5248 ) (-1024 -9216 5248 ) (-1024 -9216 0 ) 
4 233 236 (-1024 2048 0 ) (-1024 2048 5248 ) (-2048 2048 5248 ) (-2048 2048 0 ) 
4 233 234 (-2048 3072 5248 ) (-2048 3072 0 ) (-2048 2048 0 ) (-2048 2048 5248 ) 
4 234 238 (-2048 2048 0 ) (-2048 2048 5248 ) (-3072 2048 5248 ) (-3072 2048 0 ) 
4 234 235 (-3072 2048 0 ) (-3072 2048 5248 ) (-3072 3072 5248 ) (-3072 3072 0 ) 
4 235 242 (-4096 3072 5248 ) (-4096 3072 0 ) (-4096 2048 0 ) (-4096 2048 5248 ) 
4 235 239 (-3072 2048 0 ) (-3072 2048 5248 ) (-4096 2048 5248 ) (-4096 2048 0 ) 
4 236 238 (-2048 2048 5248 ) (-2048 2048 0 ) (-2048 1024 0 ) (-2048 1024 5248 ) 
4 236 237 (-1024 1024 0 ) (-1024 1024 5248 ) (-2048 1024 5248 ) (-2048 1024 0 ) 
4 237 251 (-1024 0 0 ) (-1024 0 5248 ) (-2048 0 5248 ) (-2048 0 0 ) 
4 237 240 (-2048 0 0 ) (-2048 0 5248 ) (-2048 1024 5248 ) (-2048 1024 0 ) 
4 238 240 (-2048 1024 0 ) (-2048 1024 5248 ) (-3072 1024 5248 ) (-3072 1024 0 ) 
4 238 239 (-3072 2048 5248 ) (-3072 2048 0 ) (-3072 1024 0 ) (-3072 1024 5248 ) 
4 239 245 (-4096 1024 0 ) (-4096 1024 5248 ) (-4096 2048 5248 ) (-4096 2048 0 ) 
4 239 241 (-3072 1024 0 ) (-3072 1024 5248 ) (-4096 1024 5248 ) (-4096 1024 0 ) 
4 240 253 (-2048 0 0 ) (-2048 0 5248 ) (-3072 0 5248 ) (-3072 0 0 ) 
4 240 241 (-3072 1024 5248 ) (-3072 1024 0 ) (-3072 0 0 ) (-3072 0 5248 ) 
4 241 254 (-3072 0 0 ) (-3072 0 5248 ) (-4096 0 5248 ) (-4096 0 0 ) 
4 241 246 (-4096 0 0 ) (-4096 0 5248 ) (-4096 1024 5248 ) (-4096 1024 0 ) 
4 242 245 (-4096 2048 0 ) (-4096 2048 5248 ) (-5120 2048 5248 ) (-5120 2048 0 ) 
4 242 243 (-5120 3072 5248 ) (-5120 3072 0 ) (-5120 2048 0 ) (-5120 2048 5248 ) 
4 243 247 (-5120 2048 0 ) (-5120 2048 5248 ) (-6144 2048 5248 ) (-6144 2048 0 ) 
4 243 244 (-6144 2048 0 ) (-6144 2048 5248 ) (-6144 3072 5248 ) (-6144 3072 0 ) 
4 244 275 (-7168 3072 5248 ) (-7168 3072 0 ) (-7168 2048 0 ) (-7168 2048 5248 ) 
4 244 248 (-6144 2048 0 ) (-6144 2048 5248 ) (-7168 2048 5248 ) (-7168 2048 0 ) 
4 245 247 (-5120 2048 5248 ) (-5120 2048 0 ) (-5120 1024 0 ) (-5120 1024 5248 ) 
4 245 246 (-4096 1024 0 ) (-4096 1024 5248 ) (-5120 1024 5248 ) (-5120 1024 0 ) 
4 246 263 (-4096 0 0 ) (-4096 0 5248 ) (-5120 0 5248 ) (-5120 0 0 ) 
4 246 249 (-5120 0 0 ) (-5120 0 5248 ) (-5120 1024 5248 ) (-5120 1024 0 ) 
4 247 249 (-5120 1024 0 ) (-5120 1024 5248 ) (-6144 1024 5248 ) (-6144 1024 0 ) 
4 247 248 (-6144 2048 5248 ) (-6144 2048 0 ) (-6144 1024 0 ) (-6144 1024 5248 ) 
4 248 276 (-7168 1024 0 ) (-7168 1024 5248 ) (-7168 2048 5248 ) (-7168 2048 0 ) 
4 248 250 (-6144 1024 0 ) (-6144 1024 5248 ) (-7168 1024 5248 ) (-7168 1024 0 ) 
4 249 265 (-5120 0 0 ) (-5120 0 5248 ) (-6144 0 5248 ) (-6144 0 0 ) 
4 249 250 (-6144 1024 5248 ) (-6144 1024 0 ) (-6144 0 0 ) (-6144 0 5248 ) 
4 250 277 (-7168 0 0 ) (-7168 0 5248 ) (-7168 1024 5248 ) (-7168 1024 0 ) 
4 250 266 (-6144 0 0 ) (-6144 0 5248 ) (-7168 0 5248 ) (-7168 0 0 ) 
4 251 253 (-2048 0 5248 ) (-2048 0 0 ) (-2048 -1024 0 ) (-2048 -1024 5248 ) 
4 251 252 (-1024 -1024 0 ) (-1024 -1024 5248 ) (-2048 -1024 5248 ) (-2048 -1024 0 ) 
4 252 257 (-1024 -2048 0 ) (-1024 -2048 5248 ) (-2048 -2048 5248 ) (-2048 -2048 0 ) 
4 252 255 (-2048 -2048 0 ) (-2048 -2048 5248 ) (-2048 -1024 5248 ) (-2048 -1024 0 ) 
4 253 255 (-2048 -1024 0 ) (-2048 -1024 5248 ) (-3072 -1024 5248 ) (-3072 -1024 0 ) 
4 253 254 (-3072 0 5248 ) (-3072 0 0 ) (-3072 -1024 0 ) (-3072 -1024 5248 ) 
4 254 263 (-4096 0 5248 ) (-4096 0 0 ) (-4096 -1024 0 ) (-4096 -1024 5248 ) 
4 254 256 (-3072 -1024 0 ) (-3072 -1024 5248 ) (-4096 -1024 5248 ) (-4096 -1024 0 ) 
4 255 259 (-2048 -2048 0 ) (-2048 -2048 5248 ) (-3072 -2048 5248 ) (-3072 -2048 0 ) 
4 255 256 (-3072 -1024 5248 ) (-3072 -1024 0 ) (-3072 -2048 0 ) (-3072 -2048 5248 ) 
4 256 264 (-4096 -2048 0 ) (-4096 -2048 5248 ) (-4096 -1024 5248 ) (-4096 -1024 0 ) 
4 256 260 (-3072 -2048 0 ) (-3072 -2048 5248 ) (-4096 -2048 5248 ) (-4096 -2048 0 ) 
4 257 259 (-2048 -2048 5248 ) (-2048 -2048 0 ) (-2048 -3072 0 ) (-2048 -3072 5248 ) 
4 257 258 (-1024 -3072 0 ) (-1024 -3072 5248 ) (-2048 -3072 5248 ) (-2048 -3072 0 ) 
4 258 282 (-1024 -4096 0 ) (-1024 -4096 5248 ) (-2048 -4096 5248 ) (-2048 -4096 0 ) 
4 258 261 (-2048 -4096 0 ) (-2048 -4096 5248 ) (-2048 -3072 5248 ) (-2048 -3072 0 ) 
4 259 261 (-2048 -3072 0 ) (-2048 -3072 5248 ) (-3072 -3072 5248 ) (-3072 -3072 0 ) 
4 259 260 (-3072 -2048 5248 ) (-3072 -2048 0 ) (-3072 -3072 0 ) (-3072 -3072 5248 ) 
4 260 269 (-4096 -3072 0 ) (-4096 -3072 5248 ) (-4096 -2048 5248 ) (-4096 -2048 0 ) 
4 260 262 (-3072 -3072 0 ) (-3072 -3072 5248 ) (-4096 -3072 5248 ) (-4096 -3072 0 ) 
4 261 283 (-2048 -4096 0 ) (-2048 -4096 5248 ) (-3072 -4096 5248 ) (-3072 -4096 0 ) 
4 261 262 (-3072 -3072 5248 ) (-3072 -3072 0 ) (-3072 -4096 0 ) (-3072 -4096 5248 ) 
4 262 284 (-3072 -4096 0 ) (-3072 -4096 5248 ) (-4096 -4096 5248 ) (-4096 -4096 0 ) 
4 262 270 (-4096 -4096 0 ) (-4096 -4096 5248 ) (-4096 -3072 5248 ) (-4096 -3072 0 ) 
4 263 265 (-5120 0 5248 ) (-5120 0 0 ) (-5120 -1024 0 ) (-5120 -1024 5248 ) 
4 263 264 (-4096 -1024 0 ) (-4096 -1024 5248 ) (-5120 -1024 5248 ) (-5120 -1024 0 ) 
4 264 269 (-4096 -2048 0 ) (-4096 -2048 5248 ) (-5120 -2048 5248 ) (-5120 -2048 0 ) 
4 264 267 (-5120 -2048 0 ) (-5120 -2048 5248 ) (-5120 -1024 5248 ) (-5120 -1024 0 ) 
4 265 267 (-5120 -1024 0 ) (-5120 -1024 5248 ) (-6144 -1024 5248 ) (-6144 -1024 0 ) 
4 265 266 (-6144 0 5248 ) (-6144 0 0 ) (-6144 -1024 0 ) (-6144 -1024 5248 ) 
4 266 278 (-7168 -1024 0 ) (-7168 -1024 5248 ) (-7168 0 5248 ) (-7168 0 0 ) 
4 266 268 (-6144 -1024 0 ) (-6144 -1024 5248 ) (-7168 -1024 5248 ) (-7168 -1024 0 ) 
4 267 271 (-5120 -2048 0 ) (-5120 -2048 5248 ) (-6144 -2048 5248 ) (-6144 -2048 0 ) 
4 267 268 (-6144 -1024 5248 ) (-6144 -1024 0 ) (-6144 -2048 0 ) (-6144 -2048 5248 ) 
4 268 279 (-7168 -2048 0 ) (-7168 -2048 5248 ) (-7168 -1024 5248 ) (-7168 -1024 0 ) 
4 268 272 (-6144 -2048 0 ) (-6144 -2048 5248 ) (-7168 -2048 5248 ) (-7168 -2048 0 ) 
4 269 271 (-5120 -2048 5248 ) (-5120 -2048 0 ) (-5120 -3072 0 ) (-5120 -3072 5248 ) 
4 269 270 (-4096 -3072 0 ) (-4096 -3072 5248 ) (-5120 -3072 5248 ) (-5120 -3072 0 ) 
4 270 291 (-4096 -4096 0 ) (-4096 -4096 5248 ) (-5120 -4096 5248 ) (-5120 -4096 0 ) 
4 270 273 (-5120 -4096 0 ) (-5120 -4096 5248 ) (-5120 -3072 5248 ) (-5120 -3072 0 ) 
4 271 273 (-5120 -3072 0 ) (-5120 -3072 5248 ) (-6144 -3072 5248 ) (-6144 -3072 0 ) 
4 271 272 (-6144 -2048 5248 ) (-6144 -2048 0 ) (-6144 -3072 0 ) (-6144 -3072 5248 ) 
4 272 280 (-7168 -3072 0 ) (-7168 -3072 5248 ) (-7168 -2048 5248 ) (-7168 -2048 0 ) 
4 272 274 (-6144 -3072 0 ) (-6144 -3072 5248 ) (-7168 -3072 5248 ) (-7168 -3072 0 ) 
4 273 292 (-5120 -4096 0 ) (-5120 -4096 5248 ) (-6144 -4096 5248 ) (-6144 -4096 0 ) 
4 273 274 (-6144 -3072 5248 ) (-6144 -3072 0 ) (-6144 -4096 0 ) (-6144 -4096 5248 ) 
4 274 293 (-6144 -4096 0 ) (-6144 -4096 5248 ) (-7168 -4096 5248 ) (-7168 -4096 0 ) 
4 274 281 (-7168 -4096 0 ) (-7168 -4096 5248 ) (-7168 -3072 5248 ) (-7168 -3072 0 ) 
4 275 276 (-7168 2048 0 ) (-7168 2048 5248 ) (-7680 2048 5248 ) (-7680 2048 0 ) 
4 276 277 (-7168 1024 0 ) (-7168 1024 5248 ) (-7680 1024 5248 ) (-7680 1024 0 ) 
4 277 278 (-7168 0 0 ) (-7168 0 5248 ) (-7680 0 5248 ) (-7680 0 0 ) 
4 278 279 (-7168 -1024 0 ) (-7168 -1024 5248 ) (-7680 -1024 5248 ) (-7680 -1024 0 ) 
4 279 280 (-7168 -2048 0 ) (-7168 -2048 5248 ) (-7680 -2048 5248 ) (-7680 -2048 0 ) 
4 280 281 (-7168 -3072 0 ) (-7168 -3072 5248 ) (-7680 -3072 5248 ) (-7680 -3072 0 ) 
4 281 318 (-7168 -4096 0 ) (-7168 -4096 5248 ) (-7680 -4096 5248 ) (-7680 -4096 0 ) 
4 282 285 (-1024 -5120 0 ) (-1024 -5120 5248 ) (-2048 -5120 5248 ) (-2048 -5120 0 ) 
4 282 283 (-2048 -4096 5248 ) (-2048 -4096 0 ) (-2048 -5120 0 ) (-2048 -5120 5248 ) 
4 283 287 (-2048 -5120 0 ) (-2048 -5120 5248 ) (-3072 -5120 5248 ) (-3072 -5120 0 ) 
4 283 284 (-3072 -5120 0 ) (-3072 -5120 5248 ) (-3072 -4096 5248 ) (-3072 -4096 0 ) 
4 284 291 (-4096 -4096 5248 ) (-4096 -4096 0 ) (-4096 -5120 0 ) (-4096 -5120 5248 ) 
4 284 288 (-3072 -5120 0 ) (-3072 -5120 5248 ) (-4096 -5120 5248 ) (-4096 -5120 0 ) 
4 285 287 (-2048 -5120 5248 ) (-2048 -5120 0 ) (-2048 -6144 0 ) (-2048 -6144 5248 ) 
4 285 286 (-1024 -6144 0 ) (-1024 -6144 5248 ) (-2048 -6144 5248 ) (-2048 -6144 0 ) 
4 286 300 (-1024 -7168 0 ) (-1024 -7168 5248 ) (-2048 -7168 5248 ) (-2048 -7168 0 ) 
4 286 289 (-2048 -7168 0 ) (-2048 -7168 5248 ) (-2048 -6144 5248 ) (-2048 -6144 0 ) 
4 287 289 (-2048 -6144 0 ) (-2048 -6144 5248 ) (-3072 -6144 5248 ) (-3072 -6144 0 ) 
4 287 288 (-3072 -5120 5248 ) (-3072 -5120 0 ) (-3072 -6144 0 ) (-3072 -6144 5248 ) 
4 288 294 (-4096 -6144 0 ) (-4096 -6144 5248 ) (-4096 -5120 5248 ) (-4096 -5120 0 ) 
4 288 290 (-3072 -6144 0 ) (-3072 -6144 5248 ) (-4096 -6144 5248 ) (-4096 -6144 0 ) 
4 289 302 (-2048 -7168 0 ) (-2048 -7168 5248 ) (-3072 -7168 5248 ) (-3072 -7168 0 ) 
4 289 290 (-3072 -6144 5248 ) (-3072 -6144 0 ) (-3072 -7168 0 ) (-3072 -7168 5248 ) 
4 290 303 (-3072 -7168 0 ) (-3072 -7168 5248 ) (-4096 -7168 5248 ) (-4096 -7168 0 ) 
4 290 295 (-4096 -7168 0 ) (-4096 -7168 5248 ) (-4096 -6144 5248 ) (-4096 -6144 0 ) 
4 291 294 (-4096 -5120 0 ) (-4096 -5120 5248 ) (-5120 -5120 5248 ) (-5120 -5120 0 ) 
4 291 292 (-5120 -4096 5248 ) (-5120 -4096 0 ) (-5120 -5120 0 ) (-5120 -5120 5248 ) 
4 292 296 (-5120 -5120 0 ) (-5120 -5120 5248 ) (-6144 -5120 5248 ) (-6144 -5120 0 ) 
4 292 293 (-6144 -5120 0 ) (-6144 -5120 5248 ) (-6144 -4096 5248 ) (-6144 -4096 0 ) 
4 293 318 (-7168 -4096 5248 ) (-7168 -4096 0 ) (-7168 -5120 0 ) (-7168 -5120 5248 ) 
4 293 297 (-6144 -5120 0 ) (-6144 -5120 5248 ) (-7168 -5120 5248 ) (-7168 -5120 0 ) 
4 294 296 (-5120 -5120 5248 ) (-5120 -5120 0 ) (-5120 -6144 0 ) (-5120 -6144 5248 ) 
4 294 295 (-4096 -6144 0 ) (-4096 -6144 5248 ) (-5120 -6144 5248 ) (-5120 -6144 0 ) 
4 295 309 (-4096 -7168 0 ) (-4096 -7168 5248 ) (-5120 -7168 5248 ) (-5120 -7168 0 ) 
4 295 298 (-5120 -7168 0 ) (-5120 -7168 5248 ) (-5120 -6144 5248 ) (-5120 -6144 0 ) 
4 296 298 (-5120 -6144 0 ) (-5120 -6144 5248 ) (-6144 -6144 5248 ) (-6144 -6144 0 ) 
4 296 297 (-6144 -5120 5248 ) (-6144 -5120 0 ) (-6144 -6144 0 ) (-6144 -6144 5248 ) 
4 297 319 (-7168 -6144 0 ) (-7168 -6144 5248 ) (-7168 -5120 5248 ) (-7168 -5120 0 ) 
4 297 299 (-6144 -6144 0 ) (-6144 -6144 5248 ) (-7168 -6144 5248 ) (-7168 -6144 0 ) 
4 298 311 (-5120 -7168 0 ) (-5120 -7168 5248 ) (-6144 -7168 5248 ) (-6144 -7168 0 ) 
4 298 299 (-6144 -6144 5248 ) (-6144 -6144 0 ) (-6144 -7168 0 ) (-6144 -7168 5248 ) 
4 299 320 (-7168 -7168 0 ) (-7168 -7168 5248 ) (-7168 -6144 5248 ) (-7168 -6144 0 ) 
4 299 312 (-6144 -7168 0 ) (-6144 -7168 5248 ) (-7168 -7168 5248 ) (-7168 -7168 0 ) 
4 300 302 (-2048 -7168 5248 ) (-2048 -7168 0 ) (-2048 -8192 0 ) (-2048 -8192 5248 ) 
4 300 301 (-1024 -8192 0 ) (-1024 -8192 5248 ) (-2048 -8192 5248 ) (-2048 -8192 0 ) 
4 301 306 (-1024 -9216 0 ) (-1024 -9216 5248 ) (-2048 -9216 5248 ) (-2048 -9216 0 ) 
4 301 304 (-2048 -9216 0 ) (-2048 -9216 5248 ) (-2048 -8192 5248 ) (-2048 -8192 0 ) 
4 302 304 (-2048 -8192 0 ) (-2048 -8192 5248 ) (-3072 -8192 5248 ) (-3072 -8192 0 ) 
4 302 303 (-3072 -7168 5248 ) (-3072 -7168 0 ) (-3072 -8192 0 ) (-3072 -8192 5248 ) 
4 303 309 (-4096 -7168 5248 ) (-4096 -7168 0 ) (-4096 -8192 0 ) (-4096 -8192 5248 ) 
4 303 305 (-3072 -8192 0 ) (-3072 -8192 5248 ) (-4096 -8192 5248 ) (-4096 -8192 0 ) 
4 304 307 (-2048 -9216 0 ) (-2048 -9216 5248 ) (-3072 -9216 5248 ) (-3072 -9216 0 ) 
4 304 305 (-3072 -8192 5248 ) (-3072 -8192 0 ) (-3072 -9216 0 ) (-3072 -9216 5248 ) 
4 305 310 (-4096 -9216 0 ) (-4096 -9216 5248 ) (-4096 -8192 5248 ) (-4096 -8192 0 ) 
4 305 308 (-3072 -9216 0 ) (-3072 -9216 5248 ) (-4096 -9216 5248 ) (-4096 -9216 0 ) 
4 306 307 (-2048 -9216 5248 ) (-2048 -9216 0 ) (-2048 -9728 0 ) (-2048 -9728 5248 ) 
4 307 308 (-3072 -9216 5248 ) (-3072 -9216 0 ) (-3072 -9728 0 ) (-3072 -9728 5248 ) 
4 308 315 (-4096 -9728 0 ) (-4096 -9728 5248 ) (-4096 -9216 5248 ) (-4096 -9216 0 ) 
4 309 311 (-5120 -7168 5248 ) (-5120 -7168 0 ) (-5120 -8192 0 ) (-5120 -8192 5248 ) 
4 309 310 (-4096 -8192 0 ) (-4096 -8192 5248 ) (-5120 -8192 5248 ) (-5120 -8192 0 ) 
4 310 315 (-4096 -9216 0 ) (-4096 -9216 5248 ) (-5120 -9216 5248 ) (-5120 -9216 0 ) 
4 310 313 (-5120 -9216 0 ) (-5120 -9216 5248 ) (-5120 -8192 5248 ) (-5120 -8192 0 ) 
4 311 313 (-5120 -8192 0 ) (-5120 -8192 5248 ) (-6144 -8192 5248 ) (-6144 -8192 0 ) 
4 311 312 (-6144 -7168 5248 ) (-6144 -7168 0 ) (-6144 -8192 0 ) (-6144 -8192 5248 ) 
4 312 321 (-7168 -8192 0 ) (-7168 -8192 5248 ) (-7168 -7168 5248 ) (-7168 -7168 0 ) 
4 312 314 (-6144 -8192 0 ) (-6144 -8192 5248 ) (-7168 -8192 5248 ) (-7168 -8192 0 ) 
4 313 316 (-5120 -9216 0 ) (-5120 -9216 5248 ) (-6144 -9216 5248 ) (-6144 -9216 0 ) 
4 313 314 (-6144 -8192 5248 ) (-6144 -8192 0 ) (-6144 -9216 0 ) (-6144 -9216 5248 ) 
4 314 322 (-7168 -9216 0 ) (-7168 -9216 5248 ) (-7168 -8192 5248 ) (-7168 -8192 0 ) 
4 314 317 (-6144 -9216 0 ) (-6144 -9216 5248 ) (-7168 -9216 5248 ) (-7168 -9216 0 ) 
4 315 316 (-5120 -9216 5248 ) (-5120 -9216 0 ) (-5120 -9728 0 ) (-5120 -9728 5248 ) 
4 316 317 (-6144 -9216 5248 ) (-6144 -9216 0 ) (-6144 -9728 0 ) (-6144 -9728 5248 ) 
4 317 323 (-7168 -9728 0 ) (-7168 -9728 5248 ) (-7168 -9216 5248 ) (-7168 -9216 0 ) 
4 318 319 (-7168 -5120 0 ) (-7168 -5120 5248 ) (-7680 -5120 5248 ) (-7680 -5120 0 ) 
4 319 320 (-7168 -6144 0 ) (-7168 -6144 5248 ) (-7680 -6144 5248 ) (-7680 -6144 0 ) 
4 320 321 (-7168 -7168 0 ) (-7168 -7168 5248 ) (-7680 -7168 5248 ) (-7680 -7168 0 ) 
4 321 322 (-7168 -8192 0 ) (-7168 -8192 5248 ) (-7680 -8192 5248 ) (-7680 -8192 0 ) 
4 322 323 (-7168 -9216 0 ) (-7168 -9216 5248 ) (-7680 -9216 5248 ) (-7680 -9216 0 ) 
